[2026-06-01T08:13:30.812+0000] {processor.py:186} INFO - Started process (PID=37) to work on /opt/airflow/dags/exampledag.py
[2026-06-01T08:13:30.816+0000] {processor.py:914} INFO - Processing file /opt/airflow/dags/exampledag.py for tasks to queue
[2026-06-01T08:13:30.823+0000] {logging_mixin.py:190} INFO - [2026-06-01T08:13:30.822+0000] {dagbag.py:588} INFO - Filling up the DagBag from /opt/airflow/dags/exampledag.py
[2026-06-01T08:13:30.876+0000] {logging_mixin.py:190} INFO - [2026-06-01T08:13:30.863+0000] {dagbag.py:387} ERROR - Failed to import: /opt/airflow/dags/exampledag.py
Traceback (most recent call last):
  File "/home/airflow/.local/lib/python3.12/site-packages/airflow/models/dagbag.py", line 383, in parse
    loader.exec_module(new_module)
  File "<frozen importlib._bootstrap_external>", line 999, in exec_module
  File "<frozen importlib._bootstrap>", line 488, in _call_with_frames_removed
  File "/opt/airflow/dags/exampledag.py", line 23, in <module>
    from airflow.sdk import Asset, dag, task
ModuleNotFoundError: No module named 'airflow.sdk'
[2026-06-01T08:13:30.879+0000] {processor.py:927} WARNING - No viable dags retrieved from /opt/airflow/dags/exampledag.py
[2026-06-01T08:13:30.920+0000] {processor.py:208} INFO - Processing /opt/airflow/dags/exampledag.py took 0.119 seconds
[2026-06-01T08:14:01.242+0000] {processor.py:186} INFO - Started process (PID=39) to work on /opt/airflow/dags/exampledag.py
[2026-06-01T08:14:01.243+0000] {processor.py:914} INFO - Processing file /opt/airflow/dags/exampledag.py for tasks to queue
[2026-06-01T08:14:01.253+0000] {logging_mixin.py:190} INFO - [2026-06-01T08:14:01.248+0000] {dagbag.py:588} INFO - Filling up the DagBag from /opt/airflow/dags/exampledag.py
[2026-06-01T08:14:01.272+0000] {logging_mixin.py:190} INFO - [2026-06-01T08:14:01.268+0000] {dagbag.py:387} ERROR - Failed to import: /opt/airflow/dags/exampledag.py
Traceback (most recent call last):
  File "/home/airflow/.local/lib/python3.12/site-packages/airflow/models/dagbag.py", line 383, in parse
    loader.exec_module(new_module)
  File "<frozen importlib._bootstrap_external>", line 999, in exec_module
  File "<frozen importlib._bootstrap>", line 488, in _call_with_frames_removed
  File "/opt/airflow/dags/exampledag.py", line 23, in <module>
    from airflow.sdk import Asset, dag, task
ModuleNotFoundError: No module named 'airflow.sdk'
[2026-06-01T08:14:01.274+0000] {processor.py:927} WARNING - No viable dags retrieved from /opt/airflow/dags/exampledag.py
[2026-06-01T08:14:01.316+0000] {processor.py:208} INFO - Processing /opt/airflow/dags/exampledag.py took 0.087 seconds
[2026-06-01T08:14:31.532+0000] {processor.py:186} INFO - Started process (PID=41) to work on /opt/airflow/dags/exampledag.py
[2026-06-01T08:14:31.535+0000] {processor.py:914} INFO - Processing file /opt/airflow/dags/exampledag.py for tasks to queue
[2026-06-01T08:14:31.541+0000] {logging_mixin.py:190} INFO - [2026-06-01T08:14:31.541+0000] {dagbag.py:588} INFO - Filling up the DagBag from /opt/airflow/dags/exampledag.py
[2026-06-01T08:14:31.629+0000] {logging_mixin.py:190} INFO - [2026-06-01T08:14:31.615+0000] {dagbag.py:387} ERROR - Failed to import: /opt/airflow/dags/exampledag.py
Traceback (most recent call last):
  File "/home/airflow/.local/lib/python3.12/site-packages/airflow/models/dagbag.py", line 383, in parse
    loader.exec_module(new_module)
  File "<frozen importlib._bootstrap_external>", line 999, in exec_module
  File "<frozen importlib._bootstrap>", line 488, in _call_with_frames_removed
  File "/opt/airflow/dags/exampledag.py", line 23, in <module>
    from airflow.sdk import Asset, dag, task
ModuleNotFoundError: No module named 'airflow.sdk'
[2026-06-01T08:14:31.637+0000] {processor.py:927} WARNING - No viable dags retrieved from /opt/airflow/dags/exampledag.py
[2026-06-01T08:14:31.718+0000] {processor.py:208} INFO - Processing /opt/airflow/dags/exampledag.py took 0.194 seconds
[2026-06-01T08:15:01.877+0000] {processor.py:186} INFO - Started process (PID=43) to work on /opt/airflow/dags/exampledag.py
[2026-06-01T08:15:01.879+0000] {processor.py:914} INFO - Processing file /opt/airflow/dags/exampledag.py for tasks to queue
[2026-06-01T08:15:01.882+0000] {logging_mixin.py:190} INFO - [2026-06-01T08:15:01.882+0000] {dagbag.py:588} INFO - Filling up the DagBag from /opt/airflow/dags/exampledag.py
[2026-06-01T08:15:01.899+0000] {logging_mixin.py:190} INFO - [2026-06-01T08:15:01.895+0000] {dagbag.py:387} ERROR - Failed to import: /opt/airflow/dags/exampledag.py
Traceback (most recent call last):
  File "/home/airflow/.local/lib/python3.12/site-packages/airflow/models/dagbag.py", line 383, in parse
    loader.exec_module(new_module)
  File "<frozen importlib._bootstrap_external>", line 999, in exec_module
  File "<frozen importlib._bootstrap>", line 488, in _call_with_frames_removed
  File "/opt/airflow/dags/exampledag.py", line 23, in <module>
    from airflow.sdk import Asset, dag, task
ModuleNotFoundError: No module named 'airflow.sdk'
[2026-06-01T08:15:01.901+0000] {processor.py:927} WARNING - No viable dags retrieved from /opt/airflow/dags/exampledag.py
[2026-06-01T08:15:01.929+0000] {processor.py:208} INFO - Processing /opt/airflow/dags/exampledag.py took 0.060 seconds
[2026-06-01T08:15:32.190+0000] {processor.py:186} INFO - Started process (PID=45) to work on /opt/airflow/dags/exampledag.py
[2026-06-01T08:15:32.190+0000] {processor.py:914} INFO - Processing file /opt/airflow/dags/exampledag.py for tasks to queue
[2026-06-01T08:15:32.193+0000] {logging_mixin.py:190} INFO - [2026-06-01T08:15:32.192+0000] {dagbag.py:588} INFO - Filling up the DagBag from /opt/airflow/dags/exampledag.py
[2026-06-01T08:15:32.204+0000] {logging_mixin.py:190} INFO - [2026-06-01T08:15:32.201+0000] {dagbag.py:387} ERROR - Failed to import: /opt/airflow/dags/exampledag.py
Traceback (most recent call last):
  File "/home/airflow/.local/lib/python3.12/site-packages/airflow/models/dagbag.py", line 383, in parse
    loader.exec_module(new_module)
  File "<frozen importlib._bootstrap_external>", line 999, in exec_module
  File "<frozen importlib._bootstrap>", line 488, in _call_with_frames_removed
  File "/opt/airflow/dags/exampledag.py", line 23, in <module>
    from airflow.sdk import Asset, dag, task
ModuleNotFoundError: No module named 'airflow.sdk'
[2026-06-01T08:15:32.205+0000] {processor.py:927} WARNING - No viable dags retrieved from /opt/airflow/dags/exampledag.py
[2026-06-01T08:15:32.228+0000] {processor.py:208} INFO - Processing /opt/airflow/dags/exampledag.py took 0.043 seconds
[2026-06-01T08:16:02.501+0000] {processor.py:186} INFO - Started process (PID=47) to work on /opt/airflow/dags/exampledag.py
[2026-06-01T08:16:02.501+0000] {processor.py:914} INFO - Processing file /opt/airflow/dags/exampledag.py for tasks to queue
[2026-06-01T08:16:02.504+0000] {logging_mixin.py:190} INFO - [2026-06-01T08:16:02.503+0000] {dagbag.py:588} INFO - Filling up the DagBag from /opt/airflow/dags/exampledag.py
[2026-06-01T08:16:02.517+0000] {logging_mixin.py:190} INFO - [2026-06-01T08:16:02.513+0000] {dagbag.py:387} ERROR - Failed to import: /opt/airflow/dags/exampledag.py
Traceback (most recent call last):
  File "/home/airflow/.local/lib/python3.12/site-packages/airflow/models/dagbag.py", line 383, in parse
    loader.exec_module(new_module)
  File "<frozen importlib._bootstrap_external>", line 999, in exec_module
  File "<frozen importlib._bootstrap>", line 488, in _call_with_frames_removed
  File "/opt/airflow/dags/exampledag.py", line 23, in <module>
    from airflow.sdk import Asset, dag, task
ModuleNotFoundError: No module named 'airflow.sdk'
[2026-06-01T08:16:02.519+0000] {processor.py:927} WARNING - No viable dags retrieved from /opt/airflow/dags/exampledag.py
[2026-06-01T08:16:02.549+0000] {processor.py:208} INFO - Processing /opt/airflow/dags/exampledag.py took 0.055 seconds
[2026-06-01T08:16:32.841+0000] {processor.py:186} INFO - Started process (PID=49) to work on /opt/airflow/dags/exampledag.py
[2026-06-01T08:16:32.842+0000] {processor.py:914} INFO - Processing file /opt/airflow/dags/exampledag.py for tasks to queue
[2026-06-01T08:16:32.844+0000] {logging_mixin.py:190} INFO - [2026-06-01T08:16:32.844+0000] {dagbag.py:588} INFO - Filling up the DagBag from /opt/airflow/dags/exampledag.py
[2026-06-01T08:16:32.884+0000] {logging_mixin.py:190} INFO - [2026-06-01T08:16:32.880+0000] {dagbag.py:387} ERROR - Failed to import: /opt/airflow/dags/exampledag.py
Traceback (most recent call last):
  File "/home/airflow/.local/lib/python3.12/site-packages/airflow/models/dagbag.py", line 383, in parse
    loader.exec_module(new_module)
  File "<frozen importlib._bootstrap_external>", line 999, in exec_module
  File "<frozen importlib._bootstrap>", line 488, in _call_with_frames_removed
  File "/opt/airflow/dags/exampledag.py", line 23, in <module>
    from airflow.sdk import Asset, dag, task
ModuleNotFoundError: No module named 'airflow.sdk'
[2026-06-01T08:16:32.885+0000] {processor.py:927} WARNING - No viable dags retrieved from /opt/airflow/dags/exampledag.py
[2026-06-01T08:16:32.910+0000] {processor.py:208} INFO - Processing /opt/airflow/dags/exampledag.py took 0.076 seconds
[2026-06-01T08:17:03.178+0000] {processor.py:186} INFO - Started process (PID=51) to work on /opt/airflow/dags/exampledag.py
[2026-06-01T08:17:03.179+0000] {processor.py:914} INFO - Processing file /opt/airflow/dags/exampledag.py for tasks to queue
[2026-06-01T08:17:03.183+0000] {logging_mixin.py:190} INFO - [2026-06-01T08:17:03.182+0000] {dagbag.py:588} INFO - Filling up the DagBag from /opt/airflow/dags/exampledag.py
[2026-06-01T08:17:03.206+0000] {logging_mixin.py:190} INFO - [2026-06-01T08:17:03.202+0000] {dagbag.py:387} ERROR - Failed to import: /opt/airflow/dags/exampledag.py
Traceback (most recent call last):
  File "/home/airflow/.local/lib/python3.12/site-packages/airflow/models/dagbag.py", line 383, in parse
    loader.exec_module(new_module)
  File "<frozen importlib._bootstrap_external>", line 999, in exec_module
  File "<frozen importlib._bootstrap>", line 488, in _call_with_frames_removed
  File "/opt/airflow/dags/exampledag.py", line 23, in <module>
    from airflow.sdk import Asset, dag, task
ModuleNotFoundError: No module named 'airflow.sdk'
[2026-06-01T08:17:03.208+0000] {processor.py:927} WARNING - No viable dags retrieved from /opt/airflow/dags/exampledag.py
[2026-06-01T08:17:03.302+0000] {processor.py:208} INFO - Processing /opt/airflow/dags/exampledag.py took 0.131 seconds
[2026-06-01T08:17:33.585+0000] {processor.py:186} INFO - Started process (PID=53) to work on /opt/airflow/dags/exampledag.py
[2026-06-01T08:17:33.586+0000] {processor.py:914} INFO - Processing file /opt/airflow/dags/exampledag.py for tasks to queue
[2026-06-01T08:17:33.593+0000] {logging_mixin.py:190} INFO - [2026-06-01T08:17:33.593+0000] {dagbag.py:588} INFO - Filling up the DagBag from /opt/airflow/dags/exampledag.py
[2026-06-01T08:17:33.622+0000] {logging_mixin.py:190} INFO - [2026-06-01T08:17:33.617+0000] {dagbag.py:387} ERROR - Failed to import: /opt/airflow/dags/exampledag.py
Traceback (most recent call last):
  File "/home/airflow/.local/lib/python3.12/site-packages/airflow/models/dagbag.py", line 383, in parse
    loader.exec_module(new_module)
  File "<frozen importlib._bootstrap_external>", line 999, in exec_module
  File "<frozen importlib._bootstrap>", line 488, in _call_with_frames_removed
  File "/opt/airflow/dags/exampledag.py", line 23, in <module>
    from airflow.sdk import Asset, dag, task
ModuleNotFoundError: No module named 'airflow.sdk'
[2026-06-01T08:17:33.623+0000] {processor.py:927} WARNING - No viable dags retrieved from /opt/airflow/dags/exampledag.py
[2026-06-01T08:17:33.659+0000] {processor.py:208} INFO - Processing /opt/airflow/dags/exampledag.py took 0.081 seconds
[2026-06-01T08:18:03.961+0000] {processor.py:186} INFO - Started process (PID=55) to work on /opt/airflow/dags/exampledag.py
[2026-06-01T08:18:03.962+0000] {processor.py:914} INFO - Processing file /opt/airflow/dags/exampledag.py for tasks to queue
[2026-06-01T08:18:03.966+0000] {logging_mixin.py:190} INFO - [2026-06-01T08:18:03.965+0000] {dagbag.py:588} INFO - Filling up the DagBag from /opt/airflow/dags/exampledag.py
[2026-06-01T08:18:03.985+0000] {logging_mixin.py:190} INFO - [2026-06-01T08:18:03.980+0000] {dagbag.py:387} ERROR - Failed to import: /opt/airflow/dags/exampledag.py
Traceback (most recent call last):
  File "/home/airflow/.local/lib/python3.12/site-packages/airflow/models/dagbag.py", line 383, in parse
    loader.exec_module(new_module)
  File "<frozen importlib._bootstrap_external>", line 999, in exec_module
  File "<frozen importlib._bootstrap>", line 488, in _call_with_frames_removed
  File "/opt/airflow/dags/exampledag.py", line 23, in <module>
    from airflow.sdk import Asset, dag, task
ModuleNotFoundError: No module named 'airflow.sdk'
[2026-06-01T08:18:03.987+0000] {processor.py:927} WARNING - No viable dags retrieved from /opt/airflow/dags/exampledag.py
[2026-06-01T08:18:04.056+0000] {processor.py:208} INFO - Processing /opt/airflow/dags/exampledag.py took 0.106 seconds
[2026-06-01T08:18:34.394+0000] {processor.py:186} INFO - Started process (PID=57) to work on /opt/airflow/dags/exampledag.py
[2026-06-01T08:18:34.395+0000] {processor.py:914} INFO - Processing file /opt/airflow/dags/exampledag.py for tasks to queue
[2026-06-01T08:18:34.398+0000] {logging_mixin.py:190} INFO - [2026-06-01T08:18:34.397+0000] {dagbag.py:588} INFO - Filling up the DagBag from /opt/airflow/dags/exampledag.py
[2026-06-01T08:18:34.410+0000] {logging_mixin.py:190} INFO - [2026-06-01T08:18:34.407+0000] {dagbag.py:387} ERROR - Failed to import: /opt/airflow/dags/exampledag.py
Traceback (most recent call last):
  File "/home/airflow/.local/lib/python3.12/site-packages/airflow/models/dagbag.py", line 383, in parse
    loader.exec_module(new_module)
  File "<frozen importlib._bootstrap_external>", line 999, in exec_module
  File "<frozen importlib._bootstrap>", line 488, in _call_with_frames_removed
  File "/opt/airflow/dags/exampledag.py", line 23, in <module>
    from airflow.sdk import Asset, dag, task
ModuleNotFoundError: No module named 'airflow.sdk'
[2026-06-01T08:18:34.412+0000] {processor.py:927} WARNING - No viable dags retrieved from /opt/airflow/dags/exampledag.py
[2026-06-01T08:18:34.438+0000] {processor.py:208} INFO - Processing /opt/airflow/dags/exampledag.py took 0.049 seconds
[2026-06-01T08:19:04.733+0000] {processor.py:186} INFO - Started process (PID=59) to work on /opt/airflow/dags/exampledag.py
[2026-06-01T08:19:04.733+0000] {processor.py:914} INFO - Processing file /opt/airflow/dags/exampledag.py for tasks to queue
[2026-06-01T08:19:04.738+0000] {logging_mixin.py:190} INFO - [2026-06-01T08:19:04.737+0000] {dagbag.py:588} INFO - Filling up the DagBag from /opt/airflow/dags/exampledag.py
[2026-06-01T08:19:04.778+0000] {logging_mixin.py:190} INFO - [2026-06-01T08:19:04.766+0000] {dagbag.py:387} ERROR - Failed to import: /opt/airflow/dags/exampledag.py
Traceback (most recent call last):
  File "/home/airflow/.local/lib/python3.12/site-packages/airflow/models/dagbag.py", line 383, in parse
    loader.exec_module(new_module)
  File "<frozen importlib._bootstrap_external>", line 999, in exec_module
  File "<frozen importlib._bootstrap>", line 488, in _call_with_frames_removed
  File "/opt/airflow/dags/exampledag.py", line 23, in <module>
    from airflow.sdk import Asset, dag, task
ModuleNotFoundError: No module named 'airflow.sdk'
[2026-06-01T08:19:04.786+0000] {processor.py:927} WARNING - No viable dags retrieved from /opt/airflow/dags/exampledag.py
[2026-06-01T08:19:04.841+0000] {processor.py:208} INFO - Processing /opt/airflow/dags/exampledag.py took 0.123 seconds
[2026-06-01T08:19:35.169+0000] {processor.py:186} INFO - Started process (PID=61) to work on /opt/airflow/dags/exampledag.py
[2026-06-01T08:19:35.170+0000] {processor.py:914} INFO - Processing file /opt/airflow/dags/exampledag.py for tasks to queue
[2026-06-01T08:19:35.172+0000] {logging_mixin.py:190} INFO - [2026-06-01T08:19:35.172+0000] {dagbag.py:588} INFO - Filling up the DagBag from /opt/airflow/dags/exampledag.py
[2026-06-01T08:19:35.189+0000] {logging_mixin.py:190} INFO - [2026-06-01T08:19:35.185+0000] {dagbag.py:387} ERROR - Failed to import: /opt/airflow/dags/exampledag.py
Traceback (most recent call last):
  File "/home/airflow/.local/lib/python3.12/site-packages/airflow/models/dagbag.py", line 383, in parse
    loader.exec_module(new_module)
  File "<frozen importlib._bootstrap_external>", line 999, in exec_module
  File "<frozen importlib._bootstrap>", line 488, in _call_with_frames_removed
  File "/opt/airflow/dags/exampledag.py", line 23, in <module>
    from airflow.sdk import Asset, dag, task
ModuleNotFoundError: No module named 'airflow.sdk'
[2026-06-01T08:19:35.191+0000] {processor.py:927} WARNING - No viable dags retrieved from /opt/airflow/dags/exampledag.py
[2026-06-01T08:19:35.264+0000] {processor.py:208} INFO - Processing /opt/airflow/dags/exampledag.py took 0.108 seconds
[2026-06-01T08:20:05.623+0000] {processor.py:186} INFO - Started process (PID=63) to work on /opt/airflow/dags/exampledag.py
[2026-06-01T08:20:05.624+0000] {processor.py:914} INFO - Processing file /opt/airflow/dags/exampledag.py for tasks to queue
[2026-06-01T08:20:05.626+0000] {logging_mixin.py:190} INFO - [2026-06-01T08:20:05.626+0000] {dagbag.py:588} INFO - Filling up the DagBag from /opt/airflow/dags/exampledag.py
[2026-06-01T08:20:05.639+0000] {logging_mixin.py:190} INFO - [2026-06-01T08:20:05.635+0000] {dagbag.py:387} ERROR - Failed to import: /opt/airflow/dags/exampledag.py
Traceback (most recent call last):
  File "/home/airflow/.local/lib/python3.12/site-packages/airflow/models/dagbag.py", line 383, in parse
    loader.exec_module(new_module)
  File "<frozen importlib._bootstrap_external>", line 999, in exec_module
  File "<frozen importlib._bootstrap>", line 488, in _call_with_frames_removed
  File "/opt/airflow/dags/exampledag.py", line 23, in <module>
    from airflow.sdk import Asset, dag, task
ModuleNotFoundError: No module named 'airflow.sdk'
[2026-06-01T08:20:05.640+0000] {processor.py:927} WARNING - No viable dags retrieved from /opt/airflow/dags/exampledag.py
[2026-06-01T08:20:05.702+0000] {processor.py:208} INFO - Processing /opt/airflow/dags/exampledag.py took 0.085 seconds
[2026-06-01T08:20:35.940+0000] {processor.py:186} INFO - Started process (PID=65) to work on /opt/airflow/dags/exampledag.py
[2026-06-01T08:20:35.940+0000] {processor.py:914} INFO - Processing file /opt/airflow/dags/exampledag.py for tasks to queue
[2026-06-01T08:20:35.943+0000] {logging_mixin.py:190} INFO - [2026-06-01T08:20:35.942+0000] {dagbag.py:588} INFO - Filling up the DagBag from /opt/airflow/dags/exampledag.py
[2026-06-01T08:20:35.958+0000] {logging_mixin.py:190} INFO - [2026-06-01T08:20:35.955+0000] {dagbag.py:387} ERROR - Failed to import: /opt/airflow/dags/exampledag.py
Traceback (most recent call last):
  File "/home/airflow/.local/lib/python3.12/site-packages/airflow/models/dagbag.py", line 383, in parse
    loader.exec_module(new_module)
  File "<frozen importlib._bootstrap_external>", line 999, in exec_module
  File "<frozen importlib._bootstrap>", line 488, in _call_with_frames_removed
  File "/opt/airflow/dags/exampledag.py", line 23, in <module>
    from airflow.sdk import Asset, dag, task
ModuleNotFoundError: No module named 'airflow.sdk'
[2026-06-01T08:20:35.960+0000] {processor.py:927} WARNING - No viable dags retrieved from /opt/airflow/dags/exampledag.py
[2026-06-01T08:20:36.018+0000] {processor.py:208} INFO - Processing /opt/airflow/dags/exampledag.py took 0.086 seconds
[2026-06-01T08:21:06.406+0000] {processor.py:186} INFO - Started process (PID=67) to work on /opt/airflow/dags/exampledag.py
[2026-06-01T08:21:06.407+0000] {processor.py:914} INFO - Processing file /opt/airflow/dags/exampledag.py for tasks to queue
[2026-06-01T08:21:06.410+0000] {logging_mixin.py:190} INFO - [2026-06-01T08:21:06.409+0000] {dagbag.py:588} INFO - Filling up the DagBag from /opt/airflow/dags/exampledag.py
[2026-06-01T08:21:06.464+0000] {logging_mixin.py:190} INFO - [2026-06-01T08:21:06.458+0000] {dagbag.py:387} ERROR - Failed to import: /opt/airflow/dags/exampledag.py
Traceback (most recent call last):
  File "/home/airflow/.local/lib/python3.12/site-packages/airflow/models/dagbag.py", line 383, in parse
    loader.exec_module(new_module)
  File "<frozen importlib._bootstrap_external>", line 999, in exec_module
  File "<frozen importlib._bootstrap>", line 488, in _call_with_frames_removed
  File "/opt/airflow/dags/exampledag.py", line 23, in <module>
    from airflow.sdk import Asset, dag, task
ModuleNotFoundError: No module named 'airflow.sdk'
[2026-06-01T08:21:06.467+0000] {processor.py:927} WARNING - No viable dags retrieved from /opt/airflow/dags/exampledag.py
[2026-06-01T08:21:06.516+0000] {processor.py:208} INFO - Processing /opt/airflow/dags/exampledag.py took 0.130 seconds
[2026-06-01T08:21:36.706+0000] {processor.py:186} INFO - Started process (PID=69) to work on /opt/airflow/dags/exampledag.py
[2026-06-01T08:21:36.707+0000] {processor.py:914} INFO - Processing file /opt/airflow/dags/exampledag.py for tasks to queue
[2026-06-01T08:21:36.709+0000] {logging_mixin.py:190} INFO - [2026-06-01T08:21:36.709+0000] {dagbag.py:588} INFO - Filling up the DagBag from /opt/airflow/dags/exampledag.py
[2026-06-01T08:21:36.722+0000] {logging_mixin.py:190} INFO - [2026-06-01T08:21:36.718+0000] {dagbag.py:387} ERROR - Failed to import: /opt/airflow/dags/exampledag.py
Traceback (most recent call last):
  File "/home/airflow/.local/lib/python3.12/site-packages/airflow/models/dagbag.py", line 383, in parse
    loader.exec_module(new_module)
  File "<frozen importlib._bootstrap_external>", line 999, in exec_module
  File "<frozen importlib._bootstrap>", line 488, in _call_with_frames_removed
  File "/opt/airflow/dags/exampledag.py", line 23, in <module>
    from airflow.sdk import Asset, dag, task
ModuleNotFoundError: No module named 'airflow.sdk'
[2026-06-01T08:21:36.723+0000] {processor.py:927} WARNING - No viable dags retrieved from /opt/airflow/dags/exampledag.py
[2026-06-01T08:21:36.751+0000] {processor.py:208} INFO - Processing /opt/airflow/dags/exampledag.py took 0.053 seconds
[2026-06-01T08:22:07.036+0000] {processor.py:186} INFO - Started process (PID=71) to work on /opt/airflow/dags/exampledag.py
[2026-06-01T08:22:07.037+0000] {processor.py:914} INFO - Processing file /opt/airflow/dags/exampledag.py for tasks to queue
[2026-06-01T08:22:07.040+0000] {logging_mixin.py:190} INFO - [2026-06-01T08:22:07.040+0000] {dagbag.py:588} INFO - Filling up the DagBag from /opt/airflow/dags/exampledag.py
[2026-06-01T08:22:07.057+0000] {logging_mixin.py:190} INFO - [2026-06-01T08:22:07.053+0000] {dagbag.py:387} ERROR - Failed to import: /opt/airflow/dags/exampledag.py
Traceback (most recent call last):
  File "/home/airflow/.local/lib/python3.12/site-packages/airflow/models/dagbag.py", line 383, in parse
    loader.exec_module(new_module)
  File "<frozen importlib._bootstrap_external>", line 999, in exec_module
  File "<frozen importlib._bootstrap>", line 488, in _call_with_frames_removed
  File "/opt/airflow/dags/exampledag.py", line 23, in <module>
    from airflow.sdk import Asset, dag, task
ModuleNotFoundError: No module named 'airflow.sdk'
[2026-06-01T08:22:07.058+0000] {processor.py:927} WARNING - No viable dags retrieved from /opt/airflow/dags/exampledag.py
[2026-06-01T08:22:07.119+0000] {processor.py:208} INFO - Processing /opt/airflow/dags/exampledag.py took 0.090 seconds
[2026-06-01T08:22:37.439+0000] {processor.py:186} INFO - Started process (PID=73) to work on /opt/airflow/dags/exampledag.py
[2026-06-01T08:22:37.440+0000] {processor.py:914} INFO - Processing file /opt/airflow/dags/exampledag.py for tasks to queue
[2026-06-01T08:22:37.444+0000] {logging_mixin.py:190} INFO - [2026-06-01T08:22:37.443+0000] {dagbag.py:588} INFO - Filling up the DagBag from /opt/airflow/dags/exampledag.py
[2026-06-01T08:22:37.465+0000] {logging_mixin.py:190} INFO - [2026-06-01T08:22:37.461+0000] {dagbag.py:387} ERROR - Failed to import: /opt/airflow/dags/exampledag.py
Traceback (most recent call last):
  File "/home/airflow/.local/lib/python3.12/site-packages/airflow/models/dagbag.py", line 383, in parse
    loader.exec_module(new_module)
  File "<frozen importlib._bootstrap_external>", line 999, in exec_module
  File "<frozen importlib._bootstrap>", line 488, in _call_with_frames_removed
  File "/opt/airflow/dags/exampledag.py", line 23, in <module>
    from airflow.sdk import Asset, dag, task
ModuleNotFoundError: No module named 'airflow.sdk'
[2026-06-01T08:22:37.466+0000] {processor.py:927} WARNING - No viable dags retrieved from /opt/airflow/dags/exampledag.py
[2026-06-01T08:22:37.495+0000] {processor.py:208} INFO - Processing /opt/airflow/dags/exampledag.py took 0.062 seconds
[2026-06-01T08:23:07.769+0000] {processor.py:186} INFO - Started process (PID=75) to work on /opt/airflow/dags/exampledag.py
[2026-06-01T08:23:07.770+0000] {processor.py:914} INFO - Processing file /opt/airflow/dags/exampledag.py for tasks to queue
[2026-06-01T08:23:07.774+0000] {logging_mixin.py:190} INFO - [2026-06-01T08:23:07.773+0000] {dagbag.py:588} INFO - Filling up the DagBag from /opt/airflow/dags/exampledag.py
[2026-06-01T08:23:07.790+0000] {logging_mixin.py:190} INFO - [2026-06-01T08:23:07.787+0000] {dagbag.py:387} ERROR - Failed to import: /opt/airflow/dags/exampledag.py
Traceback (most recent call last):
  File "/home/airflow/.local/lib/python3.12/site-packages/airflow/models/dagbag.py", line 383, in parse
    loader.exec_module(new_module)
  File "<frozen importlib._bootstrap_external>", line 999, in exec_module
  File "<frozen importlib._bootstrap>", line 488, in _call_with_frames_removed
  File "/opt/airflow/dags/exampledag.py", line 23, in <module>
    from airflow.sdk import Asset, dag, task
ModuleNotFoundError: No module named 'airflow.sdk'
[2026-06-01T08:23:07.792+0000] {processor.py:927} WARNING - No viable dags retrieved from /opt/airflow/dags/exampledag.py
[2026-06-01T08:23:07.863+0000] {processor.py:208} INFO - Processing /opt/airflow/dags/exampledag.py took 0.105 seconds
[2026-06-01T08:23:38.236+0000] {processor.py:186} INFO - Started process (PID=77) to work on /opt/airflow/dags/exampledag.py
[2026-06-01T08:23:38.237+0000] {processor.py:914} INFO - Processing file /opt/airflow/dags/exampledag.py for tasks to queue
[2026-06-01T08:23:38.239+0000] {logging_mixin.py:190} INFO - [2026-06-01T08:23:38.239+0000] {dagbag.py:588} INFO - Filling up the DagBag from /opt/airflow/dags/exampledag.py
[2026-06-01T08:23:38.252+0000] {logging_mixin.py:190} INFO - [2026-06-01T08:23:38.248+0000] {dagbag.py:387} ERROR - Failed to import: /opt/airflow/dags/exampledag.py
Traceback (most recent call last):
  File "/home/airflow/.local/lib/python3.12/site-packages/airflow/models/dagbag.py", line 383, in parse
    loader.exec_module(new_module)
  File "<frozen importlib._bootstrap_external>", line 999, in exec_module
  File "<frozen importlib._bootstrap>", line 488, in _call_with_frames_removed
  File "/opt/airflow/dags/exampledag.py", line 23, in <module>
    from airflow.sdk import Asset, dag, task
ModuleNotFoundError: No module named 'airflow.sdk'
[2026-06-01T08:23:38.253+0000] {processor.py:927} WARNING - No viable dags retrieved from /opt/airflow/dags/exampledag.py
[2026-06-01T08:23:38.316+0000] {processor.py:208} INFO - Processing /opt/airflow/dags/exampledag.py took 0.086 seconds
[2026-06-01T08:24:08.567+0000] {processor.py:186} INFO - Started process (PID=79) to work on /opt/airflow/dags/exampledag.py
[2026-06-01T08:24:08.569+0000] {processor.py:914} INFO - Processing file /opt/airflow/dags/exampledag.py for tasks to queue
[2026-06-01T08:24:08.571+0000] {logging_mixin.py:190} INFO - [2026-06-01T08:24:08.571+0000] {dagbag.py:588} INFO - Filling up the DagBag from /opt/airflow/dags/exampledag.py
[2026-06-01T08:24:08.589+0000] {logging_mixin.py:190} INFO - [2026-06-01T08:24:08.584+0000] {dagbag.py:387} ERROR - Failed to import: /opt/airflow/dags/exampledag.py
Traceback (most recent call last):
  File "/home/airflow/.local/lib/python3.12/site-packages/airflow/models/dagbag.py", line 383, in parse
    loader.exec_module(new_module)
  File "<frozen importlib._bootstrap_external>", line 999, in exec_module
  File "<frozen importlib._bootstrap>", line 488, in _call_with_frames_removed
  File "/opt/airflow/dags/exampledag.py", line 23, in <module>
    from airflow.sdk import Asset, dag, task
ModuleNotFoundError: No module named 'airflow.sdk'
[2026-06-01T08:24:08.591+0000] {processor.py:927} WARNING - No viable dags retrieved from /opt/airflow/dags/exampledag.py
[2026-06-01T08:24:08.618+0000] {processor.py:208} INFO - Processing /opt/airflow/dags/exampledag.py took 0.065 seconds
[2026-06-01T08:24:39.411+0000] {processor.py:186} INFO - Started process (PID=81) to work on /opt/airflow/dags/exampledag.py
[2026-06-01T08:24:39.421+0000] {processor.py:914} INFO - Processing file /opt/airflow/dags/exampledag.py for tasks to queue
[2026-06-01T08:24:39.464+0000] {logging_mixin.py:190} INFO - [2026-06-01T08:24:39.463+0000] {dagbag.py:588} INFO - Filling up the DagBag from /opt/airflow/dags/exampledag.py
[2026-06-01T08:24:39.494+0000] {logging_mixin.py:190} INFO - [2026-06-01T08:24:39.489+0000] {dagbag.py:387} ERROR - Failed to import: /opt/airflow/dags/exampledag.py
Traceback (most recent call last):
  File "/home/airflow/.local/lib/python3.12/site-packages/airflow/models/dagbag.py", line 383, in parse
    loader.exec_module(new_module)
  File "<frozen importlib._bootstrap_external>", line 999, in exec_module
  File "<frozen importlib._bootstrap>", line 488, in _call_with_frames_removed
  File "/opt/airflow/dags/exampledag.py", line 23, in <module>
    from airflow.sdk import Asset, dag, task
ModuleNotFoundError: No module named 'airflow.sdk'
[2026-06-01T08:24:39.496+0000] {processor.py:927} WARNING - No viable dags retrieved from /opt/airflow/dags/exampledag.py
[2026-06-01T08:24:39.538+0000] {processor.py:208} INFO - Processing /opt/airflow/dags/exampledag.py took 0.303 seconds
[2026-06-01T08:25:09.832+0000] {processor.py:186} INFO - Started process (PID=83) to work on /opt/airflow/dags/exampledag.py
[2026-06-01T08:25:09.833+0000] {processor.py:914} INFO - Processing file /opt/airflow/dags/exampledag.py for tasks to queue
[2026-06-01T08:25:09.836+0000] {logging_mixin.py:190} INFO - [2026-06-01T08:25:09.836+0000] {dagbag.py:588} INFO - Filling up the DagBag from /opt/airflow/dags/exampledag.py
[2026-06-01T08:25:09.850+0000] {logging_mixin.py:190} INFO - [2026-06-01T08:25:09.847+0000] {dagbag.py:387} ERROR - Failed to import: /opt/airflow/dags/exampledag.py
Traceback (most recent call last):
  File "/home/airflow/.local/lib/python3.12/site-packages/airflow/models/dagbag.py", line 383, in parse
    loader.exec_module(new_module)
  File "<frozen importlib._bootstrap_external>", line 999, in exec_module
  File "<frozen importlib._bootstrap>", line 488, in _call_with_frames_removed
  File "/opt/airflow/dags/exampledag.py", line 23, in <module>
    from airflow.sdk import Asset, dag, task
ModuleNotFoundError: No module named 'airflow.sdk'
[2026-06-01T08:25:09.851+0000] {processor.py:927} WARNING - No viable dags retrieved from /opt/airflow/dags/exampledag.py
[2026-06-01T08:25:09.916+0000] {processor.py:208} INFO - Processing /opt/airflow/dags/exampledag.py took 0.099 seconds
[2026-06-01T08:25:40.078+0000] {processor.py:186} INFO - Started process (PID=85) to work on /opt/airflow/dags/exampledag.py
[2026-06-01T08:25:40.079+0000] {processor.py:914} INFO - Processing file /opt/airflow/dags/exampledag.py for tasks to queue
[2026-06-01T08:25:40.081+0000] {logging_mixin.py:190} INFO - [2026-06-01T08:25:40.081+0000] {dagbag.py:588} INFO - Filling up the DagBag from /opt/airflow/dags/exampledag.py
[2026-06-01T08:25:40.094+0000] {logging_mixin.py:190} INFO - [2026-06-01T08:25:40.091+0000] {dagbag.py:387} ERROR - Failed to import: /opt/airflow/dags/exampledag.py
Traceback (most recent call last):
  File "/home/airflow/.local/lib/python3.12/site-packages/airflow/models/dagbag.py", line 383, in parse
    loader.exec_module(new_module)
  File "<frozen importlib._bootstrap_external>", line 999, in exec_module
  File "<frozen importlib._bootstrap>", line 488, in _call_with_frames_removed
  File "/opt/airflow/dags/exampledag.py", line 23, in <module>
    from airflow.sdk import Asset, dag, task
ModuleNotFoundError: No module named 'airflow.sdk'
[2026-06-01T08:25:40.095+0000] {processor.py:927} WARNING - No viable dags retrieved from /opt/airflow/dags/exampledag.py
[2026-06-01T08:25:40.120+0000] {processor.py:208} INFO - Processing /opt/airflow/dags/exampledag.py took 0.048 seconds
[2026-06-01T08:26:10.391+0000] {processor.py:186} INFO - Started process (PID=87) to work on /opt/airflow/dags/exampledag.py
[2026-06-01T08:26:10.392+0000] {processor.py:914} INFO - Processing file /opt/airflow/dags/exampledag.py for tasks to queue
[2026-06-01T08:26:10.396+0000] {logging_mixin.py:190} INFO - [2026-06-01T08:26:10.396+0000] {dagbag.py:588} INFO - Filling up the DagBag from /opt/airflow/dags/exampledag.py
[2026-06-01T08:26:10.412+0000] {logging_mixin.py:190} INFO - [2026-06-01T08:26:10.408+0000] {dagbag.py:387} ERROR - Failed to import: /opt/airflow/dags/exampledag.py
Traceback (most recent call last):
  File "/home/airflow/.local/lib/python3.12/site-packages/airflow/models/dagbag.py", line 383, in parse
    loader.exec_module(new_module)
  File "<frozen importlib._bootstrap_external>", line 999, in exec_module
  File "<frozen importlib._bootstrap>", line 488, in _call_with_frames_removed
  File "/opt/airflow/dags/exampledag.py", line 23, in <module>
    from airflow.sdk import Asset, dag, task
ModuleNotFoundError: No module named 'airflow.sdk'
[2026-06-01T08:26:10.414+0000] {processor.py:927} WARNING - No viable dags retrieved from /opt/airflow/dags/exampledag.py
[2026-06-01T08:26:10.478+0000] {processor.py:208} INFO - Processing /opt/airflow/dags/exampledag.py took 0.093 seconds
[2026-06-01T08:26:40.720+0000] {processor.py:186} INFO - Started process (PID=89) to work on /opt/airflow/dags/exampledag.py
[2026-06-01T08:26:40.723+0000] {processor.py:914} INFO - Processing file /opt/airflow/dags/exampledag.py for tasks to queue
[2026-06-01T08:26:40.727+0000] {logging_mixin.py:190} INFO - [2026-06-01T08:26:40.727+0000] {dagbag.py:588} INFO - Filling up the DagBag from /opt/airflow/dags/exampledag.py
[2026-06-01T08:26:40.745+0000] {logging_mixin.py:190} INFO - [2026-06-01T08:26:40.740+0000] {dagbag.py:387} ERROR - Failed to import: /opt/airflow/dags/exampledag.py
Traceback (most recent call last):
  File "/home/airflow/.local/lib/python3.12/site-packages/airflow/models/dagbag.py", line 383, in parse
    loader.exec_module(new_module)
  File "<frozen importlib._bootstrap_external>", line 999, in exec_module
  File "<frozen importlib._bootstrap>", line 488, in _call_with_frames_removed
  File "/opt/airflow/dags/exampledag.py", line 23, in <module>
    from airflow.sdk import Asset, dag, task
ModuleNotFoundError: No module named 'airflow.sdk'
[2026-06-01T08:26:40.747+0000] {processor.py:927} WARNING - No viable dags retrieved from /opt/airflow/dags/exampledag.py
[2026-06-01T08:26:40.792+0000] {processor.py:208} INFO - Processing /opt/airflow/dags/exampledag.py took 0.083 seconds
[2026-06-01T08:27:11.058+0000] {processor.py:186} INFO - Started process (PID=91) to work on /opt/airflow/dags/exampledag.py
[2026-06-01T08:27:11.070+0000] {processor.py:914} INFO - Processing file /opt/airflow/dags/exampledag.py for tasks to queue
[2026-06-01T08:27:11.099+0000] {logging_mixin.py:190} INFO - [2026-06-01T08:27:11.095+0000] {dagbag.py:588} INFO - Filling up the DagBag from /opt/airflow/dags/exampledag.py
[2026-06-01T08:27:11.190+0000] {logging_mixin.py:190} INFO - [2026-06-01T08:27:11.166+0000] {dagbag.py:387} ERROR - Failed to import: /opt/airflow/dags/exampledag.py
Traceback (most recent call last):
  File "/home/airflow/.local/lib/python3.12/site-packages/airflow/models/dagbag.py", line 383, in parse
    loader.exec_module(new_module)
  File "<frozen importlib._bootstrap_external>", line 999, in exec_module
  File "<frozen importlib._bootstrap>", line 488, in _call_with_frames_removed
  File "/opt/airflow/dags/exampledag.py", line 23, in <module>
    from airflow.sdk import Asset, dag, task
ModuleNotFoundError: No module named 'airflow.sdk'
[2026-06-01T08:27:11.203+0000] {processor.py:927} WARNING - No viable dags retrieved from /opt/airflow/dags/exampledag.py
[2026-06-01T08:27:11.319+0000] {processor.py:208} INFO - Processing /opt/airflow/dags/exampledag.py took 0.276 seconds
[2026-06-01T08:27:41.616+0000] {processor.py:186} INFO - Started process (PID=93) to work on /opt/airflow/dags/exampledag.py
[2026-06-01T08:27:41.623+0000] {processor.py:914} INFO - Processing file /opt/airflow/dags/exampledag.py for tasks to queue
[2026-06-01T08:27:41.626+0000] {logging_mixin.py:190} INFO - [2026-06-01T08:27:41.626+0000] {dagbag.py:588} INFO - Filling up the DagBag from /opt/airflow/dags/exampledag.py
[2026-06-01T08:27:41.650+0000] {logging_mixin.py:190} INFO - [2026-06-01T08:27:41.637+0000] {dagbag.py:387} ERROR - Failed to import: /opt/airflow/dags/exampledag.py
Traceback (most recent call last):
  File "/home/airflow/.local/lib/python3.12/site-packages/airflow/models/dagbag.py", line 383, in parse
    loader.exec_module(new_module)
  File "<frozen importlib._bootstrap_external>", line 999, in exec_module
  File "<frozen importlib._bootstrap>", line 488, in _call_with_frames_removed
  File "/opt/airflow/dags/exampledag.py", line 23, in <module>
    from airflow.sdk import Asset, dag, task
ModuleNotFoundError: No module named 'airflow.sdk'
[2026-06-01T08:27:41.651+0000] {processor.py:927} WARNING - No viable dags retrieved from /opt/airflow/dags/exampledag.py
[2026-06-01T08:27:41.709+0000] {processor.py:208} INFO - Processing /opt/airflow/dags/exampledag.py took 0.099 seconds
[2026-06-01T08:28:11.941+0000] {processor.py:186} INFO - Started process (PID=95) to work on /opt/airflow/dags/exampledag.py
[2026-06-01T08:28:11.944+0000] {processor.py:914} INFO - Processing file /opt/airflow/dags/exampledag.py for tasks to queue
[2026-06-01T08:28:11.947+0000] {logging_mixin.py:190} INFO - [2026-06-01T08:28:11.946+0000] {dagbag.py:588} INFO - Filling up the DagBag from /opt/airflow/dags/exampledag.py
[2026-06-01T08:28:11.970+0000] {logging_mixin.py:190} INFO - [2026-06-01T08:28:11.966+0000] {dagbag.py:387} ERROR - Failed to import: /opt/airflow/dags/exampledag.py
Traceback (most recent call last):
  File "/home/airflow/.local/lib/python3.12/site-packages/airflow/models/dagbag.py", line 383, in parse
    loader.exec_module(new_module)
  File "<frozen importlib._bootstrap_external>", line 999, in exec_module
  File "<frozen importlib._bootstrap>", line 488, in _call_with_frames_removed
  File "/opt/airflow/dags/exampledag.py", line 23, in <module>
    from airflow.sdk import Asset, dag, task
ModuleNotFoundError: No module named 'airflow.sdk'
[2026-06-01T08:28:11.971+0000] {processor.py:927} WARNING - No viable dags retrieved from /opt/airflow/dags/exampledag.py
[2026-06-01T08:28:12.047+0000] {processor.py:208} INFO - Processing /opt/airflow/dags/exampledag.py took 0.113 seconds
[2026-06-01T08:28:42.308+0000] {processor.py:186} INFO - Started process (PID=97) to work on /opt/airflow/dags/exampledag.py
[2026-06-01T08:28:42.309+0000] {processor.py:914} INFO - Processing file /opt/airflow/dags/exampledag.py for tasks to queue
[2026-06-01T08:28:42.312+0000] {logging_mixin.py:190} INFO - [2026-06-01T08:28:42.312+0000] {dagbag.py:588} INFO - Filling up the DagBag from /opt/airflow/dags/exampledag.py
[2026-06-01T08:28:42.335+0000] {logging_mixin.py:190} INFO - [2026-06-01T08:28:42.323+0000] {dagbag.py:387} ERROR - Failed to import: /opt/airflow/dags/exampledag.py
Traceback (most recent call last):
  File "/home/airflow/.local/lib/python3.12/site-packages/airflow/models/dagbag.py", line 383, in parse
    loader.exec_module(new_module)
  File "<frozen importlib._bootstrap_external>", line 999, in exec_module
  File "<frozen importlib._bootstrap>", line 488, in _call_with_frames_removed
  File "/opt/airflow/dags/exampledag.py", line 23, in <module>
    from airflow.sdk import Asset, dag, task
ModuleNotFoundError: No module named 'airflow.sdk'
[2026-06-01T08:28:42.337+0000] {processor.py:927} WARNING - No viable dags retrieved from /opt/airflow/dags/exampledag.py
[2026-06-01T08:28:42.366+0000] {processor.py:208} INFO - Processing /opt/airflow/dags/exampledag.py took 0.066 seconds
[2026-06-01T08:29:12.615+0000] {processor.py:186} INFO - Started process (PID=99) to work on /opt/airflow/dags/exampledag.py
[2026-06-01T08:29:12.622+0000] {processor.py:914} INFO - Processing file /opt/airflow/dags/exampledag.py for tasks to queue
[2026-06-01T08:29:12.626+0000] {logging_mixin.py:190} INFO - [2026-06-01T08:29:12.625+0000] {dagbag.py:588} INFO - Filling up the DagBag from /opt/airflow/dags/exampledag.py
[2026-06-01T08:29:12.645+0000] {logging_mixin.py:190} INFO - [2026-06-01T08:29:12.641+0000] {dagbag.py:387} ERROR - Failed to import: /opt/airflow/dags/exampledag.py
Traceback (most recent call last):
  File "/home/airflow/.local/lib/python3.12/site-packages/airflow/models/dagbag.py", line 383, in parse
    loader.exec_module(new_module)
  File "<frozen importlib._bootstrap_external>", line 999, in exec_module
  File "<frozen importlib._bootstrap>", line 488, in _call_with_frames_removed
  File "/opt/airflow/dags/exampledag.py", line 23, in <module>
    from airflow.sdk import Asset, dag, task
ModuleNotFoundError: No module named 'airflow.sdk'
[2026-06-01T08:29:12.646+0000] {processor.py:927} WARNING - No viable dags retrieved from /opt/airflow/dags/exampledag.py
[2026-06-01T08:29:12.675+0000] {processor.py:208} INFO - Processing /opt/airflow/dags/exampledag.py took 0.067 seconds
[2026-06-01T08:29:42.849+0000] {processor.py:186} INFO - Started process (PID=101) to work on /opt/airflow/dags/exampledag.py
[2026-06-01T08:29:42.850+0000] {processor.py:914} INFO - Processing file /opt/airflow/dags/exampledag.py for tasks to queue
[2026-06-01T08:29:42.854+0000] {logging_mixin.py:190} INFO - [2026-06-01T08:29:42.853+0000] {dagbag.py:588} INFO - Filling up the DagBag from /opt/airflow/dags/exampledag.py
[2026-06-01T08:29:42.868+0000] {logging_mixin.py:190} INFO - [2026-06-01T08:29:42.865+0000] {dagbag.py:387} ERROR - Failed to import: /opt/airflow/dags/exampledag.py
Traceback (most recent call last):
  File "/home/airflow/.local/lib/python3.12/site-packages/airflow/models/dagbag.py", line 383, in parse
    loader.exec_module(new_module)
  File "<frozen importlib._bootstrap_external>", line 999, in exec_module
  File "<frozen importlib._bootstrap>", line 488, in _call_with_frames_removed
  File "/opt/airflow/dags/exampledag.py", line 23, in <module>
    from airflow.sdk import Asset, dag, task
ModuleNotFoundError: No module named 'airflow.sdk'
[2026-06-01T08:29:42.869+0000] {processor.py:927} WARNING - No viable dags retrieved from /opt/airflow/dags/exampledag.py
[2026-06-01T08:29:42.897+0000] {processor.py:208} INFO - Processing /opt/airflow/dags/exampledag.py took 0.055 seconds
[2026-06-01T08:30:13.149+0000] {processor.py:186} INFO - Started process (PID=103) to work on /opt/airflow/dags/exampledag.py
[2026-06-01T08:30:13.150+0000] {processor.py:914} INFO - Processing file /opt/airflow/dags/exampledag.py for tasks to queue
[2026-06-01T08:30:13.156+0000] {logging_mixin.py:190} INFO - [2026-06-01T08:30:13.156+0000] {dagbag.py:588} INFO - Filling up the DagBag from /opt/airflow/dags/exampledag.py
[2026-06-01T08:30:13.216+0000] {logging_mixin.py:190} INFO - [2026-06-01T08:30:13.209+0000] {dagbag.py:387} ERROR - Failed to import: /opt/airflow/dags/exampledag.py
Traceback (most recent call last):
  File "/home/airflow/.local/lib/python3.12/site-packages/airflow/models/dagbag.py", line 383, in parse
    loader.exec_module(new_module)
  File "<frozen importlib._bootstrap_external>", line 999, in exec_module
  File "<frozen importlib._bootstrap>", line 488, in _call_with_frames_removed
  File "/opt/airflow/dags/exampledag.py", line 23, in <module>
    from airflow.sdk import Asset, dag, task
ModuleNotFoundError: No module named 'airflow.sdk'
[2026-06-01T08:30:13.217+0000] {processor.py:927} WARNING - No viable dags retrieved from /opt/airflow/dags/exampledag.py
[2026-06-01T08:30:13.257+0000] {processor.py:208} INFO - Processing /opt/airflow/dags/exampledag.py took 0.115 seconds
[2026-06-01T08:30:43.425+0000] {processor.py:186} INFO - Started process (PID=105) to work on /opt/airflow/dags/exampledag.py
[2026-06-01T08:30:43.425+0000] {processor.py:914} INFO - Processing file /opt/airflow/dags/exampledag.py for tasks to queue
[2026-06-01T08:30:43.428+0000] {logging_mixin.py:190} INFO - [2026-06-01T08:30:43.427+0000] {dagbag.py:588} INFO - Filling up the DagBag from /opt/airflow/dags/exampledag.py
[2026-06-01T08:30:43.445+0000] {logging_mixin.py:190} INFO - [2026-06-01T08:30:43.442+0000] {dagbag.py:387} ERROR - Failed to import: /opt/airflow/dags/exampledag.py
Traceback (most recent call last):
  File "/home/airflow/.local/lib/python3.12/site-packages/airflow/models/dagbag.py", line 383, in parse
    loader.exec_module(new_module)
  File "<frozen importlib._bootstrap_external>", line 999, in exec_module
  File "<frozen importlib._bootstrap>", line 488, in _call_with_frames_removed
  File "/opt/airflow/dags/exampledag.py", line 23, in <module>
    from airflow.sdk import Asset, dag, task
ModuleNotFoundError: No module named 'airflow.sdk'
[2026-06-01T08:30:43.446+0000] {processor.py:927} WARNING - No viable dags retrieved from /opt/airflow/dags/exampledag.py
[2026-06-01T08:30:43.491+0000] {processor.py:208} INFO - Processing /opt/airflow/dags/exampledag.py took 0.074 seconds
[2026-06-01T08:31:13.762+0000] {processor.py:186} INFO - Started process (PID=107) to work on /opt/airflow/dags/exampledag.py
[2026-06-01T08:31:13.763+0000] {processor.py:914} INFO - Processing file /opt/airflow/dags/exampledag.py for tasks to queue
[2026-06-01T08:31:13.766+0000] {logging_mixin.py:190} INFO - [2026-06-01T08:31:13.766+0000] {dagbag.py:588} INFO - Filling up the DagBag from /opt/airflow/dags/exampledag.py
[2026-06-01T08:31:13.782+0000] {logging_mixin.py:190} INFO - [2026-06-01T08:31:13.778+0000] {dagbag.py:387} ERROR - Failed to import: /opt/airflow/dags/exampledag.py
Traceback (most recent call last):
  File "/home/airflow/.local/lib/python3.12/site-packages/airflow/models/dagbag.py", line 383, in parse
    loader.exec_module(new_module)
  File "<frozen importlib._bootstrap_external>", line 999, in exec_module
  File "<frozen importlib._bootstrap>", line 488, in _call_with_frames_removed
  File "/opt/airflow/dags/exampledag.py", line 23, in <module>
    from airflow.sdk import Asset, dag, task
ModuleNotFoundError: No module named 'airflow.sdk'
[2026-06-01T08:31:13.784+0000] {processor.py:927} WARNING - No viable dags retrieved from /opt/airflow/dags/exampledag.py
[2026-06-01T08:31:13.856+0000] {processor.py:208} INFO - Processing /opt/airflow/dags/exampledag.py took 0.101 seconds
[2026-06-01T08:31:44.012+0000] {processor.py:186} INFO - Started process (PID=109) to work on /opt/airflow/dags/exampledag.py
[2026-06-01T08:31:44.014+0000] {processor.py:914} INFO - Processing file /opt/airflow/dags/exampledag.py for tasks to queue
[2026-06-01T08:31:44.026+0000] {logging_mixin.py:190} INFO - [2026-06-01T08:31:44.025+0000] {dagbag.py:588} INFO - Filling up the DagBag from /opt/airflow/dags/exampledag.py
[2026-06-01T08:31:44.047+0000] {logging_mixin.py:190} INFO - [2026-06-01T08:31:44.037+0000] {dagbag.py:387} ERROR - Failed to import: /opt/airflow/dags/exampledag.py
Traceback (most recent call last):
  File "/home/airflow/.local/lib/python3.12/site-packages/airflow/models/dagbag.py", line 383, in parse
    loader.exec_module(new_module)
  File "<frozen importlib._bootstrap_external>", line 999, in exec_module
  File "<frozen importlib._bootstrap>", line 488, in _call_with_frames_removed
  File "/opt/airflow/dags/exampledag.py", line 23, in <module>
    from airflow.sdk import Asset, dag, task
ModuleNotFoundError: No module named 'airflow.sdk'
[2026-06-01T08:31:44.049+0000] {processor.py:927} WARNING - No viable dags retrieved from /opt/airflow/dags/exampledag.py
[2026-06-01T08:31:44.085+0000] {processor.py:208} INFO - Processing /opt/airflow/dags/exampledag.py took 0.081 seconds
[2026-06-01T08:32:14.348+0000] {processor.py:186} INFO - Started process (PID=111) to work on /opt/airflow/dags/exampledag.py
[2026-06-01T08:32:14.349+0000] {processor.py:914} INFO - Processing file /opt/airflow/dags/exampledag.py for tasks to queue
[2026-06-01T08:32:14.352+0000] {logging_mixin.py:190} INFO - [2026-06-01T08:32:14.352+0000] {dagbag.py:588} INFO - Filling up the DagBag from /opt/airflow/dags/exampledag.py
[2026-06-01T08:32:14.416+0000] {logging_mixin.py:190} INFO - [2026-06-01T08:32:14.412+0000] {dagbag.py:387} ERROR - Failed to import: /opt/airflow/dags/exampledag.py
Traceback (most recent call last):
  File "/home/airflow/.local/lib/python3.12/site-packages/airflow/models/dagbag.py", line 383, in parse
    loader.exec_module(new_module)
  File "<frozen importlib._bootstrap_external>", line 999, in exec_module
  File "<frozen importlib._bootstrap>", line 488, in _call_with_frames_removed
  File "/opt/airflow/dags/exampledag.py", line 23, in <module>
    from airflow.sdk import Asset, dag, task
ModuleNotFoundError: No module named 'airflow.sdk'
[2026-06-01T08:32:14.418+0000] {processor.py:927} WARNING - No viable dags retrieved from /opt/airflow/dags/exampledag.py
[2026-06-01T08:32:14.447+0000] {processor.py:208} INFO - Processing /opt/airflow/dags/exampledag.py took 0.108 seconds
[2026-06-01T08:32:44.710+0000] {processor.py:186} INFO - Started process (PID=113) to work on /opt/airflow/dags/exampledag.py
[2026-06-01T08:32:44.719+0000] {processor.py:914} INFO - Processing file /opt/airflow/dags/exampledag.py for tasks to queue
[2026-06-01T08:32:44.721+0000] {logging_mixin.py:190} INFO - [2026-06-01T08:32:44.721+0000] {dagbag.py:588} INFO - Filling up the DagBag from /opt/airflow/dags/exampledag.py
[2026-06-01T08:32:44.736+0000] {logging_mixin.py:190} INFO - [2026-06-01T08:32:44.732+0000] {dagbag.py:387} ERROR - Failed to import: /opt/airflow/dags/exampledag.py
Traceback (most recent call last):
  File "/home/airflow/.local/lib/python3.12/site-packages/airflow/models/dagbag.py", line 383, in parse
    loader.exec_module(new_module)
  File "<frozen importlib._bootstrap_external>", line 999, in exec_module
  File "<frozen importlib._bootstrap>", line 488, in _call_with_frames_removed
  File "/opt/airflow/dags/exampledag.py", line 23, in <module>
    from airflow.sdk import Asset, dag, task
ModuleNotFoundError: No module named 'airflow.sdk'
[2026-06-01T08:32:44.738+0000] {processor.py:927} WARNING - No viable dags retrieved from /opt/airflow/dags/exampledag.py
[2026-06-01T08:32:44.775+0000] {processor.py:208} INFO - Processing /opt/airflow/dags/exampledag.py took 0.071 seconds
[2026-06-01T08:33:15.148+0000] {processor.py:186} INFO - Started process (PID=115) to work on /opt/airflow/dags/exampledag.py
[2026-06-01T08:33:15.161+0000] {processor.py:914} INFO - Processing file /opt/airflow/dags/exampledag.py for tasks to queue
[2026-06-01T08:33:15.163+0000] {logging_mixin.py:190} INFO - [2026-06-01T08:33:15.163+0000] {dagbag.py:588} INFO - Filling up the DagBag from /opt/airflow/dags/exampledag.py
[2026-06-01T08:33:15.189+0000] {logging_mixin.py:190} INFO - [2026-06-01T08:33:15.184+0000] {dagbag.py:387} ERROR - Failed to import: /opt/airflow/dags/exampledag.py
Traceback (most recent call last):
  File "/home/airflow/.local/lib/python3.12/site-packages/airflow/models/dagbag.py", line 383, in parse
    loader.exec_module(new_module)
  File "<frozen importlib._bootstrap_external>", line 999, in exec_module
  File "<frozen importlib._bootstrap>", line 488, in _call_with_frames_removed
  File "/opt/airflow/dags/exampledag.py", line 23, in <module>
    from airflow.sdk import Asset, dag, task
ModuleNotFoundError: No module named 'airflow.sdk'
[2026-06-01T08:33:15.191+0000] {processor.py:927} WARNING - No viable dags retrieved from /opt/airflow/dags/exampledag.py
[2026-06-01T08:33:15.220+0000] {processor.py:208} INFO - Processing /opt/airflow/dags/exampledag.py took 0.080 seconds
[2026-06-01T08:33:45.590+0000] {processor.py:186} INFO - Started process (PID=117) to work on /opt/airflow/dags/exampledag.py
[2026-06-01T08:33:45.591+0000] {processor.py:914} INFO - Processing file /opt/airflow/dags/exampledag.py for tasks to queue
[2026-06-01T08:33:45.594+0000] {logging_mixin.py:190} INFO - [2026-06-01T08:33:45.594+0000] {dagbag.py:588} INFO - Filling up the DagBag from /opt/airflow/dags/exampledag.py
[2026-06-01T08:33:45.615+0000] {logging_mixin.py:190} INFO - [2026-06-01T08:33:45.612+0000] {dagbag.py:387} ERROR - Failed to import: /opt/airflow/dags/exampledag.py
Traceback (most recent call last):
  File "/home/airflow/.local/lib/python3.12/site-packages/airflow/models/dagbag.py", line 383, in parse
    loader.exec_module(new_module)
  File "<frozen importlib._bootstrap_external>", line 999, in exec_module
  File "<frozen importlib._bootstrap>", line 488, in _call_with_frames_removed
  File "/opt/airflow/dags/exampledag.py", line 23, in <module>
    from airflow.sdk import Asset, dag, task
ModuleNotFoundError: No module named 'airflow.sdk'
[2026-06-01T08:33:45.616+0000] {processor.py:927} WARNING - No viable dags retrieved from /opt/airflow/dags/exampledag.py
[2026-06-01T08:33:45.656+0000] {processor.py:208} INFO - Processing /opt/airflow/dags/exampledag.py took 0.073 seconds
[2026-06-01T08:34:15.927+0000] {processor.py:186} INFO - Started process (PID=119) to work on /opt/airflow/dags/exampledag.py
[2026-06-01T08:34:15.927+0000] {processor.py:914} INFO - Processing file /opt/airflow/dags/exampledag.py for tasks to queue
[2026-06-01T08:34:15.934+0000] {logging_mixin.py:190} INFO - [2026-06-01T08:34:15.934+0000] {dagbag.py:588} INFO - Filling up the DagBag from /opt/airflow/dags/exampledag.py
[2026-06-01T08:34:15.970+0000] {logging_mixin.py:190} INFO - [2026-06-01T08:34:15.965+0000] {dagbag.py:387} ERROR - Failed to import: /opt/airflow/dags/exampledag.py
Traceback (most recent call last):
  File "/home/airflow/.local/lib/python3.12/site-packages/airflow/models/dagbag.py", line 383, in parse
    loader.exec_module(new_module)
  File "<frozen importlib._bootstrap_external>", line 999, in exec_module
  File "<frozen importlib._bootstrap>", line 488, in _call_with_frames_removed
  File "/opt/airflow/dags/exampledag.py", line 23, in <module>
    from airflow.sdk import Asset, dag, task
ModuleNotFoundError: No module named 'airflow.sdk'
[2026-06-01T08:34:15.973+0000] {processor.py:927} WARNING - No viable dags retrieved from /opt/airflow/dags/exampledag.py
[2026-06-01T08:34:16.052+0000] {processor.py:208} INFO - Processing /opt/airflow/dags/exampledag.py took 0.134 seconds
[2026-06-01T08:34:46.178+0000] {processor.py:186} INFO - Started process (PID=121) to work on /opt/airflow/dags/exampledag.py
[2026-06-01T08:34:46.179+0000] {processor.py:914} INFO - Processing file /opt/airflow/dags/exampledag.py for tasks to queue
[2026-06-01T08:34:46.181+0000] {logging_mixin.py:190} INFO - [2026-06-01T08:34:46.181+0000] {dagbag.py:588} INFO - Filling up the DagBag from /opt/airflow/dags/exampledag.py
[2026-06-01T08:34:46.192+0000] {logging_mixin.py:190} INFO - [2026-06-01T08:34:46.189+0000] {dagbag.py:387} ERROR - Failed to import: /opt/airflow/dags/exampledag.py
Traceback (most recent call last):
  File "/home/airflow/.local/lib/python3.12/site-packages/airflow/models/dagbag.py", line 383, in parse
    loader.exec_module(new_module)
  File "<frozen importlib._bootstrap_external>", line 999, in exec_module
  File "<frozen importlib._bootstrap>", line 488, in _call_with_frames_removed
  File "/opt/airflow/dags/exampledag.py", line 23, in <module>
    from airflow.sdk import Asset, dag, task
ModuleNotFoundError: No module named 'airflow.sdk'
[2026-06-01T08:34:46.193+0000] {processor.py:927} WARNING - No viable dags retrieved from /opt/airflow/dags/exampledag.py
[2026-06-01T08:34:46.218+0000] {processor.py:208} INFO - Processing /opt/airflow/dags/exampledag.py took 0.046 seconds
[2026-06-01T08:35:16.521+0000] {processor.py:186} INFO - Started process (PID=123) to work on /opt/airflow/dags/exampledag.py
[2026-06-01T08:35:16.525+0000] {processor.py:914} INFO - Processing file /opt/airflow/dags/exampledag.py for tasks to queue
[2026-06-01T08:35:16.529+0000] {logging_mixin.py:190} INFO - [2026-06-01T08:35:16.528+0000] {dagbag.py:588} INFO - Filling up the DagBag from /opt/airflow/dags/exampledag.py
[2026-06-01T08:35:16.563+0000] {logging_mixin.py:190} INFO - [2026-06-01T08:35:16.559+0000] {dagbag.py:387} ERROR - Failed to import: /opt/airflow/dags/exampledag.py
Traceback (most recent call last):
  File "/home/airflow/.local/lib/python3.12/site-packages/airflow/models/dagbag.py", line 383, in parse
    loader.exec_module(new_module)
  File "<frozen importlib._bootstrap_external>", line 999, in exec_module
  File "<frozen importlib._bootstrap>", line 488, in _call_with_frames_removed
  File "/opt/airflow/dags/exampledag.py", line 23, in <module>
    from airflow.sdk import Asset, dag, task
ModuleNotFoundError: No module named 'airflow.sdk'
[2026-06-01T08:35:16.564+0000] {processor.py:927} WARNING - No viable dags retrieved from /opt/airflow/dags/exampledag.py
[2026-06-01T08:35:16.591+0000] {processor.py:208} INFO - Processing /opt/airflow/dags/exampledag.py took 0.079 seconds
[2026-06-01T08:35:46.885+0000] {processor.py:186} INFO - Started process (PID=125) to work on /opt/airflow/dags/exampledag.py
[2026-06-01T08:35:46.886+0000] {processor.py:914} INFO - Processing file /opt/airflow/dags/exampledag.py for tasks to queue
[2026-06-01T08:35:46.888+0000] {logging_mixin.py:190} INFO - [2026-06-01T08:35:46.888+0000] {dagbag.py:588} INFO - Filling up the DagBag from /opt/airflow/dags/exampledag.py
[2026-06-01T08:35:46.903+0000] {logging_mixin.py:190} INFO - [2026-06-01T08:35:46.900+0000] {dagbag.py:387} ERROR - Failed to import: /opt/airflow/dags/exampledag.py
Traceback (most recent call last):
  File "/home/airflow/.local/lib/python3.12/site-packages/airflow/models/dagbag.py", line 383, in parse
    loader.exec_module(new_module)
  File "<frozen importlib._bootstrap_external>", line 999, in exec_module
  File "<frozen importlib._bootstrap>", line 488, in _call_with_frames_removed
  File "/opt/airflow/dags/exampledag.py", line 23, in <module>
    from airflow.sdk import Asset, dag, task
ModuleNotFoundError: No module named 'airflow.sdk'
[2026-06-01T08:35:46.904+0000] {processor.py:927} WARNING - No viable dags retrieved from /opt/airflow/dags/exampledag.py
[2026-06-01T08:35:46.926+0000] {processor.py:208} INFO - Processing /opt/airflow/dags/exampledag.py took 0.048 seconds
[2026-06-01T08:36:17.205+0000] {processor.py:186} INFO - Started process (PID=127) to work on /opt/airflow/dags/exampledag.py
[2026-06-01T08:36:17.207+0000] {processor.py:914} INFO - Processing file /opt/airflow/dags/exampledag.py for tasks to queue
[2026-06-01T08:36:17.211+0000] {logging_mixin.py:190} INFO - [2026-06-01T08:36:17.211+0000] {dagbag.py:588} INFO - Filling up the DagBag from /opt/airflow/dags/exampledag.py
[2026-06-01T08:36:17.227+0000] {logging_mixin.py:190} INFO - [2026-06-01T08:36:17.223+0000] {dagbag.py:387} ERROR - Failed to import: /opt/airflow/dags/exampledag.py
Traceback (most recent call last):
  File "/home/airflow/.local/lib/python3.12/site-packages/airflow/models/dagbag.py", line 383, in parse
    loader.exec_module(new_module)
  File "<frozen importlib._bootstrap_external>", line 999, in exec_module
  File "<frozen importlib._bootstrap>", line 488, in _call_with_frames_removed
  File "/opt/airflow/dags/exampledag.py", line 23, in <module>
    from airflow.sdk import Asset, dag, task
ModuleNotFoundError: No module named 'airflow.sdk'
[2026-06-01T08:36:17.230+0000] {processor.py:927} WARNING - No viable dags retrieved from /opt/airflow/dags/exampledag.py
[2026-06-01T08:36:17.258+0000] {processor.py:208} INFO - Processing /opt/airflow/dags/exampledag.py took 0.061 seconds
[2026-06-01T08:36:47.522+0000] {processor.py:186} INFO - Started process (PID=129) to work on /opt/airflow/dags/exampledag.py
[2026-06-01T08:36:47.526+0000] {processor.py:914} INFO - Processing file /opt/airflow/dags/exampledag.py for tasks to queue
[2026-06-01T08:36:47.528+0000] {logging_mixin.py:190} INFO - [2026-06-01T08:36:47.528+0000] {dagbag.py:588} INFO - Filling up the DagBag from /opt/airflow/dags/exampledag.py
[2026-06-01T08:36:47.543+0000] {logging_mixin.py:190} INFO - [2026-06-01T08:36:47.539+0000] {dagbag.py:387} ERROR - Failed to import: /opt/airflow/dags/exampledag.py
Traceback (most recent call last):
  File "/home/airflow/.local/lib/python3.12/site-packages/airflow/models/dagbag.py", line 383, in parse
    loader.exec_module(new_module)
  File "<frozen importlib._bootstrap_external>", line 999, in exec_module
  File "<frozen importlib._bootstrap>", line 488, in _call_with_frames_removed
  File "/opt/airflow/dags/exampledag.py", line 23, in <module>
    from airflow.sdk import Asset, dag, task
ModuleNotFoundError: No module named 'airflow.sdk'
[2026-06-01T08:36:47.545+0000] {processor.py:927} WARNING - No viable dags retrieved from /opt/airflow/dags/exampledag.py
[2026-06-01T08:36:47.595+0000] {processor.py:208} INFO - Processing /opt/airflow/dags/exampledag.py took 0.081 seconds
[2026-06-01T08:37:17.728+0000] {processor.py:186} INFO - Started process (PID=131) to work on /opt/airflow/dags/exampledag.py
[2026-06-01T08:37:17.731+0000] {processor.py:914} INFO - Processing file /opt/airflow/dags/exampledag.py for tasks to queue
[2026-06-01T08:37:17.749+0000] {logging_mixin.py:190} INFO - [2026-06-01T08:37:17.748+0000] {dagbag.py:588} INFO - Filling up the DagBag from /opt/airflow/dags/exampledag.py
[2026-06-01T08:37:17.761+0000] {logging_mixin.py:190} INFO - [2026-06-01T08:37:17.758+0000] {dagbag.py:387} ERROR - Failed to import: /opt/airflow/dags/exampledag.py
Traceback (most recent call last):
  File "/home/airflow/.local/lib/python3.12/site-packages/airflow/models/dagbag.py", line 383, in parse
    loader.exec_module(new_module)
  File "<frozen importlib._bootstrap_external>", line 999, in exec_module
  File "<frozen importlib._bootstrap>", line 488, in _call_with_frames_removed
  File "/opt/airflow/dags/exampledag.py", line 23, in <module>
    from airflow.sdk import Asset, dag, task
ModuleNotFoundError: No module named 'airflow.sdk'
[2026-06-01T08:37:17.762+0000] {processor.py:927} WARNING - No viable dags retrieved from /opt/airflow/dags/exampledag.py
[2026-06-01T08:37:17.824+0000] {processor.py:208} INFO - Processing /opt/airflow/dags/exampledag.py took 0.103 seconds
[2026-06-01T08:37:48.020+0000] {processor.py:186} INFO - Started process (PID=133) to work on /opt/airflow/dags/exampledag.py
[2026-06-01T08:37:48.022+0000] {processor.py:914} INFO - Processing file /opt/airflow/dags/exampledag.py for tasks to queue
[2026-06-01T08:37:48.024+0000] {logging_mixin.py:190} INFO - [2026-06-01T08:37:48.024+0000] {dagbag.py:588} INFO - Filling up the DagBag from /opt/airflow/dags/exampledag.py
[2026-06-01T08:37:48.037+0000] {logging_mixin.py:190} INFO - [2026-06-01T08:37:48.033+0000] {dagbag.py:387} ERROR - Failed to import: /opt/airflow/dags/exampledag.py
Traceback (most recent call last):
  File "/home/airflow/.local/lib/python3.12/site-packages/airflow/models/dagbag.py", line 383, in parse
    loader.exec_module(new_module)
  File "<frozen importlib._bootstrap_external>", line 999, in exec_module
  File "<frozen importlib._bootstrap>", line 488, in _call_with_frames_removed
  File "/opt/airflow/dags/exampledag.py", line 23, in <module>
    from airflow.sdk import Asset, dag, task
ModuleNotFoundError: No module named 'airflow.sdk'
[2026-06-01T08:37:48.038+0000] {processor.py:927} WARNING - No viable dags retrieved from /opt/airflow/dags/exampledag.py
[2026-06-01T08:37:48.065+0000] {processor.py:208} INFO - Processing /opt/airflow/dags/exampledag.py took 0.052 seconds
[2026-06-01T08:38:18.340+0000] {processor.py:186} INFO - Started process (PID=135) to work on /opt/airflow/dags/exampledag.py
[2026-06-01T08:38:18.343+0000] {processor.py:914} INFO - Processing file /opt/airflow/dags/exampledag.py for tasks to queue
[2026-06-01T08:38:18.345+0000] {logging_mixin.py:190} INFO - [2026-06-01T08:38:18.345+0000] {dagbag.py:588} INFO - Filling up the DagBag from /opt/airflow/dags/exampledag.py
[2026-06-01T08:38:18.367+0000] {logging_mixin.py:190} INFO - [2026-06-01T08:38:18.362+0000] {dagbag.py:387} ERROR - Failed to import: /opt/airflow/dags/exampledag.py
Traceback (most recent call last):
  File "/home/airflow/.local/lib/python3.12/site-packages/airflow/models/dagbag.py", line 383, in parse
    loader.exec_module(new_module)
  File "<frozen importlib._bootstrap_external>", line 999, in exec_module
  File "<frozen importlib._bootstrap>", line 488, in _call_with_frames_removed
  File "/opt/airflow/dags/exampledag.py", line 23, in <module>
    from airflow.sdk import Asset, dag, task
ModuleNotFoundError: No module named 'airflow.sdk'
[2026-06-01T08:38:18.369+0000] {processor.py:927} WARNING - No viable dags retrieved from /opt/airflow/dags/exampledag.py
[2026-06-01T08:38:18.438+0000] {processor.py:208} INFO - Processing /opt/airflow/dags/exampledag.py took 0.105 seconds
[2026-06-01T08:38:48.587+0000] {processor.py:186} INFO - Started process (PID=137) to work on /opt/airflow/dags/exampledag.py
[2026-06-01T08:38:48.592+0000] {processor.py:914} INFO - Processing file /opt/airflow/dags/exampledag.py for tasks to queue
[2026-06-01T08:38:48.607+0000] {logging_mixin.py:190} INFO - [2026-06-01T08:38:48.606+0000] {dagbag.py:588} INFO - Filling up the DagBag from /opt/airflow/dags/exampledag.py
[2026-06-01T08:38:48.627+0000] {logging_mixin.py:190} INFO - [2026-06-01T08:38:48.621+0000] {dagbag.py:387} ERROR - Failed to import: /opt/airflow/dags/exampledag.py
Traceback (most recent call last):
  File "/home/airflow/.local/lib/python3.12/site-packages/airflow/models/dagbag.py", line 383, in parse
    loader.exec_module(new_module)
  File "<frozen importlib._bootstrap_external>", line 999, in exec_module
  File "<frozen importlib._bootstrap>", line 488, in _call_with_frames_removed
  File "/opt/airflow/dags/exampledag.py", line 23, in <module>
    from airflow.sdk import Asset, dag, task
ModuleNotFoundError: No module named 'airflow.sdk'
[2026-06-01T08:38:48.629+0000] {processor.py:927} WARNING - No viable dags retrieved from /opt/airflow/dags/exampledag.py
[2026-06-01T08:38:48.666+0000] {processor.py:208} INFO - Processing /opt/airflow/dags/exampledag.py took 0.087 seconds
[2026-06-01T08:39:18.810+0000] {processor.py:186} INFO - Started process (PID=139) to work on /opt/airflow/dags/exampledag.py
[2026-06-01T08:39:18.810+0000] {processor.py:914} INFO - Processing file /opt/airflow/dags/exampledag.py for tasks to queue
[2026-06-01T08:39:18.814+0000] {logging_mixin.py:190} INFO - [2026-06-01T08:39:18.814+0000] {dagbag.py:588} INFO - Filling up the DagBag from /opt/airflow/dags/exampledag.py
[2026-06-01T08:39:18.836+0000] {logging_mixin.py:190} INFO - [2026-06-01T08:39:18.833+0000] {dagbag.py:387} ERROR - Failed to import: /opt/airflow/dags/exampledag.py
Traceback (most recent call last):
  File "/home/airflow/.local/lib/python3.12/site-packages/airflow/models/dagbag.py", line 383, in parse
    loader.exec_module(new_module)
  File "<frozen importlib._bootstrap_external>", line 999, in exec_module
  File "<frozen importlib._bootstrap>", line 488, in _call_with_frames_removed
  File "/opt/airflow/dags/exampledag.py", line 23, in <module>
    from airflow.sdk import Asset, dag, task
ModuleNotFoundError: No module named 'airflow.sdk'
[2026-06-01T08:39:18.838+0000] {processor.py:927} WARNING - No viable dags retrieved from /opt/airflow/dags/exampledag.py
[2026-06-01T08:39:18.908+0000] {processor.py:208} INFO - Processing /opt/airflow/dags/exampledag.py took 0.105 seconds
[2026-06-01T08:39:49.114+0000] {processor.py:186} INFO - Started process (PID=141) to work on /opt/airflow/dags/exampledag.py
[2026-06-01T08:39:49.115+0000] {processor.py:914} INFO - Processing file /opt/airflow/dags/exampledag.py for tasks to queue
[2026-06-01T08:39:49.117+0000] {logging_mixin.py:190} INFO - [2026-06-01T08:39:49.117+0000] {dagbag.py:588} INFO - Filling up the DagBag from /opt/airflow/dags/exampledag.py
[2026-06-01T08:39:49.142+0000] {logging_mixin.py:190} INFO - [2026-06-01T08:39:49.139+0000] {dagbag.py:387} ERROR - Failed to import: /opt/airflow/dags/exampledag.py
Traceback (most recent call last):
  File "/home/airflow/.local/lib/python3.12/site-packages/airflow/models/dagbag.py", line 383, in parse
    loader.exec_module(new_module)
  File "<frozen importlib._bootstrap_external>", line 999, in exec_module
  File "<frozen importlib._bootstrap>", line 488, in _call_with_frames_removed
  File "/opt/airflow/dags/exampledag.py", line 23, in <module>
    from airflow.sdk import Asset, dag, task
ModuleNotFoundError: No module named 'airflow.sdk'
[2026-06-01T08:39:49.143+0000] {processor.py:927} WARNING - No viable dags retrieved from /opt/airflow/dags/exampledag.py
[2026-06-01T08:39:49.208+0000] {processor.py:208} INFO - Processing /opt/airflow/dags/exampledag.py took 0.100 seconds
[2026-06-01T08:40:19.446+0000] {processor.py:186} INFO - Started process (PID=143) to work on /opt/airflow/dags/exampledag.py
[2026-06-01T08:40:19.447+0000] {processor.py:914} INFO - Processing file /opt/airflow/dags/exampledag.py for tasks to queue
[2026-06-01T08:40:19.452+0000] {logging_mixin.py:190} INFO - [2026-06-01T08:40:19.451+0000] {dagbag.py:588} INFO - Filling up the DagBag from /opt/airflow/dags/exampledag.py
[2026-06-01T08:40:19.483+0000] {logging_mixin.py:190} INFO - [2026-06-01T08:40:19.476+0000] {dagbag.py:387} ERROR - Failed to import: /opt/airflow/dags/exampledag.py
Traceback (most recent call last):
  File "/home/airflow/.local/lib/python3.12/site-packages/airflow/models/dagbag.py", line 383, in parse
    loader.exec_module(new_module)
  File "<frozen importlib._bootstrap_external>", line 999, in exec_module
  File "<frozen importlib._bootstrap>", line 488, in _call_with_frames_removed
  File "/opt/airflow/dags/exampledag.py", line 23, in <module>
    from airflow.sdk import Asset, dag, task
ModuleNotFoundError: No module named 'airflow.sdk'
[2026-06-01T08:40:19.486+0000] {processor.py:927} WARNING - No viable dags retrieved from /opt/airflow/dags/exampledag.py
[2026-06-01T08:40:19.528+0000] {processor.py:208} INFO - Processing /opt/airflow/dags/exampledag.py took 0.094 seconds
[2026-06-01T08:40:49.996+0000] {processor.py:186} INFO - Started process (PID=145) to work on /opt/airflow/dags/exampledag.py
[2026-06-01T08:40:49.997+0000] {processor.py:914} INFO - Processing file /opt/airflow/dags/exampledag.py for tasks to queue
[2026-06-01T08:40:50.000+0000] {logging_mixin.py:190} INFO - [2026-06-01T08:40:50.000+0000] {dagbag.py:588} INFO - Filling up the DagBag from /opt/airflow/dags/exampledag.py
[2026-06-01T08:40:50.032+0000] {logging_mixin.py:190} INFO - [2026-06-01T08:40:50.024+0000] {dagbag.py:387} ERROR - Failed to import: /opt/airflow/dags/exampledag.py
Traceback (most recent call last):
  File "/home/airflow/.local/lib/python3.12/site-packages/airflow/models/dagbag.py", line 383, in parse
    loader.exec_module(new_module)
  File "<frozen importlib._bootstrap_external>", line 999, in exec_module
  File "<frozen importlib._bootstrap>", line 488, in _call_with_frames_removed
  File "/opt/airflow/dags/exampledag.py", line 23, in <module>
    from airflow.sdk import Asset, dag, task
ModuleNotFoundError: No module named 'airflow.sdk'
[2026-06-01T08:40:50.034+0000] {processor.py:927} WARNING - No viable dags retrieved from /opt/airflow/dags/exampledag.py
[2026-06-01T08:40:50.107+0000] {processor.py:208} INFO - Processing /opt/airflow/dags/exampledag.py took 0.120 seconds
[2026-06-01T08:41:20.402+0000] {processor.py:186} INFO - Started process (PID=147) to work on /opt/airflow/dags/exampledag.py
[2026-06-01T08:41:20.404+0000] {processor.py:914} INFO - Processing file /opt/airflow/dags/exampledag.py for tasks to queue
[2026-06-01T08:41:20.408+0000] {logging_mixin.py:190} INFO - [2026-06-01T08:41:20.407+0000] {dagbag.py:588} INFO - Filling up the DagBag from /opt/airflow/dags/exampledag.py
[2026-06-01T08:41:20.437+0000] {logging_mixin.py:190} INFO - [2026-06-01T08:41:20.429+0000] {dagbag.py:387} ERROR - Failed to import: /opt/airflow/dags/exampledag.py
Traceback (most recent call last):
  File "/home/airflow/.local/lib/python3.12/site-packages/airflow/models/dagbag.py", line 383, in parse
    loader.exec_module(new_module)
  File "<frozen importlib._bootstrap_external>", line 999, in exec_module
  File "<frozen importlib._bootstrap>", line 488, in _call_with_frames_removed
  File "/opt/airflow/dags/exampledag.py", line 23, in <module>
    from airflow.sdk import Asset, dag, task
ModuleNotFoundError: No module named 'airflow.sdk'
[2026-06-01T08:41:20.440+0000] {processor.py:927} WARNING - No viable dags retrieved from /opt/airflow/dags/exampledag.py
[2026-06-01T08:41:20.484+0000] {processor.py:208} INFO - Processing /opt/airflow/dags/exampledag.py took 0.092 seconds
[2026-06-01T08:41:50.918+0000] {processor.py:186} INFO - Started process (PID=149) to work on /opt/airflow/dags/exampledag.py
[2026-06-01T08:41:50.921+0000] {processor.py:914} INFO - Processing file /opt/airflow/dags/exampledag.py for tasks to queue
[2026-06-01T08:41:50.925+0000] {logging_mixin.py:190} INFO - [2026-06-01T08:41:50.924+0000] {dagbag.py:588} INFO - Filling up the DagBag from /opt/airflow/dags/exampledag.py
[2026-06-01T08:41:50.959+0000] {logging_mixin.py:190} INFO - [2026-06-01T08:41:50.952+0000] {dagbag.py:387} ERROR - Failed to import: /opt/airflow/dags/exampledag.py
Traceback (most recent call last):
  File "/home/airflow/.local/lib/python3.12/site-packages/airflow/models/dagbag.py", line 383, in parse
    loader.exec_module(new_module)
  File "<frozen importlib._bootstrap_external>", line 999, in exec_module
  File "<frozen importlib._bootstrap>", line 488, in _call_with_frames_removed
  File "/opt/airflow/dags/exampledag.py", line 23, in <module>
    from airflow.sdk import Asset, dag, task
ModuleNotFoundError: No module named 'airflow.sdk'
[2026-06-01T08:41:50.962+0000] {processor.py:927} WARNING - No viable dags retrieved from /opt/airflow/dags/exampledag.py
[2026-06-01T08:41:51.002+0000] {processor.py:208} INFO - Processing /opt/airflow/dags/exampledag.py took 0.096 seconds
[2026-06-01T08:42:21.511+0000] {processor.py:186} INFO - Started process (PID=151) to work on /opt/airflow/dags/exampledag.py
[2026-06-01T08:42:21.513+0000] {processor.py:914} INFO - Processing file /opt/airflow/dags/exampledag.py for tasks to queue
[2026-06-01T08:42:21.517+0000] {logging_mixin.py:190} INFO - [2026-06-01T08:42:21.516+0000] {dagbag.py:588} INFO - Filling up the DagBag from /opt/airflow/dags/exampledag.py
[2026-06-01T08:42:21.545+0000] {logging_mixin.py:190} INFO - [2026-06-01T08:42:21.538+0000] {dagbag.py:387} ERROR - Failed to import: /opt/airflow/dags/exampledag.py
Traceback (most recent call last):
  File "/home/airflow/.local/lib/python3.12/site-packages/airflow/models/dagbag.py", line 383, in parse
    loader.exec_module(new_module)
  File "<frozen importlib._bootstrap_external>", line 999, in exec_module
  File "<frozen importlib._bootstrap>", line 488, in _call_with_frames_removed
  File "/opt/airflow/dags/exampledag.py", line 23, in <module>
    from airflow.sdk import Asset, dag, task
ModuleNotFoundError: No module named 'airflow.sdk'
[2026-06-01T08:42:21.548+0000] {processor.py:927} WARNING - No viable dags retrieved from /opt/airflow/dags/exampledag.py
[2026-06-01T08:42:21.581+0000] {processor.py:208} INFO - Processing /opt/airflow/dags/exampledag.py took 0.081 seconds
[2026-06-01T08:42:52.006+0000] {processor.py:186} INFO - Started process (PID=153) to work on /opt/airflow/dags/exampledag.py
[2026-06-01T08:42:52.007+0000] {processor.py:914} INFO - Processing file /opt/airflow/dags/exampledag.py for tasks to queue
[2026-06-01T08:42:52.012+0000] {logging_mixin.py:190} INFO - [2026-06-01T08:42:52.011+0000] {dagbag.py:588} INFO - Filling up the DagBag from /opt/airflow/dags/exampledag.py
[2026-06-01T08:42:52.042+0000] {logging_mixin.py:190} INFO - [2026-06-01T08:42:52.035+0000] {dagbag.py:387} ERROR - Failed to import: /opt/airflow/dags/exampledag.py
Traceback (most recent call last):
  File "/home/airflow/.local/lib/python3.12/site-packages/airflow/models/dagbag.py", line 383, in parse
    loader.exec_module(new_module)
  File "<frozen importlib._bootstrap_external>", line 999, in exec_module
  File "<frozen importlib._bootstrap>", line 488, in _call_with_frames_removed
  File "/opt/airflow/dags/exampledag.py", line 23, in <module>
    from airflow.sdk import Asset, dag, task
ModuleNotFoundError: No module named 'airflow.sdk'
[2026-06-01T08:42:52.044+0000] {processor.py:927} WARNING - No viable dags retrieved from /opt/airflow/dags/exampledag.py
[2026-06-01T08:42:52.123+0000] {processor.py:208} INFO - Processing /opt/airflow/dags/exampledag.py took 0.130 seconds
[2026-06-01T08:43:22.416+0000] {processor.py:186} INFO - Started process (PID=155) to work on /opt/airflow/dags/exampledag.py
[2026-06-01T08:43:22.417+0000] {processor.py:914} INFO - Processing file /opt/airflow/dags/exampledag.py for tasks to queue
[2026-06-01T08:43:22.420+0000] {logging_mixin.py:190} INFO - [2026-06-01T08:43:22.420+0000] {dagbag.py:588} INFO - Filling up the DagBag from /opt/airflow/dags/exampledag.py
[2026-06-01T08:43:22.505+0000] {logging_mixin.py:190} INFO - [2026-06-01T08:43:22.484+0000] {dagbag.py:387} ERROR - Failed to import: /opt/airflow/dags/exampledag.py
Traceback (most recent call last):
  File "/home/airflow/.local/lib/python3.12/site-packages/airflow/models/dagbag.py", line 383, in parse
    loader.exec_module(new_module)
  File "<frozen importlib._bootstrap_external>", line 999, in exec_module
  File "<frozen importlib._bootstrap>", line 488, in _call_with_frames_removed
  File "/opt/airflow/dags/exampledag.py", line 23, in <module>
    from airflow.sdk import Asset, dag, task
ModuleNotFoundError: No module named 'airflow.sdk'
[2026-06-01T08:43:22.508+0000] {processor.py:927} WARNING - No viable dags retrieved from /opt/airflow/dags/exampledag.py
[2026-06-01T08:43:22.613+0000] {processor.py:208} INFO - Processing /opt/airflow/dags/exampledag.py took 0.209 seconds
[2026-06-01T08:43:53.222+0000] {processor.py:186} INFO - Started process (PID=157) to work on /opt/airflow/dags/exampledag.py
[2026-06-01T08:43:53.224+0000] {processor.py:914} INFO - Processing file /opt/airflow/dags/exampledag.py for tasks to queue
[2026-06-01T08:43:53.228+0000] {logging_mixin.py:190} INFO - [2026-06-01T08:43:53.228+0000] {dagbag.py:588} INFO - Filling up the DagBag from /opt/airflow/dags/exampledag.py
[2026-06-01T08:43:53.314+0000] {logging_mixin.py:190} INFO - [2026-06-01T08:43:53.307+0000] {dagbag.py:387} ERROR - Failed to import: /opt/airflow/dags/exampledag.py
Traceback (most recent call last):
  File "/home/airflow/.local/lib/python3.12/site-packages/airflow/models/dagbag.py", line 383, in parse
    loader.exec_module(new_module)
  File "<frozen importlib._bootstrap_external>", line 999, in exec_module
  File "<frozen importlib._bootstrap>", line 488, in _call_with_frames_removed
  File "/opt/airflow/dags/exampledag.py", line 23, in <module>
    from airflow.sdk import Asset, dag, task
ModuleNotFoundError: No module named 'airflow.sdk'
[2026-06-01T08:43:53.316+0000] {processor.py:927} WARNING - No viable dags retrieved from /opt/airflow/dags/exampledag.py
[2026-06-01T08:43:53.346+0000] {processor.py:208} INFO - Processing /opt/airflow/dags/exampledag.py took 0.135 seconds
[2026-06-01T08:44:23.841+0000] {processor.py:186} INFO - Started process (PID=159) to work on /opt/airflow/dags/exampledag.py
[2026-06-01T08:44:23.842+0000] {processor.py:914} INFO - Processing file /opt/airflow/dags/exampledag.py for tasks to queue
[2026-06-01T08:44:23.847+0000] {logging_mixin.py:190} INFO - [2026-06-01T08:44:23.847+0000] {dagbag.py:588} INFO - Filling up the DagBag from /opt/airflow/dags/exampledag.py
[2026-06-01T08:44:23.878+0000] {logging_mixin.py:190} INFO - [2026-06-01T08:44:23.870+0000] {dagbag.py:387} ERROR - Failed to import: /opt/airflow/dags/exampledag.py
Traceback (most recent call last):
  File "/home/airflow/.local/lib/python3.12/site-packages/airflow/models/dagbag.py", line 383, in parse
    loader.exec_module(new_module)
  File "<frozen importlib._bootstrap_external>", line 999, in exec_module
  File "<frozen importlib._bootstrap>", line 488, in _call_with_frames_removed
  File "/opt/airflow/dags/exampledag.py", line 23, in <module>
    from airflow.sdk import Asset, dag, task
ModuleNotFoundError: No module named 'airflow.sdk'
[2026-06-01T08:44:23.881+0000] {processor.py:927} WARNING - No viable dags retrieved from /opt/airflow/dags/exampledag.py
[2026-06-01T08:44:23.923+0000] {processor.py:208} INFO - Processing /opt/airflow/dags/exampledag.py took 0.094 seconds
[2026-06-01T08:44:54.375+0000] {processor.py:186} INFO - Started process (PID=161) to work on /opt/airflow/dags/exampledag.py
[2026-06-01T08:44:54.380+0000] {processor.py:914} INFO - Processing file /opt/airflow/dags/exampledag.py for tasks to queue
[2026-06-01T08:44:54.404+0000] {logging_mixin.py:190} INFO - [2026-06-01T08:44:54.403+0000] {dagbag.py:588} INFO - Filling up the DagBag from /opt/airflow/dags/exampledag.py
[2026-06-01T08:44:54.457+0000] {logging_mixin.py:190} INFO - [2026-06-01T08:44:54.449+0000] {dagbag.py:387} ERROR - Failed to import: /opt/airflow/dags/exampledag.py
Traceback (most recent call last):
  File "/home/airflow/.local/lib/python3.12/site-packages/airflow/models/dagbag.py", line 383, in parse
    loader.exec_module(new_module)
  File "<frozen importlib._bootstrap_external>", line 999, in exec_module
  File "<frozen importlib._bootstrap>", line 488, in _call_with_frames_removed
  File "/opt/airflow/dags/exampledag.py", line 23, in <module>
    from airflow.sdk import Asset, dag, task
ModuleNotFoundError: No module named 'airflow.sdk'
[2026-06-01T08:44:54.461+0000] {processor.py:927} WARNING - No viable dags retrieved from /opt/airflow/dags/exampledag.py
[2026-06-01T08:44:54.503+0000] {processor.py:208} INFO - Processing /opt/airflow/dags/exampledag.py took 0.147 seconds
[2026-06-01T08:45:24.773+0000] {processor.py:186} INFO - Started process (PID=163) to work on /opt/airflow/dags/exampledag.py
[2026-06-01T08:45:24.779+0000] {processor.py:914} INFO - Processing file /opt/airflow/dags/exampledag.py for tasks to queue
[2026-06-01T08:45:24.823+0000] {logging_mixin.py:190} INFO - [2026-06-01T08:45:24.785+0000] {dagbag.py:588} INFO - Filling up the DagBag from /opt/airflow/dags/exampledag.py
[2026-06-01T08:45:24.920+0000] {logging_mixin.py:190} INFO - [2026-06-01T08:45:24.911+0000] {dagbag.py:387} ERROR - Failed to import: /opt/airflow/dags/exampledag.py
Traceback (most recent call last):
  File "/home/airflow/.local/lib/python3.12/site-packages/airflow/models/dagbag.py", line 383, in parse
    loader.exec_module(new_module)
  File "<frozen importlib._bootstrap_external>", line 999, in exec_module
  File "<frozen importlib._bootstrap>", line 488, in _call_with_frames_removed
  File "/opt/airflow/dags/exampledag.py", line 23, in <module>
    from airflow.sdk import Asset, dag, task
ModuleNotFoundError: No module named 'airflow.sdk'
[2026-06-01T08:45:24.922+0000] {processor.py:927} WARNING - No viable dags retrieved from /opt/airflow/dags/exampledag.py
[2026-06-01T08:45:24.962+0000] {processor.py:208} INFO - Processing /opt/airflow/dags/exampledag.py took 0.201 seconds
[2026-06-01T08:45:55.234+0000] {processor.py:186} INFO - Started process (PID=165) to work on /opt/airflow/dags/exampledag.py
[2026-06-01T08:45:55.235+0000] {processor.py:914} INFO - Processing file /opt/airflow/dags/exampledag.py for tasks to queue
[2026-06-01T08:45:55.241+0000] {logging_mixin.py:190} INFO - [2026-06-01T08:45:55.240+0000] {dagbag.py:588} INFO - Filling up the DagBag from /opt/airflow/dags/exampledag.py
[2026-06-01T08:45:55.274+0000] {logging_mixin.py:190} INFO - [2026-06-01T08:45:55.265+0000] {dagbag.py:387} ERROR - Failed to import: /opt/airflow/dags/exampledag.py
Traceback (most recent call last):
  File "/home/airflow/.local/lib/python3.12/site-packages/airflow/models/dagbag.py", line 383, in parse
    loader.exec_module(new_module)
  File "<frozen importlib._bootstrap_external>", line 999, in exec_module
  File "<frozen importlib._bootstrap>", line 488, in _call_with_frames_removed
  File "/opt/airflow/dags/exampledag.py", line 23, in <module>
    from airflow.sdk import Asset, dag, task
ModuleNotFoundError: No module named 'airflow.sdk'
[2026-06-01T08:45:55.277+0000] {processor.py:927} WARNING - No viable dags retrieved from /opt/airflow/dags/exampledag.py
[2026-06-01T08:45:55.355+0000] {processor.py:208} INFO - Processing /opt/airflow/dags/exampledag.py took 0.135 seconds
[2026-06-01T08:46:25.733+0000] {processor.py:186} INFO - Started process (PID=167) to work on /opt/airflow/dags/exampledag.py
[2026-06-01T08:46:25.734+0000] {processor.py:914} INFO - Processing file /opt/airflow/dags/exampledag.py for tasks to queue
[2026-06-01T08:46:25.737+0000] {logging_mixin.py:190} INFO - [2026-06-01T08:46:25.737+0000] {dagbag.py:588} INFO - Filling up the DagBag from /opt/airflow/dags/exampledag.py
[2026-06-01T08:46:25.769+0000] {logging_mixin.py:190} INFO - [2026-06-01T08:46:25.761+0000] {dagbag.py:387} ERROR - Failed to import: /opt/airflow/dags/exampledag.py
Traceback (most recent call last):
  File "/home/airflow/.local/lib/python3.12/site-packages/airflow/models/dagbag.py", line 383, in parse
    loader.exec_module(new_module)
  File "<frozen importlib._bootstrap_external>", line 999, in exec_module
  File "<frozen importlib._bootstrap>", line 488, in _call_with_frames_removed
  File "/opt/airflow/dags/exampledag.py", line 23, in <module>
    from airflow.sdk import Asset, dag, task
ModuleNotFoundError: No module named 'airflow.sdk'
[2026-06-01T08:46:25.772+0000] {processor.py:927} WARNING - No viable dags retrieved from /opt/airflow/dags/exampledag.py
[2026-06-01T08:46:25.848+0000] {processor.py:208} INFO - Processing /opt/airflow/dags/exampledag.py took 0.125 seconds
[2026-06-01T08:46:56.130+0000] {processor.py:186} INFO - Started process (PID=169) to work on /opt/airflow/dags/exampledag.py
[2026-06-01T08:46:56.132+0000] {processor.py:914} INFO - Processing file /opt/airflow/dags/exampledag.py for tasks to queue
[2026-06-01T08:46:56.136+0000] {logging_mixin.py:190} INFO - [2026-06-01T08:46:56.135+0000] {dagbag.py:588} INFO - Filling up the DagBag from /opt/airflow/dags/exampledag.py
[2026-06-01T08:46:56.168+0000] {logging_mixin.py:190} INFO - [2026-06-01T08:46:56.160+0000] {dagbag.py:387} ERROR - Failed to import: /opt/airflow/dags/exampledag.py
Traceback (most recent call last):
  File "/home/airflow/.local/lib/python3.12/site-packages/airflow/models/dagbag.py", line 383, in parse
    loader.exec_module(new_module)
  File "<frozen importlib._bootstrap_external>", line 999, in exec_module
  File "<frozen importlib._bootstrap>", line 488, in _call_with_frames_removed
  File "/opt/airflow/dags/exampledag.py", line 23, in <module>
    from airflow.sdk import Asset, dag, task
ModuleNotFoundError: No module named 'airflow.sdk'
[2026-06-01T08:46:56.171+0000] {processor.py:927} WARNING - No viable dags retrieved from /opt/airflow/dags/exampledag.py
[2026-06-01T08:46:56.219+0000] {processor.py:208} INFO - Processing /opt/airflow/dags/exampledag.py took 0.100 seconds
[2026-06-01T08:47:26.692+0000] {processor.py:186} INFO - Started process (PID=171) to work on /opt/airflow/dags/exampledag.py
[2026-06-01T08:47:26.695+0000] {processor.py:914} INFO - Processing file /opt/airflow/dags/exampledag.py for tasks to queue
[2026-06-01T08:47:26.701+0000] {logging_mixin.py:190} INFO - [2026-06-01T08:47:26.700+0000] {dagbag.py:588} INFO - Filling up the DagBag from /opt/airflow/dags/exampledag.py
[2026-06-01T08:47:26.731+0000] {logging_mixin.py:190} INFO - [2026-06-01T08:47:26.723+0000] {dagbag.py:387} ERROR - Failed to import: /opt/airflow/dags/exampledag.py
Traceback (most recent call last):
  File "/home/airflow/.local/lib/python3.12/site-packages/airflow/models/dagbag.py", line 383, in parse
    loader.exec_module(new_module)
  File "<frozen importlib._bootstrap_external>", line 999, in exec_module
  File "<frozen importlib._bootstrap>", line 488, in _call_with_frames_removed
  File "/opt/airflow/dags/exampledag.py", line 23, in <module>
    from airflow.sdk import Asset, dag, task
ModuleNotFoundError: No module named 'airflow.sdk'
[2026-06-01T08:47:26.734+0000] {processor.py:927} WARNING - No viable dags retrieved from /opt/airflow/dags/exampledag.py
[2026-06-01T08:47:26.815+0000] {processor.py:208} INFO - Processing /opt/airflow/dags/exampledag.py took 0.136 seconds
[2026-06-01T08:47:57.096+0000] {processor.py:186} INFO - Started process (PID=173) to work on /opt/airflow/dags/exampledag.py
[2026-06-01T08:47:57.099+0000] {processor.py:914} INFO - Processing file /opt/airflow/dags/exampledag.py for tasks to queue
[2026-06-01T08:47:57.104+0000] {logging_mixin.py:190} INFO - [2026-06-01T08:47:57.104+0000] {dagbag.py:588} INFO - Filling up the DagBag from /opt/airflow/dags/exampledag.py
[2026-06-01T08:47:57.135+0000] {logging_mixin.py:190} INFO - [2026-06-01T08:47:57.127+0000] {dagbag.py:387} ERROR - Failed to import: /opt/airflow/dags/exampledag.py
Traceback (most recent call last):
  File "/home/airflow/.local/lib/python3.12/site-packages/airflow/models/dagbag.py", line 383, in parse
    loader.exec_module(new_module)
  File "<frozen importlib._bootstrap_external>", line 999, in exec_module
  File "<frozen importlib._bootstrap>", line 488, in _call_with_frames_removed
  File "/opt/airflow/dags/exampledag.py", line 23, in <module>
    from airflow.sdk import Asset, dag, task
ModuleNotFoundError: No module named 'airflow.sdk'
[2026-06-01T08:47:57.138+0000] {processor.py:927} WARNING - No viable dags retrieved from /opt/airflow/dags/exampledag.py
[2026-06-01T08:47:57.229+0000] {processor.py:208} INFO - Processing /opt/airflow/dags/exampledag.py took 0.145 seconds
