[2026-06-01T08:13:30.853+0000] {processor.py:186} INFO - Started process (PID=38) to work on /opt/airflow/dags/pipeline.py
[2026-06-01T08:13:30.854+0000] {processor.py:914} INFO - Processing file /opt/airflow/dags/pipeline.py for tasks to queue
[2026-06-01T08:13:30.857+0000] {logging_mixin.py:190} INFO - [2026-06-01T08:13:30.857+0000] {dagbag.py:588} INFO - Filling up the DagBag from /opt/airflow/dags/pipeline.py
[2026-06-01T08:13:30.901+0000] {logging_mixin.py:190} INFO - [2026-06-01T08:13:30.896+0000] {dagbag.py:387} ERROR - Failed to import: /opt/airflow/dags/pipeline.py
Traceback (most recent call last):
  File "/home/airflow/.local/lib/python3.12/site-packages/airflow/models/dagbag.py", line 383, in parse
    loader.exec_module(new_module)
  File "<frozen importlib._bootstrap_external>", line 999, in exec_module
  File "<frozen importlib._bootstrap>", line 488, in _call_with_frames_removed
  File "/opt/airflow/dags/pipeline.py", line 3, in <module>
    from airflow.providers.standard.operators.python import PythonOperator
ModuleNotFoundError: No module named 'airflow.providers.standard'
[2026-06-01T08:13:30.904+0000] {processor.py:927} WARNING - No viable dags retrieved from /opt/airflow/dags/pipeline.py
[2026-06-01T08:13:30.936+0000] {processor.py:208} INFO - Processing /opt/airflow/dags/pipeline.py took 0.093 seconds
[2026-06-01T08:14:01.258+0000] {processor.py:186} INFO - Started process (PID=40) to work on /opt/airflow/dags/pipeline.py
[2026-06-01T08:14:01.259+0000] {processor.py:914} INFO - Processing file /opt/airflow/dags/pipeline.py for tasks to queue
[2026-06-01T08:14:01.262+0000] {logging_mixin.py:190} INFO - [2026-06-01T08:14:01.261+0000] {dagbag.py:588} INFO - Filling up the DagBag from /opt/airflow/dags/pipeline.py
[2026-06-01T08:14:01.282+0000] {logging_mixin.py:190} INFO - [2026-06-01T08:14:01.277+0000] {dagbag.py:387} ERROR - Failed to import: /opt/airflow/dags/pipeline.py
Traceback (most recent call last):
  File "/home/airflow/.local/lib/python3.12/site-packages/airflow/models/dagbag.py", line 383, in parse
    loader.exec_module(new_module)
  File "<frozen importlib._bootstrap_external>", line 999, in exec_module
  File "<frozen importlib._bootstrap>", line 488, in _call_with_frames_removed
  File "/opt/airflow/dags/pipeline.py", line 3, in <module>
    from airflow.providers.standard.operators.python import PythonOperator
ModuleNotFoundError: No module named 'airflow.providers.standard'
[2026-06-01T08:14:01.285+0000] {processor.py:927} WARNING - No viable dags retrieved from /opt/airflow/dags/pipeline.py
[2026-06-01T08:14:01.320+0000] {processor.py:208} INFO - Processing /opt/airflow/dags/pipeline.py took 0.077 seconds
[2026-06-01T08:14:31.551+0000] {processor.py:186} INFO - Started process (PID=42) to work on /opt/airflow/dags/pipeline.py
[2026-06-01T08:14:31.556+0000] {processor.py:914} INFO - Processing file /opt/airflow/dags/pipeline.py for tasks to queue
[2026-06-01T08:14:31.563+0000] {logging_mixin.py:190} INFO - [2026-06-01T08:14:31.563+0000] {dagbag.py:588} INFO - Filling up the DagBag from /opt/airflow/dags/pipeline.py
[2026-06-01T08:14:31.628+0000] {logging_mixin.py:190} INFO - [2026-06-01T08:14:31.619+0000] {dagbag.py:387} ERROR - Failed to import: /opt/airflow/dags/pipeline.py
Traceback (most recent call last):
  File "/home/airflow/.local/lib/python3.12/site-packages/airflow/models/dagbag.py", line 383, in parse
    loader.exec_module(new_module)
  File "<frozen importlib._bootstrap_external>", line 999, in exec_module
  File "<frozen importlib._bootstrap>", line 488, in _call_with_frames_removed
  File "/opt/airflow/dags/pipeline.py", line 3, in <module>
    from airflow.providers.standard.operators.python import PythonOperator
ModuleNotFoundError: No module named 'airflow.providers.standard'
[2026-06-01T08:14:31.631+0000] {processor.py:927} WARNING - No viable dags retrieved from /opt/airflow/dags/pipeline.py
[2026-06-01T08:14:31.684+0000] {processor.py:208} INFO - Processing /opt/airflow/dags/pipeline.py took 0.146 seconds
[2026-06-01T08:15:01.891+0000] {processor.py:186} INFO - Started process (PID=44) to work on /opt/airflow/dags/pipeline.py
[2026-06-01T08:15:01.892+0000] {processor.py:914} INFO - Processing file /opt/airflow/dags/pipeline.py for tasks to queue
[2026-06-01T08:15:01.894+0000] {logging_mixin.py:190} INFO - [2026-06-01T08:15:01.894+0000] {dagbag.py:588} INFO - Filling up the DagBag from /opt/airflow/dags/pipeline.py
[2026-06-01T08:15:01.912+0000] {logging_mixin.py:190} INFO - [2026-06-01T08:15:01.908+0000] {dagbag.py:387} ERROR - Failed to import: /opt/airflow/dags/pipeline.py
Traceback (most recent call last):
  File "/home/airflow/.local/lib/python3.12/site-packages/airflow/models/dagbag.py", line 383, in parse
    loader.exec_module(new_module)
  File "<frozen importlib._bootstrap_external>", line 999, in exec_module
  File "<frozen importlib._bootstrap>", line 488, in _call_with_frames_removed
  File "/opt/airflow/dags/pipeline.py", line 3, in <module>
    from airflow.providers.standard.operators.python import PythonOperator
ModuleNotFoundError: No module named 'airflow.providers.standard'
[2026-06-01T08:15:01.913+0000] {processor.py:927} WARNING - No viable dags retrieved from /opt/airflow/dags/pipeline.py
[2026-06-01T08:15:01.939+0000] {processor.py:208} INFO - Processing /opt/airflow/dags/pipeline.py took 0.056 seconds
[2026-06-01T08:15:32.199+0000] {processor.py:186} INFO - Started process (PID=46) to work on /opt/airflow/dags/pipeline.py
[2026-06-01T08:15:32.200+0000] {processor.py:914} INFO - Processing file /opt/airflow/dags/pipeline.py for tasks to queue
[2026-06-01T08:15:32.201+0000] {logging_mixin.py:190} INFO - [2026-06-01T08:15:32.201+0000] {dagbag.py:588} INFO - Filling up the DagBag from /opt/airflow/dags/pipeline.py
[2026-06-01T08:15:32.213+0000] {logging_mixin.py:190} INFO - [2026-06-01T08:15:32.210+0000] {dagbag.py:387} ERROR - Failed to import: /opt/airflow/dags/pipeline.py
Traceback (most recent call last):
  File "/home/airflow/.local/lib/python3.12/site-packages/airflow/models/dagbag.py", line 383, in parse
    loader.exec_module(new_module)
  File "<frozen importlib._bootstrap_external>", line 999, in exec_module
  File "<frozen importlib._bootstrap>", line 488, in _call_with_frames_removed
  File "/opt/airflow/dags/pipeline.py", line 3, in <module>
    from airflow.providers.standard.operators.python import PythonOperator
ModuleNotFoundError: No module named 'airflow.providers.standard'
[2026-06-01T08:15:32.215+0000] {processor.py:927} WARNING - No viable dags retrieved from /opt/airflow/dags/pipeline.py
[2026-06-01T08:15:32.235+0000] {processor.py:208} INFO - Processing /opt/airflow/dags/pipeline.py took 0.040 seconds
[2026-06-01T08:16:02.511+0000] {processor.py:186} INFO - Started process (PID=48) to work on /opt/airflow/dags/pipeline.py
[2026-06-01T08:16:02.512+0000] {processor.py:914} INFO - Processing file /opt/airflow/dags/pipeline.py for tasks to queue
[2026-06-01T08:16:02.516+0000] {logging_mixin.py:190} INFO - [2026-06-01T08:16:02.515+0000] {dagbag.py:588} INFO - Filling up the DagBag from /opt/airflow/dags/pipeline.py
[2026-06-01T08:16:02.530+0000] {logging_mixin.py:190} INFO - [2026-06-01T08:16:02.527+0000] {dagbag.py:387} ERROR - Failed to import: /opt/airflow/dags/pipeline.py
Traceback (most recent call last):
  File "/home/airflow/.local/lib/python3.12/site-packages/airflow/models/dagbag.py", line 383, in parse
    loader.exec_module(new_module)
  File "<frozen importlib._bootstrap_external>", line 999, in exec_module
  File "<frozen importlib._bootstrap>", line 488, in _call_with_frames_removed
  File "/opt/airflow/dags/pipeline.py", line 3, in <module>
    from airflow.providers.standard.operators.python import PythonOperator
ModuleNotFoundError: No module named 'airflow.providers.standard'
[2026-06-01T08:16:02.532+0000] {processor.py:927} WARNING - No viable dags retrieved from /opt/airflow/dags/pipeline.py
[2026-06-01T08:16:02.568+0000] {processor.py:208} INFO - Processing /opt/airflow/dags/pipeline.py took 0.064 seconds
[2026-06-01T08:16:32.849+0000] {processor.py:186} INFO - Started process (PID=50) to work on /opt/airflow/dags/pipeline.py
[2026-06-01T08:16:32.850+0000] {processor.py:914} INFO - Processing file /opt/airflow/dags/pipeline.py for tasks to queue
[2026-06-01T08:16:32.852+0000] {logging_mixin.py:190} INFO - [2026-06-01T08:16:32.852+0000] {dagbag.py:588} INFO - Filling up the DagBag from /opt/airflow/dags/pipeline.py
[2026-06-01T08:16:32.875+0000] {logging_mixin.py:190} INFO - [2026-06-01T08:16:32.872+0000] {dagbag.py:387} ERROR - Failed to import: /opt/airflow/dags/pipeline.py
Traceback (most recent call last):
  File "/home/airflow/.local/lib/python3.12/site-packages/airflow/models/dagbag.py", line 383, in parse
    loader.exec_module(new_module)
  File "<frozen importlib._bootstrap_external>", line 999, in exec_module
  File "<frozen importlib._bootstrap>", line 488, in _call_with_frames_removed
  File "/opt/airflow/dags/pipeline.py", line 3, in <module>
    from airflow.providers.standard.operators.python import PythonOperator
ModuleNotFoundError: No module named 'airflow.providers.standard'
[2026-06-01T08:16:32.876+0000] {processor.py:927} WARNING - No viable dags retrieved from /opt/airflow/dags/pipeline.py
[2026-06-01T08:16:32.905+0000] {processor.py:208} INFO - Processing /opt/airflow/dags/pipeline.py took 0.061 seconds
[2026-06-01T08:17:03.198+0000] {processor.py:186} INFO - Started process (PID=52) to work on /opt/airflow/dags/pipeline.py
[2026-06-01T08:17:03.199+0000] {processor.py:914} INFO - Processing file /opt/airflow/dags/pipeline.py for tasks to queue
[2026-06-01T08:17:03.215+0000] {logging_mixin.py:190} INFO - [2026-06-01T08:17:03.214+0000] {dagbag.py:588} INFO - Filling up the DagBag from /opt/airflow/dags/pipeline.py
[2026-06-01T08:17:03.242+0000] {logging_mixin.py:190} INFO - [2026-06-01T08:17:03.237+0000] {dagbag.py:387} ERROR - Failed to import: /opt/airflow/dags/pipeline.py
Traceback (most recent call last):
  File "/home/airflow/.local/lib/python3.12/site-packages/airflow/models/dagbag.py", line 383, in parse
    loader.exec_module(new_module)
  File "<frozen importlib._bootstrap_external>", line 999, in exec_module
  File "<frozen importlib._bootstrap>", line 488, in _call_with_frames_removed
  File "/opt/airflow/dags/pipeline.py", line 3, in <module>
    from airflow.providers.standard.operators.python import PythonOperator
ModuleNotFoundError: No module named 'airflow.providers.standard'
[2026-06-01T08:17:03.247+0000] {processor.py:927} WARNING - No viable dags retrieved from /opt/airflow/dags/pipeline.py
[2026-06-01T08:17:03.307+0000] {processor.py:208} INFO - Processing /opt/airflow/dags/pipeline.py took 0.118 seconds
[2026-06-01T08:17:33.586+0000] {processor.py:186} INFO - Started process (PID=54) to work on /opt/airflow/dags/pipeline.py
[2026-06-01T08:17:33.597+0000] {processor.py:914} INFO - Processing file /opt/airflow/dags/pipeline.py for tasks to queue
[2026-06-01T08:17:33.606+0000] {logging_mixin.py:190} INFO - [2026-06-01T08:17:33.605+0000] {dagbag.py:588} INFO - Filling up the DagBag from /opt/airflow/dags/pipeline.py
[2026-06-01T08:17:33.622+0000] {logging_mixin.py:190} INFO - [2026-06-01T08:17:33.618+0000] {dagbag.py:387} ERROR - Failed to import: /opt/airflow/dags/pipeline.py
Traceback (most recent call last):
  File "/home/airflow/.local/lib/python3.12/site-packages/airflow/models/dagbag.py", line 383, in parse
    loader.exec_module(new_module)
  File "<frozen importlib._bootstrap_external>", line 999, in exec_module
  File "<frozen importlib._bootstrap>", line 488, in _call_with_frames_removed
  File "/opt/airflow/dags/pipeline.py", line 3, in <module>
    from airflow.providers.standard.operators.python import PythonOperator
ModuleNotFoundError: No module named 'airflow.providers.standard'
[2026-06-01T08:17:33.623+0000] {processor.py:927} WARNING - No viable dags retrieved from /opt/airflow/dags/pipeline.py
[2026-06-01T08:17:33.654+0000] {processor.py:208} INFO - Processing /opt/airflow/dags/pipeline.py took 0.075 seconds
[2026-06-01T08:18:03.980+0000] {processor.py:186} INFO - Started process (PID=56) to work on /opt/airflow/dags/pipeline.py
[2026-06-01T08:18:03.981+0000] {processor.py:914} INFO - Processing file /opt/airflow/dags/pipeline.py for tasks to queue
[2026-06-01T08:18:03.984+0000] {logging_mixin.py:190} INFO - [2026-06-01T08:18:03.984+0000] {dagbag.py:588} INFO - Filling up the DagBag from /opt/airflow/dags/pipeline.py
[2026-06-01T08:18:04.002+0000] {logging_mixin.py:190} INFO - [2026-06-01T08:18:03.998+0000] {dagbag.py:387} ERROR - Failed to import: /opt/airflow/dags/pipeline.py
Traceback (most recent call last):
  File "/home/airflow/.local/lib/python3.12/site-packages/airflow/models/dagbag.py", line 383, in parse
    loader.exec_module(new_module)
  File "<frozen importlib._bootstrap_external>", line 999, in exec_module
  File "<frozen importlib._bootstrap>", line 488, in _call_with_frames_removed
  File "/opt/airflow/dags/pipeline.py", line 3, in <module>
    from airflow.providers.standard.operators.python import PythonOperator
ModuleNotFoundError: No module named 'airflow.providers.standard'
[2026-06-01T08:18:04.004+0000] {processor.py:927} WARNING - No viable dags retrieved from /opt/airflow/dags/pipeline.py
[2026-06-01T08:18:04.047+0000] {processor.py:208} INFO - Processing /opt/airflow/dags/pipeline.py took 0.077 seconds
[2026-06-01T08:18:34.407+0000] {processor.py:186} INFO - Started process (PID=58) to work on /opt/airflow/dags/pipeline.py
[2026-06-01T08:18:34.407+0000] {processor.py:914} INFO - Processing file /opt/airflow/dags/pipeline.py for tasks to queue
[2026-06-01T08:18:34.409+0000] {logging_mixin.py:190} INFO - [2026-06-01T08:18:34.409+0000] {dagbag.py:588} INFO - Filling up the DagBag from /opt/airflow/dags/pipeline.py
[2026-06-01T08:18:34.423+0000] {logging_mixin.py:190} INFO - [2026-06-01T08:18:34.420+0000] {dagbag.py:387} ERROR - Failed to import: /opt/airflow/dags/pipeline.py
Traceback (most recent call last):
  File "/home/airflow/.local/lib/python3.12/site-packages/airflow/models/dagbag.py", line 383, in parse
    loader.exec_module(new_module)
  File "<frozen importlib._bootstrap_external>", line 999, in exec_module
  File "<frozen importlib._bootstrap>", line 488, in _call_with_frames_removed
  File "/opt/airflow/dags/pipeline.py", line 3, in <module>
    from airflow.providers.standard.operators.python import PythonOperator
ModuleNotFoundError: No module named 'airflow.providers.standard'
[2026-06-01T08:18:34.424+0000] {processor.py:927} WARNING - No viable dags retrieved from /opt/airflow/dags/pipeline.py
[2026-06-01T08:18:34.443+0000] {processor.py:208} INFO - Processing /opt/airflow/dags/pipeline.py took 0.043 seconds
[2026-06-01T08:19:04.730+0000] {processor.py:186} INFO - Started process (PID=60) to work on /opt/airflow/dags/pipeline.py
[2026-06-01T08:19:04.732+0000] {processor.py:914} INFO - Processing file /opt/airflow/dags/pipeline.py for tasks to queue
[2026-06-01T08:19:04.735+0000] {logging_mixin.py:190} INFO - [2026-06-01T08:19:04.734+0000] {dagbag.py:588} INFO - Filling up the DagBag from /opt/airflow/dags/pipeline.py
[2026-06-01T08:19:04.778+0000] {logging_mixin.py:190} INFO - [2026-06-01T08:19:04.767+0000] {dagbag.py:387} ERROR - Failed to import: /opt/airflow/dags/pipeline.py
Traceback (most recent call last):
  File "/home/airflow/.local/lib/python3.12/site-packages/airflow/models/dagbag.py", line 383, in parse
    loader.exec_module(new_module)
  File "<frozen importlib._bootstrap_external>", line 999, in exec_module
  File "<frozen importlib._bootstrap>", line 488, in _call_with_frames_removed
  File "/opt/airflow/dags/pipeline.py", line 3, in <module>
    from airflow.providers.standard.operators.python import PythonOperator
ModuleNotFoundError: No module named 'airflow.providers.standard'
[2026-06-01T08:19:04.786+0000] {processor.py:927} WARNING - No viable dags retrieved from /opt/airflow/dags/pipeline.py
[2026-06-01T08:19:04.829+0000] {processor.py:208} INFO - Processing /opt/airflow/dags/pipeline.py took 0.109 seconds
[2026-06-01T08:19:35.177+0000] {processor.py:186} INFO - Started process (PID=62) to work on /opt/airflow/dags/pipeline.py
[2026-06-01T08:19:35.178+0000] {processor.py:914} INFO - Processing file /opt/airflow/dags/pipeline.py for tasks to queue
[2026-06-01T08:19:35.181+0000] {logging_mixin.py:190} INFO - [2026-06-01T08:19:35.180+0000] {dagbag.py:588} INFO - Filling up the DagBag from /opt/airflow/dags/pipeline.py
[2026-06-01T08:19:35.197+0000] {logging_mixin.py:190} INFO - [2026-06-01T08:19:35.193+0000] {dagbag.py:387} ERROR - Failed to import: /opt/airflow/dags/pipeline.py
Traceback (most recent call last):
  File "/home/airflow/.local/lib/python3.12/site-packages/airflow/models/dagbag.py", line 383, in parse
    loader.exec_module(new_module)
  File "<frozen importlib._bootstrap_external>", line 999, in exec_module
  File "<frozen importlib._bootstrap>", line 488, in _call_with_frames_removed
  File "/opt/airflow/dags/pipeline.py", line 3, in <module>
    from airflow.providers.standard.operators.python import PythonOperator
ModuleNotFoundError: No module named 'airflow.providers.standard'
[2026-06-01T08:19:35.198+0000] {processor.py:927} WARNING - No viable dags retrieved from /opt/airflow/dags/pipeline.py
[2026-06-01T08:19:35.274+0000] {processor.py:208} INFO - Processing /opt/airflow/dags/pipeline.py took 0.106 seconds
[2026-06-01T08:20:05.633+0000] {processor.py:186} INFO - Started process (PID=64) to work on /opt/airflow/dags/pipeline.py
[2026-06-01T08:20:05.634+0000] {processor.py:914} INFO - Processing file /opt/airflow/dags/pipeline.py for tasks to queue
[2026-06-01T08:20:05.636+0000] {logging_mixin.py:190} INFO - [2026-06-01T08:20:05.636+0000] {dagbag.py:588} INFO - Filling up the DagBag from /opt/airflow/dags/pipeline.py
[2026-06-01T08:20:05.649+0000] {logging_mixin.py:190} INFO - [2026-06-01T08:20:05.646+0000] {dagbag.py:387} ERROR - Failed to import: /opt/airflow/dags/pipeline.py
Traceback (most recent call last):
  File "/home/airflow/.local/lib/python3.12/site-packages/airflow/models/dagbag.py", line 383, in parse
    loader.exec_module(new_module)
  File "<frozen importlib._bootstrap_external>", line 999, in exec_module
  File "<frozen importlib._bootstrap>", line 488, in _call_with_frames_removed
  File "/opt/airflow/dags/pipeline.py", line 3, in <module>
    from airflow.providers.standard.operators.python import PythonOperator
ModuleNotFoundError: No module named 'airflow.providers.standard'
[2026-06-01T08:20:05.650+0000] {processor.py:927} WARNING - No viable dags retrieved from /opt/airflow/dags/pipeline.py
[2026-06-01T08:20:05.706+0000] {processor.py:208} INFO - Processing /opt/airflow/dags/pipeline.py took 0.079 seconds
[2026-06-01T08:20:35.956+0000] {processor.py:186} INFO - Started process (PID=66) to work on /opt/airflow/dags/pipeline.py
[2026-06-01T08:20:35.957+0000] {processor.py:914} INFO - Processing file /opt/airflow/dags/pipeline.py for tasks to queue
[2026-06-01T08:20:35.960+0000] {logging_mixin.py:190} INFO - [2026-06-01T08:20:35.959+0000] {dagbag.py:588} INFO - Filling up the DagBag from /opt/airflow/dags/pipeline.py
[2026-06-01T08:20:36.032+0000] {logging_mixin.py:190} INFO - [2026-06-01T08:20:36.029+0000] {dagbag.py:387} ERROR - Failed to import: /opt/airflow/dags/pipeline.py
Traceback (most recent call last):
  File "/home/airflow/.local/lib/python3.12/site-packages/airflow/models/dagbag.py", line 383, in parse
    loader.exec_module(new_module)
  File "<frozen importlib._bootstrap_external>", line 999, in exec_module
  File "<frozen importlib._bootstrap>", line 488, in _call_with_frames_removed
  File "/opt/airflow/dags/pipeline.py", line 3, in <module>
    from airflow.providers.standard.operators.python import PythonOperator
ModuleNotFoundError: No module named 'airflow.providers.standard'
[2026-06-01T08:20:36.033+0000] {processor.py:927} WARNING - No viable dags retrieved from /opt/airflow/dags/pipeline.py
[2026-06-01T08:20:36.056+0000] {processor.py:208} INFO - Processing /opt/airflow/dags/pipeline.py took 0.108 seconds
[2026-06-01T08:21:06.428+0000] {processor.py:186} INFO - Started process (PID=68) to work on /opt/airflow/dags/pipeline.py
[2026-06-01T08:21:06.432+0000] {processor.py:914} INFO - Processing file /opt/airflow/dags/pipeline.py for tasks to queue
[2026-06-01T08:21:06.444+0000] {logging_mixin.py:190} INFO - [2026-06-01T08:21:06.443+0000] {dagbag.py:588} INFO - Filling up the DagBag from /opt/airflow/dags/pipeline.py
[2026-06-01T08:21:06.469+0000] {logging_mixin.py:190} INFO - [2026-06-01T08:21:06.463+0000] {dagbag.py:387} ERROR - Failed to import: /opt/airflow/dags/pipeline.py
Traceback (most recent call last):
  File "/home/airflow/.local/lib/python3.12/site-packages/airflow/models/dagbag.py", line 383, in parse
    loader.exec_module(new_module)
  File "<frozen importlib._bootstrap_external>", line 999, in exec_module
  File "<frozen importlib._bootstrap>", line 488, in _call_with_frames_removed
  File "/opt/airflow/dags/pipeline.py", line 3, in <module>
    from airflow.providers.standard.operators.python import PythonOperator
ModuleNotFoundError: No module named 'airflow.providers.standard'
[2026-06-01T08:21:06.472+0000] {processor.py:927} WARNING - No viable dags retrieved from /opt/airflow/dags/pipeline.py
[2026-06-01T08:21:06.512+0000] {processor.py:208} INFO - Processing /opt/airflow/dags/pipeline.py took 0.113 seconds
[2026-06-01T08:21:36.715+0000] {processor.py:186} INFO - Started process (PID=70) to work on /opt/airflow/dags/pipeline.py
[2026-06-01T08:21:36.716+0000] {processor.py:914} INFO - Processing file /opt/airflow/dags/pipeline.py for tasks to queue
[2026-06-01T08:21:36.718+0000] {logging_mixin.py:190} INFO - [2026-06-01T08:21:36.718+0000] {dagbag.py:588} INFO - Filling up the DagBag from /opt/airflow/dags/pipeline.py
[2026-06-01T08:21:36.731+0000] {logging_mixin.py:190} INFO - [2026-06-01T08:21:36.728+0000] {dagbag.py:387} ERROR - Failed to import: /opt/airflow/dags/pipeline.py
Traceback (most recent call last):
  File "/home/airflow/.local/lib/python3.12/site-packages/airflow/models/dagbag.py", line 383, in parse
    loader.exec_module(new_module)
  File "<frozen importlib._bootstrap_external>", line 999, in exec_module
  File "<frozen importlib._bootstrap>", line 488, in _call_with_frames_removed
  File "/opt/airflow/dags/pipeline.py", line 3, in <module>
    from airflow.providers.standard.operators.python import PythonOperator
ModuleNotFoundError: No module named 'airflow.providers.standard'
[2026-06-01T08:21:36.732+0000] {processor.py:927} WARNING - No viable dags retrieved from /opt/airflow/dags/pipeline.py
[2026-06-01T08:21:36.757+0000] {processor.py:208} INFO - Processing /opt/airflow/dags/pipeline.py took 0.048 seconds
[2026-06-01T08:22:07.056+0000] {processor.py:186} INFO - Started process (PID=72) to work on /opt/airflow/dags/pipeline.py
[2026-06-01T08:22:07.057+0000] {processor.py:914} INFO - Processing file /opt/airflow/dags/pipeline.py for tasks to queue
[2026-06-01T08:22:07.059+0000] {logging_mixin.py:190} INFO - [2026-06-01T08:22:07.058+0000] {dagbag.py:588} INFO - Filling up the DagBag from /opt/airflow/dags/pipeline.py
[2026-06-01T08:22:07.072+0000] {logging_mixin.py:190} INFO - [2026-06-01T08:22:07.069+0000] {dagbag.py:387} ERROR - Failed to import: /opt/airflow/dags/pipeline.py
Traceback (most recent call last):
  File "/home/airflow/.local/lib/python3.12/site-packages/airflow/models/dagbag.py", line 383, in parse
    loader.exec_module(new_module)
  File "<frozen importlib._bootstrap_external>", line 999, in exec_module
  File "<frozen importlib._bootstrap>", line 488, in _call_with_frames_removed
  File "/opt/airflow/dags/pipeline.py", line 3, in <module>
    from airflow.providers.standard.operators.python import PythonOperator
ModuleNotFoundError: No module named 'airflow.providers.standard'
[2026-06-01T08:22:07.074+0000] {processor.py:927} WARNING - No viable dags retrieved from /opt/airflow/dags/pipeline.py
[2026-06-01T08:22:07.139+0000] {processor.py:208} INFO - Processing /opt/airflow/dags/pipeline.py took 0.090 seconds
[2026-06-01T08:22:37.466+0000] {processor.py:186} INFO - Started process (PID=74) to work on /opt/airflow/dags/pipeline.py
[2026-06-01T08:22:37.467+0000] {processor.py:914} INFO - Processing file /opt/airflow/dags/pipeline.py for tasks to queue
[2026-06-01T08:22:37.469+0000] {logging_mixin.py:190} INFO - [2026-06-01T08:22:37.469+0000] {dagbag.py:588} INFO - Filling up the DagBag from /opt/airflow/dags/pipeline.py
[2026-06-01T08:22:37.488+0000] {logging_mixin.py:190} INFO - [2026-06-01T08:22:37.485+0000] {dagbag.py:387} ERROR - Failed to import: /opt/airflow/dags/pipeline.py
Traceback (most recent call last):
  File "/home/airflow/.local/lib/python3.12/site-packages/airflow/models/dagbag.py", line 383, in parse
    loader.exec_module(new_module)
  File "<frozen importlib._bootstrap_external>", line 999, in exec_module
  File "<frozen importlib._bootstrap>", line 488, in _call_with_frames_removed
  File "/opt/airflow/dags/pipeline.py", line 3, in <module>
    from airflow.providers.standard.operators.python import PythonOperator
ModuleNotFoundError: No module named 'airflow.providers.standard'
[2026-06-01T08:22:37.490+0000] {processor.py:927} WARNING - No viable dags retrieved from /opt/airflow/dags/pipeline.py
[2026-06-01T08:22:37.513+0000] {processor.py:208} INFO - Processing /opt/airflow/dags/pipeline.py took 0.054 seconds
[2026-06-01T08:23:07.784+0000] {processor.py:186} INFO - Started process (PID=76) to work on /opt/airflow/dags/pipeline.py
[2026-06-01T08:23:07.786+0000] {processor.py:914} INFO - Processing file /opt/airflow/dags/pipeline.py for tasks to queue
[2026-06-01T08:23:07.789+0000] {logging_mixin.py:190} INFO - [2026-06-01T08:23:07.789+0000] {dagbag.py:588} INFO - Filling up the DagBag from /opt/airflow/dags/pipeline.py
[2026-06-01T08:23:07.805+0000] {logging_mixin.py:190} INFO - [2026-06-01T08:23:07.801+0000] {dagbag.py:387} ERROR - Failed to import: /opt/airflow/dags/pipeline.py
Traceback (most recent call last):
  File "/home/airflow/.local/lib/python3.12/site-packages/airflow/models/dagbag.py", line 383, in parse
    loader.exec_module(new_module)
  File "<frozen importlib._bootstrap_external>", line 999, in exec_module
  File "<frozen importlib._bootstrap>", line 488, in _call_with_frames_removed
  File "/opt/airflow/dags/pipeline.py", line 3, in <module>
    from airflow.providers.standard.operators.python import PythonOperator
ModuleNotFoundError: No module named 'airflow.providers.standard'
[2026-06-01T08:23:07.807+0000] {processor.py:927} WARNING - No viable dags retrieved from /opt/airflow/dags/pipeline.py
[2026-06-01T08:23:07.847+0000] {processor.py:208} INFO - Processing /opt/airflow/dags/pipeline.py took 0.073 seconds
[2026-06-01T08:23:38.245+0000] {processor.py:186} INFO - Started process (PID=78) to work on /opt/airflow/dags/pipeline.py
[2026-06-01T08:23:38.246+0000] {processor.py:914} INFO - Processing file /opt/airflow/dags/pipeline.py for tasks to queue
[2026-06-01T08:23:38.248+0000] {logging_mixin.py:190} INFO - [2026-06-01T08:23:38.248+0000] {dagbag.py:588} INFO - Filling up the DagBag from /opt/airflow/dags/pipeline.py
[2026-06-01T08:23:38.261+0000] {logging_mixin.py:190} INFO - [2026-06-01T08:23:38.258+0000] {dagbag.py:387} ERROR - Failed to import: /opt/airflow/dags/pipeline.py
Traceback (most recent call last):
  File "/home/airflow/.local/lib/python3.12/site-packages/airflow/models/dagbag.py", line 383, in parse
    loader.exec_module(new_module)
  File "<frozen importlib._bootstrap_external>", line 999, in exec_module
  File "<frozen importlib._bootstrap>", line 488, in _call_with_frames_removed
  File "/opt/airflow/dags/pipeline.py", line 3, in <module>
    from airflow.providers.standard.operators.python import PythonOperator
ModuleNotFoundError: No module named 'airflow.providers.standard'
[2026-06-01T08:23:38.262+0000] {processor.py:927} WARNING - No viable dags retrieved from /opt/airflow/dags/pipeline.py
[2026-06-01T08:23:38.320+0000] {processor.py:208} INFO - Processing /opt/airflow/dags/pipeline.py took 0.081 seconds
[2026-06-01T08:24:08.596+0000] {processor.py:186} INFO - Started process (PID=80) to work on /opt/airflow/dags/pipeline.py
[2026-06-01T08:24:08.597+0000] {processor.py:914} INFO - Processing file /opt/airflow/dags/pipeline.py for tasks to queue
[2026-06-01T08:24:08.602+0000] {logging_mixin.py:190} INFO - [2026-06-01T08:24:08.602+0000] {dagbag.py:588} INFO - Filling up the DagBag from /opt/airflow/dags/pipeline.py
[2026-06-01T08:24:08.617+0000] {logging_mixin.py:190} INFO - [2026-06-01T08:24:08.613+0000] {dagbag.py:387} ERROR - Failed to import: /opt/airflow/dags/pipeline.py
Traceback (most recent call last):
  File "/home/airflow/.local/lib/python3.12/site-packages/airflow/models/dagbag.py", line 383, in parse
    loader.exec_module(new_module)
  File "<frozen importlib._bootstrap_external>", line 999, in exec_module
  File "<frozen importlib._bootstrap>", line 488, in _call_with_frames_removed
  File "/opt/airflow/dags/pipeline.py", line 3, in <module>
    from airflow.providers.standard.operators.python import PythonOperator
ModuleNotFoundError: No module named 'airflow.providers.standard'
[2026-06-01T08:24:08.624+0000] {processor.py:927} WARNING - No viable dags retrieved from /opt/airflow/dags/pipeline.py
[2026-06-01T08:24:08.648+0000] {processor.py:208} INFO - Processing /opt/airflow/dags/pipeline.py took 0.059 seconds
[2026-06-01T08:24:39.462+0000] {processor.py:186} INFO - Started process (PID=82) to work on /opt/airflow/dags/pipeline.py
[2026-06-01T08:24:39.463+0000] {processor.py:914} INFO - Processing file /opt/airflow/dags/pipeline.py for tasks to queue
[2026-06-01T08:24:39.471+0000] {logging_mixin.py:190} INFO - [2026-06-01T08:24:39.470+0000] {dagbag.py:588} INFO - Filling up the DagBag from /opt/airflow/dags/pipeline.py
[2026-06-01T08:24:39.495+0000] {logging_mixin.py:190} INFO - [2026-06-01T08:24:39.491+0000] {dagbag.py:387} ERROR - Failed to import: /opt/airflow/dags/pipeline.py
Traceback (most recent call last):
  File "/home/airflow/.local/lib/python3.12/site-packages/airflow/models/dagbag.py", line 383, in parse
    loader.exec_module(new_module)
  File "<frozen importlib._bootstrap_external>", line 999, in exec_module
  File "<frozen importlib._bootstrap>", line 488, in _call_with_frames_removed
  File "/opt/airflow/dags/pipeline.py", line 3, in <module>
    from airflow.providers.standard.operators.python import PythonOperator
ModuleNotFoundError: No module named 'airflow.providers.standard'
[2026-06-01T08:24:39.496+0000] {processor.py:927} WARNING - No viable dags retrieved from /opt/airflow/dags/pipeline.py
[2026-06-01T08:24:39.538+0000] {processor.py:208} INFO - Processing /opt/airflow/dags/pipeline.py took 0.230 seconds
[2026-06-01T08:25:09.842+0000] {processor.py:186} INFO - Started process (PID=84) to work on /opt/airflow/dags/pipeline.py
[2026-06-01T08:25:09.843+0000] {processor.py:914} INFO - Processing file /opt/airflow/dags/pipeline.py for tasks to queue
[2026-06-01T08:25:09.845+0000] {logging_mixin.py:190} INFO - [2026-06-01T08:25:09.845+0000] {dagbag.py:588} INFO - Filling up the DagBag from /opt/airflow/dags/pipeline.py
[2026-06-01T08:25:09.857+0000] {logging_mixin.py:190} INFO - [2026-06-01T08:25:09.855+0000] {dagbag.py:387} ERROR - Failed to import: /opt/airflow/dags/pipeline.py
Traceback (most recent call last):
  File "/home/airflow/.local/lib/python3.12/site-packages/airflow/models/dagbag.py", line 383, in parse
    loader.exec_module(new_module)
  File "<frozen importlib._bootstrap_external>", line 999, in exec_module
  File "<frozen importlib._bootstrap>", line 488, in _call_with_frames_removed
  File "/opt/airflow/dags/pipeline.py", line 3, in <module>
    from airflow.providers.standard.operators.python import PythonOperator
ModuleNotFoundError: No module named 'airflow.providers.standard'
[2026-06-01T08:25:09.859+0000] {processor.py:927} WARNING - No viable dags retrieved from /opt/airflow/dags/pipeline.py
[2026-06-01T08:25:09.922+0000] {processor.py:208} INFO - Processing /opt/airflow/dags/pipeline.py took 0.085 seconds
[2026-06-01T08:25:40.086+0000] {processor.py:186} INFO - Started process (PID=86) to work on /opt/airflow/dags/pipeline.py
[2026-06-01T08:25:40.087+0000] {processor.py:914} INFO - Processing file /opt/airflow/dags/pipeline.py for tasks to queue
[2026-06-01T08:25:40.089+0000] {logging_mixin.py:190} INFO - [2026-06-01T08:25:40.089+0000] {dagbag.py:588} INFO - Filling up the DagBag from /opt/airflow/dags/pipeline.py
[2026-06-01T08:25:40.102+0000] {logging_mixin.py:190} INFO - [2026-06-01T08:25:40.099+0000] {dagbag.py:387} ERROR - Failed to import: /opt/airflow/dags/pipeline.py
Traceback (most recent call last):
  File "/home/airflow/.local/lib/python3.12/site-packages/airflow/models/dagbag.py", line 383, in parse
    loader.exec_module(new_module)
  File "<frozen importlib._bootstrap_external>", line 999, in exec_module
  File "<frozen importlib._bootstrap>", line 488, in _call_with_frames_removed
  File "/opt/airflow/dags/pipeline.py", line 3, in <module>
    from airflow.providers.standard.operators.python import PythonOperator
ModuleNotFoundError: No module named 'airflow.providers.standard'
[2026-06-01T08:25:40.103+0000] {processor.py:927} WARNING - No viable dags retrieved from /opt/airflow/dags/pipeline.py
[2026-06-01T08:25:40.127+0000] {processor.py:208} INFO - Processing /opt/airflow/dags/pipeline.py took 0.046 seconds
[2026-06-01T08:26:10.405+0000] {processor.py:186} INFO - Started process (PID=88) to work on /opt/airflow/dags/pipeline.py
[2026-06-01T08:26:10.406+0000] {processor.py:914} INFO - Processing file /opt/airflow/dags/pipeline.py for tasks to queue
[2026-06-01T08:26:10.408+0000] {logging_mixin.py:190} INFO - [2026-06-01T08:26:10.408+0000] {dagbag.py:588} INFO - Filling up the DagBag from /opt/airflow/dags/pipeline.py
[2026-06-01T08:26:10.452+0000] {logging_mixin.py:190} INFO - [2026-06-01T08:26:10.449+0000] {dagbag.py:387} ERROR - Failed to import: /opt/airflow/dags/pipeline.py
Traceback (most recent call last):
  File "/home/airflow/.local/lib/python3.12/site-packages/airflow/models/dagbag.py", line 383, in parse
    loader.exec_module(new_module)
  File "<frozen importlib._bootstrap_external>", line 999, in exec_module
  File "<frozen importlib._bootstrap>", line 488, in _call_with_frames_removed
  File "/opt/airflow/dags/pipeline.py", line 3, in <module>
    from airflow.providers.standard.operators.python import PythonOperator
ModuleNotFoundError: No module named 'airflow.providers.standard'
[2026-06-01T08:26:10.453+0000] {processor.py:927} WARNING - No viable dags retrieved from /opt/airflow/dags/pipeline.py
[2026-06-01T08:26:10.482+0000] {processor.py:208} INFO - Processing /opt/airflow/dags/pipeline.py took 0.084 seconds
[2026-06-01T08:26:40.745+0000] {processor.py:186} INFO - Started process (PID=90) to work on /opt/airflow/dags/pipeline.py
[2026-06-01T08:26:40.751+0000] {processor.py:914} INFO - Processing file /opt/airflow/dags/pipeline.py for tasks to queue
[2026-06-01T08:26:40.753+0000] {logging_mixin.py:190} INFO - [2026-06-01T08:26:40.753+0000] {dagbag.py:588} INFO - Filling up the DagBag from /opt/airflow/dags/pipeline.py
[2026-06-01T08:26:40.777+0000] {logging_mixin.py:190} INFO - [2026-06-01T08:26:40.774+0000] {dagbag.py:387} ERROR - Failed to import: /opt/airflow/dags/pipeline.py
Traceback (most recent call last):
  File "/home/airflow/.local/lib/python3.12/site-packages/airflow/models/dagbag.py", line 383, in parse
    loader.exec_module(new_module)
  File "<frozen importlib._bootstrap_external>", line 999, in exec_module
  File "<frozen importlib._bootstrap>", line 488, in _call_with_frames_removed
  File "/opt/airflow/dags/pipeline.py", line 3, in <module>
    from airflow.providers.standard.operators.python import PythonOperator
ModuleNotFoundError: No module named 'airflow.providers.standard'
[2026-06-01T08:26:40.778+0000] {processor.py:927} WARNING - No viable dags retrieved from /opt/airflow/dags/pipeline.py
[2026-06-01T08:26:40.826+0000] {processor.py:208} INFO - Processing /opt/airflow/dags/pipeline.py took 0.089 seconds
[2026-06-01T08:27:11.213+0000] {processor.py:186} INFO - Started process (PID=92) to work on /opt/airflow/dags/pipeline.py
[2026-06-01T08:27:11.221+0000] {processor.py:914} INFO - Processing file /opt/airflow/dags/pipeline.py for tasks to queue
[2026-06-01T08:27:11.258+0000] {logging_mixin.py:190} INFO - [2026-06-01T08:27:11.255+0000] {dagbag.py:588} INFO - Filling up the DagBag from /opt/airflow/dags/pipeline.py
[2026-06-01T08:27:11.331+0000] {logging_mixin.py:190} INFO - [2026-06-01T08:27:11.316+0000] {dagbag.py:387} ERROR - Failed to import: /opt/airflow/dags/pipeline.py
Traceback (most recent call last):
  File "/home/airflow/.local/lib/python3.12/site-packages/airflow/models/dagbag.py", line 383, in parse
    loader.exec_module(new_module)
  File "<frozen importlib._bootstrap_external>", line 999, in exec_module
  File "<frozen importlib._bootstrap>", line 488, in _call_with_frames_removed
  File "/opt/airflow/dags/pipeline.py", line 3, in <module>
    from airflow.providers.standard.operators.python import PythonOperator
ModuleNotFoundError: No module named 'airflow.providers.standard'
[2026-06-01T08:27:11.338+0000] {processor.py:927} WARNING - No viable dags retrieved from /opt/airflow/dags/pipeline.py
[2026-06-01T08:27:11.362+0000] {processor.py:208} INFO - Processing /opt/airflow/dags/pipeline.py took 0.232 seconds
[2026-06-01T08:27:41.649+0000] {processor.py:186} INFO - Started process (PID=94) to work on /opt/airflow/dags/pipeline.py
[2026-06-01T08:27:41.658+0000] {processor.py:914} INFO - Processing file /opt/airflow/dags/pipeline.py for tasks to queue
[2026-06-01T08:27:41.660+0000] {logging_mixin.py:190} INFO - [2026-06-01T08:27:41.660+0000] {dagbag.py:588} INFO - Filling up the DagBag from /opt/airflow/dags/pipeline.py
[2026-06-01T08:27:41.680+0000] {logging_mixin.py:190} INFO - [2026-06-01T08:27:41.672+0000] {dagbag.py:387} ERROR - Failed to import: /opt/airflow/dags/pipeline.py
Traceback (most recent call last):
  File "/home/airflow/.local/lib/python3.12/site-packages/airflow/models/dagbag.py", line 383, in parse
    loader.exec_module(new_module)
  File "<frozen importlib._bootstrap_external>", line 999, in exec_module
  File "<frozen importlib._bootstrap>", line 488, in _call_with_frames_removed
  File "/opt/airflow/dags/pipeline.py", line 3, in <module>
    from airflow.providers.standard.operators.python import PythonOperator
ModuleNotFoundError: No module named 'airflow.providers.standard'
[2026-06-01T08:27:41.682+0000] {processor.py:927} WARNING - No viable dags retrieved from /opt/airflow/dags/pipeline.py
[2026-06-01T08:27:41.744+0000] {processor.py:208} INFO - Processing /opt/airflow/dags/pipeline.py took 0.102 seconds
[2026-06-01T08:28:11.960+0000] {processor.py:186} INFO - Started process (PID=96) to work on /opt/airflow/dags/pipeline.py
[2026-06-01T08:28:11.962+0000] {processor.py:914} INFO - Processing file /opt/airflow/dags/pipeline.py for tasks to queue
[2026-06-01T08:28:11.965+0000] {logging_mixin.py:190} INFO - [2026-06-01T08:28:11.965+0000] {dagbag.py:588} INFO - Filling up the DagBag from /opt/airflow/dags/pipeline.py
[2026-06-01T08:28:11.984+0000] {logging_mixin.py:190} INFO - [2026-06-01T08:28:11.981+0000] {dagbag.py:387} ERROR - Failed to import: /opt/airflow/dags/pipeline.py
Traceback (most recent call last):
  File "/home/airflow/.local/lib/python3.12/site-packages/airflow/models/dagbag.py", line 383, in parse
    loader.exec_module(new_module)
  File "<frozen importlib._bootstrap_external>", line 999, in exec_module
  File "<frozen importlib._bootstrap>", line 488, in _call_with_frames_removed
  File "/opt/airflow/dags/pipeline.py", line 3, in <module>
    from airflow.providers.standard.operators.python import PythonOperator
ModuleNotFoundError: No module named 'airflow.providers.standard'
[2026-06-01T08:28:11.985+0000] {processor.py:927} WARNING - No viable dags retrieved from /opt/airflow/dags/pipeline.py
[2026-06-01T08:28:12.046+0000] {processor.py:208} INFO - Processing /opt/airflow/dags/pipeline.py took 0.096 seconds
[2026-06-01T08:28:42.334+0000] {processor.py:186} INFO - Started process (PID=98) to work on /opt/airflow/dags/pipeline.py
[2026-06-01T08:28:42.336+0000] {processor.py:914} INFO - Processing file /opt/airflow/dags/pipeline.py for tasks to queue
[2026-06-01T08:28:42.351+0000] {logging_mixin.py:190} INFO - [2026-06-01T08:28:42.351+0000] {dagbag.py:588} INFO - Filling up the DagBag from /opt/airflow/dags/pipeline.py
[2026-06-01T08:28:42.365+0000] {logging_mixin.py:190} INFO - [2026-06-01T08:28:42.362+0000] {dagbag.py:387} ERROR - Failed to import: /opt/airflow/dags/pipeline.py
Traceback (most recent call last):
  File "/home/airflow/.local/lib/python3.12/site-packages/airflow/models/dagbag.py", line 383, in parse
    loader.exec_module(new_module)
  File "<frozen importlib._bootstrap_external>", line 999, in exec_module
  File "<frozen importlib._bootstrap>", line 488, in _call_with_frames_removed
  File "/opt/airflow/dags/pipeline.py", line 3, in <module>
    from airflow.providers.standard.operators.python import PythonOperator
ModuleNotFoundError: No module named 'airflow.providers.standard'
[2026-06-01T08:28:42.367+0000] {processor.py:927} WARNING - No viable dags retrieved from /opt/airflow/dags/pipeline.py
[2026-06-01T08:28:42.397+0000] {processor.py:208} INFO - Processing /opt/airflow/dags/pipeline.py took 0.070 seconds
[2026-06-01T08:29:12.642+0000] {processor.py:186} INFO - Started process (PID=100) to work on /opt/airflow/dags/pipeline.py
[2026-06-01T08:29:12.643+0000] {processor.py:914} INFO - Processing file /opt/airflow/dags/pipeline.py for tasks to queue
[2026-06-01T08:29:12.646+0000] {logging_mixin.py:190} INFO - [2026-06-01T08:29:12.645+0000] {dagbag.py:588} INFO - Filling up the DagBag from /opt/airflow/dags/pipeline.py
[2026-06-01T08:29:12.663+0000] {logging_mixin.py:190} INFO - [2026-06-01T08:29:12.658+0000] {dagbag.py:387} ERROR - Failed to import: /opt/airflow/dags/pipeline.py
Traceback (most recent call last):
  File "/home/airflow/.local/lib/python3.12/site-packages/airflow/models/dagbag.py", line 383, in parse
    loader.exec_module(new_module)
  File "<frozen importlib._bootstrap_external>", line 999, in exec_module
  File "<frozen importlib._bootstrap>", line 488, in _call_with_frames_removed
  File "/opt/airflow/dags/pipeline.py", line 3, in <module>
    from airflow.providers.standard.operators.python import PythonOperator
ModuleNotFoundError: No module named 'airflow.providers.standard'
[2026-06-01T08:29:12.665+0000] {processor.py:927} WARNING - No viable dags retrieved from /opt/airflow/dags/pipeline.py
[2026-06-01T08:29:12.689+0000] {processor.py:208} INFO - Processing /opt/airflow/dags/pipeline.py took 0.058 seconds
[2026-06-01T08:29:42.879+0000] {processor.py:186} INFO - Started process (PID=102) to work on /opt/airflow/dags/pipeline.py
[2026-06-01T08:29:42.881+0000] {processor.py:914} INFO - Processing file /opt/airflow/dags/pipeline.py for tasks to queue
[2026-06-01T08:29:42.884+0000] {logging_mixin.py:190} INFO - [2026-06-01T08:29:42.883+0000] {dagbag.py:588} INFO - Filling up the DagBag from /opt/airflow/dags/pipeline.py
[2026-06-01T08:29:42.896+0000] {logging_mixin.py:190} INFO - [2026-06-01T08:29:42.893+0000] {dagbag.py:387} ERROR - Failed to import: /opt/airflow/dags/pipeline.py
Traceback (most recent call last):
  File "/home/airflow/.local/lib/python3.12/site-packages/airflow/models/dagbag.py", line 383, in parse
    loader.exec_module(new_module)
  File "<frozen importlib._bootstrap_external>", line 999, in exec_module
  File "<frozen importlib._bootstrap>", line 488, in _call_with_frames_removed
  File "/opt/airflow/dags/pipeline.py", line 3, in <module>
    from airflow.providers.standard.operators.python import PythonOperator
ModuleNotFoundError: No module named 'airflow.providers.standard'
[2026-06-01T08:29:42.897+0000] {processor.py:927} WARNING - No viable dags retrieved from /opt/airflow/dags/pipeline.py
[2026-06-01T08:29:42.923+0000] {processor.py:208} INFO - Processing /opt/airflow/dags/pipeline.py took 0.060 seconds
[2026-06-01T08:30:13.173+0000] {processor.py:186} INFO - Started process (PID=104) to work on /opt/airflow/dags/pipeline.py
[2026-06-01T08:30:13.180+0000] {processor.py:914} INFO - Processing file /opt/airflow/dags/pipeline.py for tasks to queue
[2026-06-01T08:30:13.193+0000] {logging_mixin.py:190} INFO - [2026-06-01T08:30:13.191+0000] {dagbag.py:588} INFO - Filling up the DagBag from /opt/airflow/dags/pipeline.py
[2026-06-01T08:30:13.224+0000] {logging_mixin.py:190} INFO - [2026-06-01T08:30:13.219+0000] {dagbag.py:387} ERROR - Failed to import: /opt/airflow/dags/pipeline.py
Traceback (most recent call last):
  File "/home/airflow/.local/lib/python3.12/site-packages/airflow/models/dagbag.py", line 383, in parse
    loader.exec_module(new_module)
  File "<frozen importlib._bootstrap_external>", line 999, in exec_module
  File "<frozen importlib._bootstrap>", line 488, in _call_with_frames_removed
  File "/opt/airflow/dags/pipeline.py", line 3, in <module>
    from airflow.providers.standard.operators.python import PythonOperator
ModuleNotFoundError: No module named 'airflow.providers.standard'
[2026-06-01T08:30:13.225+0000] {processor.py:927} WARNING - No viable dags retrieved from /opt/airflow/dags/pipeline.py
[2026-06-01T08:30:13.274+0000] {processor.py:208} INFO - Processing /opt/airflow/dags/pipeline.py took 0.116 seconds
[2026-06-01T08:30:43.451+0000] {processor.py:186} INFO - Started process (PID=106) to work on /opt/airflow/dags/pipeline.py
[2026-06-01T08:30:43.454+0000] {processor.py:914} INFO - Processing file /opt/airflow/dags/pipeline.py for tasks to queue
[2026-06-01T08:30:43.458+0000] {logging_mixin.py:190} INFO - [2026-06-01T08:30:43.457+0000] {dagbag.py:588} INFO - Filling up the DagBag from /opt/airflow/dags/pipeline.py
[2026-06-01T08:30:43.490+0000] {logging_mixin.py:190} INFO - [2026-06-01T08:30:43.476+0000] {dagbag.py:387} ERROR - Failed to import: /opt/airflow/dags/pipeline.py
Traceback (most recent call last):
  File "/home/airflow/.local/lib/python3.12/site-packages/airflow/models/dagbag.py", line 383, in parse
    loader.exec_module(new_module)
  File "<frozen importlib._bootstrap_external>", line 999, in exec_module
  File "<frozen importlib._bootstrap>", line 488, in _call_with_frames_removed
  File "/opt/airflow/dags/pipeline.py", line 3, in <module>
    from airflow.providers.standard.operators.python import PythonOperator
ModuleNotFoundError: No module named 'airflow.providers.standard'
[2026-06-01T08:30:43.493+0000] {processor.py:927} WARNING - No viable dags retrieved from /opt/airflow/dags/pipeline.py
[2026-06-01T08:30:43.530+0000] {processor.py:208} INFO - Processing /opt/airflow/dags/pipeline.py took 0.088 seconds
[2026-06-01T08:31:13.779+0000] {processor.py:186} INFO - Started process (PID=108) to work on /opt/airflow/dags/pipeline.py
[2026-06-01T08:31:13.787+0000] {processor.py:914} INFO - Processing file /opt/airflow/dags/pipeline.py for tasks to queue
[2026-06-01T08:31:13.790+0000] {logging_mixin.py:190} INFO - [2026-06-01T08:31:13.789+0000] {dagbag.py:588} INFO - Filling up the DagBag from /opt/airflow/dags/pipeline.py
[2026-06-01T08:31:13.806+0000] {logging_mixin.py:190} INFO - [2026-06-01T08:31:13.803+0000] {dagbag.py:387} ERROR - Failed to import: /opt/airflow/dags/pipeline.py
Traceback (most recent call last):
  File "/home/airflow/.local/lib/python3.12/site-packages/airflow/models/dagbag.py", line 383, in parse
    loader.exec_module(new_module)
  File "<frozen importlib._bootstrap_external>", line 999, in exec_module
  File "<frozen importlib._bootstrap>", line 488, in _call_with_frames_removed
  File "/opt/airflow/dags/pipeline.py", line 3, in <module>
    from airflow.providers.standard.operators.python import PythonOperator
ModuleNotFoundError: No module named 'airflow.providers.standard'
[2026-06-01T08:31:13.808+0000] {processor.py:927} WARNING - No viable dags retrieved from /opt/airflow/dags/pipeline.py
[2026-06-01T08:31:13.860+0000] {processor.py:208} INFO - Processing /opt/airflow/dags/pipeline.py took 0.088 seconds
[2026-06-01T08:31:44.072+0000] {processor.py:186} INFO - Started process (PID=110) to work on /opt/airflow/dags/pipeline.py
[2026-06-01T08:31:44.077+0000] {processor.py:914} INFO - Processing file /opt/airflow/dags/pipeline.py for tasks to queue
[2026-06-01T08:31:44.086+0000] {logging_mixin.py:190} INFO - [2026-06-01T08:31:44.083+0000] {dagbag.py:588} INFO - Filling up the DagBag from /opt/airflow/dags/pipeline.py
[2026-06-01T08:31:44.177+0000] {logging_mixin.py:190} INFO - [2026-06-01T08:31:44.171+0000] {dagbag.py:387} ERROR - Failed to import: /opt/airflow/dags/pipeline.py
Traceback (most recent call last):
  File "/home/airflow/.local/lib/python3.12/site-packages/airflow/models/dagbag.py", line 383, in parse
    loader.exec_module(new_module)
  File "<frozen importlib._bootstrap_external>", line 999, in exec_module
  File "<frozen importlib._bootstrap>", line 488, in _call_with_frames_removed
  File "/opt/airflow/dags/pipeline.py", line 3, in <module>
    from airflow.providers.standard.operators.python import PythonOperator
ModuleNotFoundError: No module named 'airflow.providers.standard'
[2026-06-01T08:31:44.178+0000] {processor.py:927} WARNING - No viable dags retrieved from /opt/airflow/dags/pipeline.py
[2026-06-01T08:31:44.204+0000] {processor.py:208} INFO - Processing /opt/airflow/dags/pipeline.py took 0.140 seconds
[2026-06-01T08:32:14.362+0000] {processor.py:186} INFO - Started process (PID=112) to work on /opt/airflow/dags/pipeline.py
[2026-06-01T08:32:14.363+0000] {processor.py:914} INFO - Processing file /opt/airflow/dags/pipeline.py for tasks to queue
[2026-06-01T08:32:14.365+0000] {logging_mixin.py:190} INFO - [2026-06-01T08:32:14.365+0000] {dagbag.py:588} INFO - Filling up the DagBag from /opt/airflow/dags/pipeline.py
[2026-06-01T08:32:14.424+0000] {logging_mixin.py:190} INFO - [2026-06-01T08:32:14.419+0000] {dagbag.py:387} ERROR - Failed to import: /opt/airflow/dags/pipeline.py
Traceback (most recent call last):
  File "/home/airflow/.local/lib/python3.12/site-packages/airflow/models/dagbag.py", line 383, in parse
    loader.exec_module(new_module)
  File "<frozen importlib._bootstrap_external>", line 999, in exec_module
  File "<frozen importlib._bootstrap>", line 488, in _call_with_frames_removed
  File "/opt/airflow/dags/pipeline.py", line 3, in <module>
    from airflow.providers.standard.operators.python import PythonOperator
ModuleNotFoundError: No module named 'airflow.providers.standard'
[2026-06-01T08:32:14.426+0000] {processor.py:927} WARNING - No viable dags retrieved from /opt/airflow/dags/pipeline.py
[2026-06-01T08:32:14.463+0000] {processor.py:208} INFO - Processing /opt/airflow/dags/pipeline.py took 0.110 seconds
[2026-06-01T08:32:44.719+0000] {processor.py:186} INFO - Started process (PID=114) to work on /opt/airflow/dags/pipeline.py
[2026-06-01T08:32:44.722+0000] {processor.py:914} INFO - Processing file /opt/airflow/dags/pipeline.py for tasks to queue
[2026-06-01T08:32:44.724+0000] {logging_mixin.py:190} INFO - [2026-06-01T08:32:44.724+0000] {dagbag.py:588} INFO - Filling up the DagBag from /opt/airflow/dags/pipeline.py
[2026-06-01T08:32:44.740+0000] {logging_mixin.py:190} INFO - [2026-06-01T08:32:44.737+0000] {dagbag.py:387} ERROR - Failed to import: /opt/airflow/dags/pipeline.py
Traceback (most recent call last):
  File "/home/airflow/.local/lib/python3.12/site-packages/airflow/models/dagbag.py", line 383, in parse
    loader.exec_module(new_module)
  File "<frozen importlib._bootstrap_external>", line 999, in exec_module
  File "<frozen importlib._bootstrap>", line 488, in _call_with_frames_removed
  File "/opt/airflow/dags/pipeline.py", line 3, in <module>
    from airflow.providers.standard.operators.python import PythonOperator
ModuleNotFoundError: No module named 'airflow.providers.standard'
[2026-06-01T08:32:44.742+0000] {processor.py:927} WARNING - No viable dags retrieved from /opt/airflow/dags/pipeline.py
[2026-06-01T08:32:44.770+0000] {processor.py:208} INFO - Processing /opt/airflow/dags/pipeline.py took 0.059 seconds
[2026-06-01T08:33:15.176+0000] {processor.py:186} INFO - Started process (PID=116) to work on /opt/airflow/dags/pipeline.py
[2026-06-01T08:33:15.177+0000] {processor.py:914} INFO - Processing file /opt/airflow/dags/pipeline.py for tasks to queue
[2026-06-01T08:33:15.186+0000] {logging_mixin.py:190} INFO - [2026-06-01T08:33:15.183+0000] {dagbag.py:588} INFO - Filling up the DagBag from /opt/airflow/dags/pipeline.py
[2026-06-01T08:33:15.206+0000] {logging_mixin.py:190} INFO - [2026-06-01T08:33:15.203+0000] {dagbag.py:387} ERROR - Failed to import: /opt/airflow/dags/pipeline.py
Traceback (most recent call last):
  File "/home/airflow/.local/lib/python3.12/site-packages/airflow/models/dagbag.py", line 383, in parse
    loader.exec_module(new_module)
  File "<frozen importlib._bootstrap_external>", line 999, in exec_module
  File "<frozen importlib._bootstrap>", line 488, in _call_with_frames_removed
  File "/opt/airflow/dags/pipeline.py", line 3, in <module>
    from airflow.providers.standard.operators.python import PythonOperator
ModuleNotFoundError: No module named 'airflow.providers.standard'
[2026-06-01T08:33:15.208+0000] {processor.py:927} WARNING - No viable dags retrieved from /opt/airflow/dags/pipeline.py
[2026-06-01T08:33:15.248+0000] {processor.py:208} INFO - Processing /opt/airflow/dags/pipeline.py took 0.079 seconds
[2026-06-01T08:33:45.607+0000] {processor.py:186} INFO - Started process (PID=118) to work on /opt/airflow/dags/pipeline.py
[2026-06-01T08:33:45.608+0000] {processor.py:914} INFO - Processing file /opt/airflow/dags/pipeline.py for tasks to queue
[2026-06-01T08:33:45.620+0000] {logging_mixin.py:190} INFO - [2026-06-01T08:33:45.620+0000] {dagbag.py:588} INFO - Filling up the DagBag from /opt/airflow/dags/pipeline.py
[2026-06-01T08:33:45.633+0000] {logging_mixin.py:190} INFO - [2026-06-01T08:33:45.629+0000] {dagbag.py:387} ERROR - Failed to import: /opt/airflow/dags/pipeline.py
Traceback (most recent call last):
  File "/home/airflow/.local/lib/python3.12/site-packages/airflow/models/dagbag.py", line 383, in parse
    loader.exec_module(new_module)
  File "<frozen importlib._bootstrap_external>", line 999, in exec_module
  File "<frozen importlib._bootstrap>", line 488, in _call_with_frames_removed
  File "/opt/airflow/dags/pipeline.py", line 3, in <module>
    from airflow.providers.standard.operators.python import PythonOperator
ModuleNotFoundError: No module named 'airflow.providers.standard'
[2026-06-01T08:33:45.634+0000] {processor.py:927} WARNING - No viable dags retrieved from /opt/airflow/dags/pipeline.py
[2026-06-01T08:33:45.696+0000] {processor.py:208} INFO - Processing /opt/airflow/dags/pipeline.py took 0.096 seconds
[2026-06-01T08:34:15.955+0000] {processor.py:186} INFO - Started process (PID=120) to work on /opt/airflow/dags/pipeline.py
[2026-06-01T08:34:15.959+0000] {processor.py:914} INFO - Processing file /opt/airflow/dags/pipeline.py for tasks to queue
[2026-06-01T08:34:15.962+0000] {logging_mixin.py:190} INFO - [2026-06-01T08:34:15.962+0000] {dagbag.py:588} INFO - Filling up the DagBag from /opt/airflow/dags/pipeline.py
[2026-06-01T08:34:15.990+0000] {logging_mixin.py:190} INFO - [2026-06-01T08:34:15.986+0000] {dagbag.py:387} ERROR - Failed to import: /opt/airflow/dags/pipeline.py
Traceback (most recent call last):
  File "/home/airflow/.local/lib/python3.12/site-packages/airflow/models/dagbag.py", line 383, in parse
    loader.exec_module(new_module)
  File "<frozen importlib._bootstrap_external>", line 999, in exec_module
  File "<frozen importlib._bootstrap>", line 488, in _call_with_frames_removed
  File "/opt/airflow/dags/pipeline.py", line 3, in <module>
    from airflow.providers.standard.operators.python import PythonOperator
ModuleNotFoundError: No module named 'airflow.providers.standard'
[2026-06-01T08:34:15.991+0000] {processor.py:927} WARNING - No viable dags retrieved from /opt/airflow/dags/pipeline.py
[2026-06-01T08:34:16.052+0000] {processor.py:208} INFO - Processing /opt/airflow/dags/pipeline.py took 0.106 seconds
[2026-06-01T08:34:46.208+0000] {processor.py:186} INFO - Started process (PID=122) to work on /opt/airflow/dags/pipeline.py
[2026-06-01T08:34:46.214+0000] {processor.py:914} INFO - Processing file /opt/airflow/dags/pipeline.py for tasks to queue
[2026-06-01T08:34:46.226+0000] {logging_mixin.py:190} INFO - [2026-06-01T08:34:46.226+0000] {dagbag.py:588} INFO - Filling up the DagBag from /opt/airflow/dags/pipeline.py
[2026-06-01T08:34:46.239+0000] {logging_mixin.py:190} INFO - [2026-06-01T08:34:46.236+0000] {dagbag.py:387} ERROR - Failed to import: /opt/airflow/dags/pipeline.py
Traceback (most recent call last):
  File "/home/airflow/.local/lib/python3.12/site-packages/airflow/models/dagbag.py", line 383, in parse
    loader.exec_module(new_module)
  File "<frozen importlib._bootstrap_external>", line 999, in exec_module
  File "<frozen importlib._bootstrap>", line 488, in _call_with_frames_removed
  File "/opt/airflow/dags/pipeline.py", line 3, in <module>
    from airflow.providers.standard.operators.python import PythonOperator
ModuleNotFoundError: No module named 'airflow.providers.standard'
[2026-06-01T08:34:46.241+0000] {processor.py:927} WARNING - No viable dags retrieved from /opt/airflow/dags/pipeline.py
[2026-06-01T08:34:46.262+0000] {processor.py:208} INFO - Processing /opt/airflow/dags/pipeline.py took 0.061 seconds
[2026-06-01T08:35:16.548+0000] {processor.py:186} INFO - Started process (PID=124) to work on /opt/airflow/dags/pipeline.py
[2026-06-01T08:35:16.549+0000] {processor.py:914} INFO - Processing file /opt/airflow/dags/pipeline.py for tasks to queue
[2026-06-01T08:35:16.563+0000] {logging_mixin.py:190} INFO - [2026-06-01T08:35:16.561+0000] {dagbag.py:588} INFO - Filling up the DagBag from /opt/airflow/dags/pipeline.py
[2026-06-01T08:35:16.581+0000] {logging_mixin.py:190} INFO - [2026-06-01T08:35:16.577+0000] {dagbag.py:387} ERROR - Failed to import: /opt/airflow/dags/pipeline.py
Traceback (most recent call last):
  File "/home/airflow/.local/lib/python3.12/site-packages/airflow/models/dagbag.py", line 383, in parse
    loader.exec_module(new_module)
  File "<frozen importlib._bootstrap_external>", line 999, in exec_module
  File "<frozen importlib._bootstrap>", line 488, in _call_with_frames_removed
  File "/opt/airflow/dags/pipeline.py", line 3, in <module>
    from airflow.providers.standard.operators.python import PythonOperator
ModuleNotFoundError: No module named 'airflow.providers.standard'
[2026-06-01T08:35:16.582+0000] {processor.py:927} WARNING - No viable dags retrieved from /opt/airflow/dags/pipeline.py
[2026-06-01T08:35:16.620+0000] {processor.py:208} INFO - Processing /opt/airflow/dags/pipeline.py took 0.082 seconds
[2026-06-01T08:35:46.911+0000] {processor.py:186} INFO - Started process (PID=126) to work on /opt/airflow/dags/pipeline.py
[2026-06-01T08:35:46.923+0000] {processor.py:914} INFO - Processing file /opt/airflow/dags/pipeline.py for tasks to queue
[2026-06-01T08:35:46.926+0000] {logging_mixin.py:190} INFO - [2026-06-01T08:35:46.926+0000] {dagbag.py:588} INFO - Filling up the DagBag from /opt/airflow/dags/pipeline.py
[2026-06-01T08:35:46.938+0000] {logging_mixin.py:190} INFO - [2026-06-01T08:35:46.935+0000] {dagbag.py:387} ERROR - Failed to import: /opt/airflow/dags/pipeline.py
Traceback (most recent call last):
  File "/home/airflow/.local/lib/python3.12/site-packages/airflow/models/dagbag.py", line 383, in parse
    loader.exec_module(new_module)
  File "<frozen importlib._bootstrap_external>", line 999, in exec_module
  File "<frozen importlib._bootstrap>", line 488, in _call_with_frames_removed
  File "/opt/airflow/dags/pipeline.py", line 3, in <module>
    from airflow.providers.standard.operators.python import PythonOperator
ModuleNotFoundError: No module named 'airflow.providers.standard'
[2026-06-01T08:35:46.939+0000] {processor.py:927} WARNING - No viable dags retrieved from /opt/airflow/dags/pipeline.py
[2026-06-01T08:35:46.964+0000] {processor.py:208} INFO - Processing /opt/airflow/dags/pipeline.py took 0.062 seconds
[2026-06-01T08:36:17.214+0000] {processor.py:186} INFO - Started process (PID=128) to work on /opt/airflow/dags/pipeline.py
[2026-06-01T08:36:17.215+0000] {processor.py:914} INFO - Processing file /opt/airflow/dags/pipeline.py for tasks to queue
[2026-06-01T08:36:17.218+0000] {logging_mixin.py:190} INFO - [2026-06-01T08:36:17.217+0000] {dagbag.py:588} INFO - Filling up the DagBag from /opt/airflow/dags/pipeline.py
[2026-06-01T08:36:17.242+0000] {logging_mixin.py:190} INFO - [2026-06-01T08:36:17.238+0000] {dagbag.py:387} ERROR - Failed to import: /opt/airflow/dags/pipeline.py
Traceback (most recent call last):
  File "/home/airflow/.local/lib/python3.12/site-packages/airflow/models/dagbag.py", line 383, in parse
    loader.exec_module(new_module)
  File "<frozen importlib._bootstrap_external>", line 999, in exec_module
  File "<frozen importlib._bootstrap>", line 488, in _call_with_frames_removed
  File "/opt/airflow/dags/pipeline.py", line 3, in <module>
    from airflow.providers.standard.operators.python import PythonOperator
ModuleNotFoundError: No module named 'airflow.providers.standard'
[2026-06-01T08:36:17.244+0000] {processor.py:927} WARNING - No viable dags retrieved from /opt/airflow/dags/pipeline.py
[2026-06-01T08:36:17.266+0000] {processor.py:208} INFO - Processing /opt/airflow/dags/pipeline.py took 0.059 seconds
[2026-06-01T08:36:47.525+0000] {processor.py:186} INFO - Started process (PID=130) to work on /opt/airflow/dags/pipeline.py
[2026-06-01T08:36:47.526+0000] {processor.py:914} INFO - Processing file /opt/airflow/dags/pipeline.py for tasks to queue
[2026-06-01T08:36:47.528+0000] {logging_mixin.py:190} INFO - [2026-06-01T08:36:47.528+0000] {dagbag.py:588} INFO - Filling up the DagBag from /opt/airflow/dags/pipeline.py
[2026-06-01T08:36:47.545+0000] {logging_mixin.py:190} INFO - [2026-06-01T08:36:47.541+0000] {dagbag.py:387} ERROR - Failed to import: /opt/airflow/dags/pipeline.py
Traceback (most recent call last):
  File "/home/airflow/.local/lib/python3.12/site-packages/airflow/models/dagbag.py", line 383, in parse
    loader.exec_module(new_module)
  File "<frozen importlib._bootstrap_external>", line 999, in exec_module
  File "<frozen importlib._bootstrap>", line 488, in _call_with_frames_removed
  File "/opt/airflow/dags/pipeline.py", line 3, in <module>
    from airflow.providers.standard.operators.python import PythonOperator
ModuleNotFoundError: No module named 'airflow.providers.standard'
[2026-06-01T08:36:47.546+0000] {processor.py:927} WARNING - No viable dags retrieved from /opt/airflow/dags/pipeline.py
[2026-06-01T08:36:47.593+0000] {processor.py:208} INFO - Processing /opt/airflow/dags/pipeline.py took 0.076 seconds
[2026-06-01T08:37:17.747+0000] {processor.py:186} INFO - Started process (PID=132) to work on /opt/airflow/dags/pipeline.py
[2026-06-01T08:37:17.750+0000] {processor.py:914} INFO - Processing file /opt/airflow/dags/pipeline.py for tasks to queue
[2026-06-01T08:37:17.754+0000] {logging_mixin.py:190} INFO - [2026-06-01T08:37:17.753+0000] {dagbag.py:588} INFO - Filling up the DagBag from /opt/airflow/dags/pipeline.py
[2026-06-01T08:37:17.772+0000] {logging_mixin.py:190} INFO - [2026-06-01T08:37:17.769+0000] {dagbag.py:387} ERROR - Failed to import: /opt/airflow/dags/pipeline.py
Traceback (most recent call last):
  File "/home/airflow/.local/lib/python3.12/site-packages/airflow/models/dagbag.py", line 383, in parse
    loader.exec_module(new_module)
  File "<frozen importlib._bootstrap_external>", line 999, in exec_module
  File "<frozen importlib._bootstrap>", line 488, in _call_with_frames_removed
  File "/opt/airflow/dags/pipeline.py", line 3, in <module>
    from airflow.providers.standard.operators.python import PythonOperator
ModuleNotFoundError: No module named 'airflow.providers.standard'
[2026-06-01T08:37:17.773+0000] {processor.py:927} WARNING - No viable dags retrieved from /opt/airflow/dags/pipeline.py
[2026-06-01T08:37:17.826+0000] {processor.py:208} INFO - Processing /opt/airflow/dags/pipeline.py took 0.086 seconds
[2026-06-01T08:37:48.050+0000] {processor.py:186} INFO - Started process (PID=134) to work on /opt/airflow/dags/pipeline.py
[2026-06-01T08:37:48.058+0000] {processor.py:914} INFO - Processing file /opt/airflow/dags/pipeline.py for tasks to queue
[2026-06-01T08:37:48.061+0000] {logging_mixin.py:190} INFO - [2026-06-01T08:37:48.061+0000] {dagbag.py:588} INFO - Filling up the DagBag from /opt/airflow/dags/pipeline.py
[2026-06-01T08:37:48.074+0000] {logging_mixin.py:190} INFO - [2026-06-01T08:37:48.071+0000] {dagbag.py:387} ERROR - Failed to import: /opt/airflow/dags/pipeline.py
Traceback (most recent call last):
  File "/home/airflow/.local/lib/python3.12/site-packages/airflow/models/dagbag.py", line 383, in parse
    loader.exec_module(new_module)
  File "<frozen importlib._bootstrap_external>", line 999, in exec_module
  File "<frozen importlib._bootstrap>", line 488, in _call_with_frames_removed
  File "/opt/airflow/dags/pipeline.py", line 3, in <module>
    from airflow.providers.standard.operators.python import PythonOperator
ModuleNotFoundError: No module named 'airflow.providers.standard'
[2026-06-01T08:37:48.076+0000] {processor.py:927} WARNING - No viable dags retrieved from /opt/airflow/dags/pipeline.py
[2026-06-01T08:37:48.097+0000] {processor.py:208} INFO - Processing /opt/airflow/dags/pipeline.py took 0.054 seconds
[2026-06-01T08:38:18.339+0000] {processor.py:186} INFO - Started process (PID=136) to work on /opt/airflow/dags/pipeline.py
[2026-06-01T08:38:18.343+0000] {processor.py:914} INFO - Processing file /opt/airflow/dags/pipeline.py for tasks to queue
[2026-06-01T08:38:18.345+0000] {logging_mixin.py:190} INFO - [2026-06-01T08:38:18.345+0000] {dagbag.py:588} INFO - Filling up the DagBag from /opt/airflow/dags/pipeline.py
[2026-06-01T08:38:18.360+0000] {logging_mixin.py:190} INFO - [2026-06-01T08:38:18.356+0000] {dagbag.py:387} ERROR - Failed to import: /opt/airflow/dags/pipeline.py
Traceback (most recent call last):
  File "/home/airflow/.local/lib/python3.12/site-packages/airflow/models/dagbag.py", line 383, in parse
    loader.exec_module(new_module)
  File "<frozen importlib._bootstrap_external>", line 999, in exec_module
  File "<frozen importlib._bootstrap>", line 488, in _call_with_frames_removed
  File "/opt/airflow/dags/pipeline.py", line 3, in <module>
    from airflow.providers.standard.operators.python import PythonOperator
ModuleNotFoundError: No module named 'airflow.providers.standard'
[2026-06-01T08:38:18.361+0000] {processor.py:927} WARNING - No viable dags retrieved from /opt/airflow/dags/pipeline.py
[2026-06-01T08:38:18.444+0000] {processor.py:208} INFO - Processing /opt/airflow/dags/pipeline.py took 0.112 seconds
[2026-06-01T08:38:48.603+0000] {processor.py:186} INFO - Started process (PID=138) to work on /opt/airflow/dags/pipeline.py
[2026-06-01T08:38:48.610+0000] {processor.py:914} INFO - Processing file /opt/airflow/dags/pipeline.py for tasks to queue
[2026-06-01T08:38:48.617+0000] {logging_mixin.py:190} INFO - [2026-06-01T08:38:48.616+0000] {dagbag.py:588} INFO - Filling up the DagBag from /opt/airflow/dags/pipeline.py
[2026-06-01T08:38:48.631+0000] {logging_mixin.py:190} INFO - [2026-06-01T08:38:48.627+0000] {dagbag.py:387} ERROR - Failed to import: /opt/airflow/dags/pipeline.py
Traceback (most recent call last):
  File "/home/airflow/.local/lib/python3.12/site-packages/airflow/models/dagbag.py", line 383, in parse
    loader.exec_module(new_module)
  File "<frozen importlib._bootstrap_external>", line 999, in exec_module
  File "<frozen importlib._bootstrap>", line 488, in _call_with_frames_removed
  File "/opt/airflow/dags/pipeline.py", line 3, in <module>
    from airflow.providers.standard.operators.python import PythonOperator
ModuleNotFoundError: No module named 'airflow.providers.standard'
[2026-06-01T08:38:48.638+0000] {processor.py:927} WARNING - No viable dags retrieved from /opt/airflow/dags/pipeline.py
[2026-06-01T08:38:48.671+0000] {processor.py:208} INFO - Processing /opt/airflow/dags/pipeline.py took 0.074 seconds
[2026-06-01T08:39:18.837+0000] {processor.py:186} INFO - Started process (PID=140) to work on /opt/airflow/dags/pipeline.py
[2026-06-01T08:39:18.838+0000] {processor.py:914} INFO - Processing file /opt/airflow/dags/pipeline.py for tasks to queue
[2026-06-01T08:39:18.840+0000] {logging_mixin.py:190} INFO - [2026-06-01T08:39:18.840+0000] {dagbag.py:588} INFO - Filling up the DagBag from /opt/airflow/dags/pipeline.py
[2026-06-01T08:39:18.851+0000] {logging_mixin.py:190} INFO - [2026-06-01T08:39:18.848+0000] {dagbag.py:387} ERROR - Failed to import: /opt/airflow/dags/pipeline.py
Traceback (most recent call last):
  File "/home/airflow/.local/lib/python3.12/site-packages/airflow/models/dagbag.py", line 383, in parse
    loader.exec_module(new_module)
  File "<frozen importlib._bootstrap_external>", line 999, in exec_module
  File "<frozen importlib._bootstrap>", line 488, in _call_with_frames_removed
  File "/opt/airflow/dags/pipeline.py", line 3, in <module>
    from airflow.providers.standard.operators.python import PythonOperator
ModuleNotFoundError: No module named 'airflow.providers.standard'
[2026-06-01T08:39:18.855+0000] {processor.py:927} WARNING - No viable dags retrieved from /opt/airflow/dags/pipeline.py
[2026-06-01T08:39:18.912+0000] {processor.py:208} INFO - Processing /opt/airflow/dags/pipeline.py took 0.083 seconds
[2026-06-01T08:39:49.157+0000] {processor.py:186} INFO - Started process (PID=142) to work on /opt/airflow/dags/pipeline.py
[2026-06-01T08:39:49.163+0000] {processor.py:914} INFO - Processing file /opt/airflow/dags/pipeline.py for tasks to queue
[2026-06-01T08:39:49.165+0000] {logging_mixin.py:190} INFO - [2026-06-01T08:39:49.165+0000] {dagbag.py:588} INFO - Filling up the DagBag from /opt/airflow/dags/pipeline.py
[2026-06-01T08:39:49.177+0000] {logging_mixin.py:190} INFO - [2026-06-01T08:39:49.174+0000] {dagbag.py:387} ERROR - Failed to import: /opt/airflow/dags/pipeline.py
Traceback (most recent call last):
  File "/home/airflow/.local/lib/python3.12/site-packages/airflow/models/dagbag.py", line 383, in parse
    loader.exec_module(new_module)
  File "<frozen importlib._bootstrap_external>", line 999, in exec_module
  File "<frozen importlib._bootstrap>", line 488, in _call_with_frames_removed
  File "/opt/airflow/dags/pipeline.py", line 3, in <module>
    from airflow.providers.standard.operators.python import PythonOperator
ModuleNotFoundError: No module named 'airflow.providers.standard'
[2026-06-01T08:39:49.178+0000] {processor.py:927} WARNING - No viable dags retrieved from /opt/airflow/dags/pipeline.py
[2026-06-01T08:39:49.212+0000] {processor.py:208} INFO - Processing /opt/airflow/dags/pipeline.py took 0.070 seconds
[2026-06-01T08:40:19.471+0000] {processor.py:186} INFO - Started process (PID=144) to work on /opt/airflow/dags/pipeline.py
[2026-06-01T08:40:19.472+0000] {processor.py:914} INFO - Processing file /opt/airflow/dags/pipeline.py for tasks to queue
[2026-06-01T08:40:19.477+0000] {logging_mixin.py:190} INFO - [2026-06-01T08:40:19.477+0000] {dagbag.py:588} INFO - Filling up the DagBag from /opt/airflow/dags/pipeline.py
[2026-06-01T08:40:19.508+0000] {logging_mixin.py:190} INFO - [2026-06-01T08:40:19.501+0000] {dagbag.py:387} ERROR - Failed to import: /opt/airflow/dags/pipeline.py
Traceback (most recent call last):
  File "/home/airflow/.local/lib/python3.12/site-packages/airflow/models/dagbag.py", line 383, in parse
    loader.exec_module(new_module)
  File "<frozen importlib._bootstrap_external>", line 999, in exec_module
  File "<frozen importlib._bootstrap>", line 488, in _call_with_frames_removed
  File "/opt/airflow/dags/pipeline.py", line 3, in <module>
    from airflow.providers.standard.operators.python import PythonOperator
ModuleNotFoundError: No module named 'airflow.providers.standard'
[2026-06-01T08:40:19.511+0000] {processor.py:927} WARNING - No viable dags retrieved from /opt/airflow/dags/pipeline.py
[2026-06-01T08:40:19.550+0000] {processor.py:208} INFO - Processing /opt/airflow/dags/pipeline.py took 0.095 seconds
[2026-06-01T08:40:50.009+0000] {processor.py:186} INFO - Started process (PID=146) to work on /opt/airflow/dags/pipeline.py
[2026-06-01T08:40:50.010+0000] {processor.py:914} INFO - Processing file /opt/airflow/dags/pipeline.py for tasks to queue
[2026-06-01T08:40:50.013+0000] {logging_mixin.py:190} INFO - [2026-06-01T08:40:50.013+0000] {dagbag.py:588} INFO - Filling up the DagBag from /opt/airflow/dags/pipeline.py
[2026-06-01T08:40:50.044+0000] {logging_mixin.py:190} INFO - [2026-06-01T08:40:50.036+0000] {dagbag.py:387} ERROR - Failed to import: /opt/airflow/dags/pipeline.py
Traceback (most recent call last):
  File "/home/airflow/.local/lib/python3.12/site-packages/airflow/models/dagbag.py", line 383, in parse
    loader.exec_module(new_module)
  File "<frozen importlib._bootstrap_external>", line 999, in exec_module
  File "<frozen importlib._bootstrap>", line 488, in _call_with_frames_removed
  File "/opt/airflow/dags/pipeline.py", line 3, in <module>
    from airflow.providers.standard.operators.python import PythonOperator
ModuleNotFoundError: No module named 'airflow.providers.standard'
[2026-06-01T08:40:50.047+0000] {processor.py:927} WARNING - No viable dags retrieved from /opt/airflow/dags/pipeline.py
[2026-06-01T08:40:50.111+0000] {processor.py:208} INFO - Processing /opt/airflow/dags/pipeline.py took 0.111 seconds
[2026-06-01T08:41:20.421+0000] {processor.py:186} INFO - Started process (PID=148) to work on /opt/airflow/dags/pipeline.py
[2026-06-01T08:41:20.422+0000] {processor.py:914} INFO - Processing file /opt/airflow/dags/pipeline.py for tasks to queue
[2026-06-01T08:41:20.426+0000] {logging_mixin.py:190} INFO - [2026-06-01T08:41:20.425+0000] {dagbag.py:588} INFO - Filling up the DagBag from /opt/airflow/dags/pipeline.py
[2026-06-01T08:41:20.455+0000] {logging_mixin.py:190} INFO - [2026-06-01T08:41:20.448+0000] {dagbag.py:387} ERROR - Failed to import: /opt/airflow/dags/pipeline.py
Traceback (most recent call last):
  File "/home/airflow/.local/lib/python3.12/site-packages/airflow/models/dagbag.py", line 383, in parse
    loader.exec_module(new_module)
  File "<frozen importlib._bootstrap_external>", line 999, in exec_module
  File "<frozen importlib._bootstrap>", line 488, in _call_with_frames_removed
  File "/opt/airflow/dags/pipeline.py", line 3, in <module>
    from airflow.providers.standard.operators.python import PythonOperator
ModuleNotFoundError: No module named 'airflow.providers.standard'
[2026-06-01T08:41:20.457+0000] {processor.py:927} WARNING - No viable dags retrieved from /opt/airflow/dags/pipeline.py
[2026-06-01T08:41:20.502+0000] {processor.py:208} INFO - Processing /opt/airflow/dags/pipeline.py took 0.091 seconds
[2026-06-01T08:41:50.941+0000] {processor.py:186} INFO - Started process (PID=150) to work on /opt/airflow/dags/pipeline.py
[2026-06-01T08:41:50.942+0000] {processor.py:914} INFO - Processing file /opt/airflow/dags/pipeline.py for tasks to queue
[2026-06-01T08:41:50.947+0000] {logging_mixin.py:190} INFO - [2026-06-01T08:41:50.946+0000] {dagbag.py:588} INFO - Filling up the DagBag from /opt/airflow/dags/pipeline.py
[2026-06-01T08:41:50.976+0000] {logging_mixin.py:190} INFO - [2026-06-01T08:41:50.969+0000] {dagbag.py:387} ERROR - Failed to import: /opt/airflow/dags/pipeline.py
Traceback (most recent call last):
  File "/home/airflow/.local/lib/python3.12/site-packages/airflow/models/dagbag.py", line 383, in parse
    loader.exec_module(new_module)
  File "<frozen importlib._bootstrap_external>", line 999, in exec_module
  File "<frozen importlib._bootstrap>", line 488, in _call_with_frames_removed
  File "/opt/airflow/dags/pipeline.py", line 3, in <module>
    from airflow.providers.standard.operators.python import PythonOperator
ModuleNotFoundError: No module named 'airflow.providers.standard'
[2026-06-01T08:41:50.979+0000] {processor.py:927} WARNING - No viable dags retrieved from /opt/airflow/dags/pipeline.py
[2026-06-01T08:41:51.034+0000] {processor.py:208} INFO - Processing /opt/airflow/dags/pipeline.py took 0.107 seconds
[2026-06-01T08:42:21.524+0000] {processor.py:186} INFO - Started process (PID=152) to work on /opt/airflow/dags/pipeline.py
[2026-06-01T08:42:21.526+0000] {processor.py:914} INFO - Processing file /opt/airflow/dags/pipeline.py for tasks to queue
[2026-06-01T08:42:21.529+0000] {logging_mixin.py:190} INFO - [2026-06-01T08:42:21.529+0000] {dagbag.py:588} INFO - Filling up the DagBag from /opt/airflow/dags/pipeline.py
[2026-06-01T08:42:21.558+0000] {logging_mixin.py:190} INFO - [2026-06-01T08:42:21.550+0000] {dagbag.py:387} ERROR - Failed to import: /opt/airflow/dags/pipeline.py
Traceback (most recent call last):
  File "/home/airflow/.local/lib/python3.12/site-packages/airflow/models/dagbag.py", line 383, in parse
    loader.exec_module(new_module)
  File "<frozen importlib._bootstrap_external>", line 999, in exec_module
  File "<frozen importlib._bootstrap>", line 488, in _call_with_frames_removed
  File "/opt/airflow/dags/pipeline.py", line 3, in <module>
    from airflow.providers.standard.operators.python import PythonOperator
ModuleNotFoundError: No module named 'airflow.providers.standard'
[2026-06-01T08:42:21.560+0000] {processor.py:927} WARNING - No viable dags retrieved from /opt/airflow/dags/pipeline.py
[2026-06-01T08:42:21.592+0000] {processor.py:208} INFO - Processing /opt/airflow/dags/pipeline.py took 0.078 seconds
[2026-06-01T08:42:52.028+0000] {processor.py:186} INFO - Started process (PID=154) to work on /opt/airflow/dags/pipeline.py
[2026-06-01T08:42:52.029+0000] {processor.py:914} INFO - Processing file /opt/airflow/dags/pipeline.py for tasks to queue
[2026-06-01T08:42:52.033+0000] {logging_mixin.py:190} INFO - [2026-06-01T08:42:52.032+0000] {dagbag.py:588} INFO - Filling up the DagBag from /opt/airflow/dags/pipeline.py
[2026-06-01T08:42:52.062+0000] {logging_mixin.py:190} INFO - [2026-06-01T08:42:52.054+0000] {dagbag.py:387} ERROR - Failed to import: /opt/airflow/dags/pipeline.py
Traceback (most recent call last):
  File "/home/airflow/.local/lib/python3.12/site-packages/airflow/models/dagbag.py", line 383, in parse
    loader.exec_module(new_module)
  File "<frozen importlib._bootstrap_external>", line 999, in exec_module
  File "<frozen importlib._bootstrap>", line 488, in _call_with_frames_removed
  File "/opt/airflow/dags/pipeline.py", line 3, in <module>
    from airflow.providers.standard.operators.python import PythonOperator
ModuleNotFoundError: No module named 'airflow.providers.standard'
[2026-06-01T08:42:52.065+0000] {processor.py:927} WARNING - No viable dags retrieved from /opt/airflow/dags/pipeline.py
[2026-06-01T08:42:52.126+0000] {processor.py:208} INFO - Processing /opt/airflow/dags/pipeline.py took 0.110 seconds
[2026-06-01T08:43:22.427+0000] {processor.py:186} INFO - Started process (PID=156) to work on /opt/airflow/dags/pipeline.py
[2026-06-01T08:43:22.428+0000] {processor.py:914} INFO - Processing file /opt/airflow/dags/pipeline.py for tasks to queue
[2026-06-01T08:43:22.481+0000] {logging_mixin.py:190} INFO - [2026-06-01T08:43:22.479+0000] {dagbag.py:588} INFO - Filling up the DagBag from /opt/airflow/dags/pipeline.py
[2026-06-01T08:43:22.544+0000] {logging_mixin.py:190} INFO - [2026-06-01T08:43:22.525+0000] {dagbag.py:387} ERROR - Failed to import: /opt/airflow/dags/pipeline.py
Traceback (most recent call last):
  File "/home/airflow/.local/lib/python3.12/site-packages/airflow/models/dagbag.py", line 383, in parse
    loader.exec_module(new_module)
  File "<frozen importlib._bootstrap_external>", line 999, in exec_module
  File "<frozen importlib._bootstrap>", line 488, in _call_with_frames_removed
  File "/opt/airflow/dags/pipeline.py", line 3, in <module>
    from airflow.providers.standard.operators.python import PythonOperator
ModuleNotFoundError: No module named 'airflow.providers.standard'
[2026-06-01T08:43:22.550+0000] {processor.py:927} WARNING - No viable dags retrieved from /opt/airflow/dags/pipeline.py
[2026-06-01T08:43:22.626+0000] {processor.py:208} INFO - Processing /opt/airflow/dags/pipeline.py took 0.208 seconds
[2026-06-01T08:43:53.238+0000] {processor.py:186} INFO - Started process (PID=158) to work on /opt/airflow/dags/pipeline.py
[2026-06-01T08:43:53.240+0000] {processor.py:914} INFO - Processing file /opt/airflow/dags/pipeline.py for tasks to queue
[2026-06-01T08:43:53.244+0000] {logging_mixin.py:190} INFO - [2026-06-01T08:43:53.243+0000] {dagbag.py:588} INFO - Filling up the DagBag from /opt/airflow/dags/pipeline.py
[2026-06-01T08:43:53.298+0000] {logging_mixin.py:190} INFO - [2026-06-01T08:43:53.291+0000] {dagbag.py:387} ERROR - Failed to import: /opt/airflow/dags/pipeline.py
Traceback (most recent call last):
  File "/home/airflow/.local/lib/python3.12/site-packages/airflow/models/dagbag.py", line 383, in parse
    loader.exec_module(new_module)
  File "<frozen importlib._bootstrap_external>", line 999, in exec_module
  File "<frozen importlib._bootstrap>", line 488, in _call_with_frames_removed
  File "/opt/airflow/dags/pipeline.py", line 3, in <module>
    from airflow.providers.standard.operators.python import PythonOperator
ModuleNotFoundError: No module named 'airflow.providers.standard'
[2026-06-01T08:43:53.302+0000] {processor.py:927} WARNING - No viable dags retrieved from /opt/airflow/dags/pipeline.py
[2026-06-01T08:43:53.334+0000] {processor.py:208} INFO - Processing /opt/airflow/dags/pipeline.py took 0.105 seconds
[2026-06-01T08:44:23.862+0000] {processor.py:186} INFO - Started process (PID=160) to work on /opt/airflow/dags/pipeline.py
[2026-06-01T08:44:23.863+0000] {processor.py:914} INFO - Processing file /opt/airflow/dags/pipeline.py for tasks to queue
[2026-06-01T08:44:23.867+0000] {logging_mixin.py:190} INFO - [2026-06-01T08:44:23.866+0000] {dagbag.py:588} INFO - Filling up the DagBag from /opt/airflow/dags/pipeline.py
[2026-06-01T08:44:23.900+0000] {logging_mixin.py:190} INFO - [2026-06-01T08:44:23.893+0000] {dagbag.py:387} ERROR - Failed to import: /opt/airflow/dags/pipeline.py
Traceback (most recent call last):
  File "/home/airflow/.local/lib/python3.12/site-packages/airflow/models/dagbag.py", line 383, in parse
    loader.exec_module(new_module)
  File "<frozen importlib._bootstrap_external>", line 999, in exec_module
  File "<frozen importlib._bootstrap>", line 488, in _call_with_frames_removed
  File "/opt/airflow/dags/pipeline.py", line 3, in <module>
    from airflow.providers.standard.operators.python import PythonOperator
ModuleNotFoundError: No module named 'airflow.providers.standard'
[2026-06-01T08:44:23.903+0000] {processor.py:927} WARNING - No viable dags retrieved from /opt/airflow/dags/pipeline.py
[2026-06-01T08:44:23.941+0000] {processor.py:208} INFO - Processing /opt/airflow/dags/pipeline.py took 0.090 seconds
[2026-06-01T08:44:54.386+0000] {processor.py:186} INFO - Started process (PID=162) to work on /opt/airflow/dags/pipeline.py
[2026-06-01T08:44:54.388+0000] {processor.py:914} INFO - Processing file /opt/airflow/dags/pipeline.py for tasks to queue
[2026-06-01T08:44:54.400+0000] {logging_mixin.py:190} INFO - [2026-06-01T08:44:54.400+0000] {dagbag.py:588} INFO - Filling up the DagBag from /opt/airflow/dags/pipeline.py
[2026-06-01T08:44:54.452+0000] {logging_mixin.py:190} INFO - [2026-06-01T08:44:54.444+0000] {dagbag.py:387} ERROR - Failed to import: /opt/airflow/dags/pipeline.py
Traceback (most recent call last):
  File "/home/airflow/.local/lib/python3.12/site-packages/airflow/models/dagbag.py", line 383, in parse
    loader.exec_module(new_module)
  File "<frozen importlib._bootstrap_external>", line 999, in exec_module
  File "<frozen importlib._bootstrap>", line 488, in _call_with_frames_removed
  File "/opt/airflow/dags/pipeline.py", line 3, in <module>
    from airflow.providers.standard.operators.python import PythonOperator
ModuleNotFoundError: No module named 'airflow.providers.standard'
[2026-06-01T08:44:54.456+0000] {processor.py:927} WARNING - No viable dags retrieved from /opt/airflow/dags/pipeline.py
[2026-06-01T08:44:54.498+0000] {processor.py:208} INFO - Processing /opt/airflow/dags/pipeline.py took 0.130 seconds
[2026-06-01T08:45:24.835+0000] {processor.py:186} INFO - Started process (PID=164) to work on /opt/airflow/dags/pipeline.py
[2026-06-01T08:45:24.873+0000] {processor.py:914} INFO - Processing file /opt/airflow/dags/pipeline.py for tasks to queue
[2026-06-01T08:45:24.882+0000] {logging_mixin.py:190} INFO - [2026-06-01T08:45:24.881+0000] {dagbag.py:588} INFO - Filling up the DagBag from /opt/airflow/dags/pipeline.py
[2026-06-01T08:45:24.919+0000] {logging_mixin.py:190} INFO - [2026-06-01T08:45:24.912+0000] {dagbag.py:387} ERROR - Failed to import: /opt/airflow/dags/pipeline.py
Traceback (most recent call last):
  File "/home/airflow/.local/lib/python3.12/site-packages/airflow/models/dagbag.py", line 383, in parse
    loader.exec_module(new_module)
  File "<frozen importlib._bootstrap_external>", line 999, in exec_module
  File "<frozen importlib._bootstrap>", line 488, in _call_with_frames_removed
  File "/opt/airflow/dags/pipeline.py", line 3, in <module>
    from airflow.providers.standard.operators.python import PythonOperator
ModuleNotFoundError: No module named 'airflow.providers.standard'
[2026-06-01T08:45:24.922+0000] {processor.py:927} WARNING - No viable dags retrieved from /opt/airflow/dags/pipeline.py
[2026-06-01T08:45:24.958+0000] {processor.py:208} INFO - Processing /opt/airflow/dags/pipeline.py took 0.187 seconds
[2026-06-01T08:45:55.251+0000] {processor.py:186} INFO - Started process (PID=166) to work on /opt/airflow/dags/pipeline.py
[2026-06-01T08:45:55.253+0000] {processor.py:914} INFO - Processing file /opt/airflow/dags/pipeline.py for tasks to queue
[2026-06-01T08:45:55.258+0000] {logging_mixin.py:190} INFO - [2026-06-01T08:45:55.257+0000] {dagbag.py:588} INFO - Filling up the DagBag from /opt/airflow/dags/pipeline.py
[2026-06-01T08:45:55.292+0000] {logging_mixin.py:190} INFO - [2026-06-01T08:45:55.283+0000] {dagbag.py:387} ERROR - Failed to import: /opt/airflow/dags/pipeline.py
Traceback (most recent call last):
  File "/home/airflow/.local/lib/python3.12/site-packages/airflow/models/dagbag.py", line 383, in parse
    loader.exec_module(new_module)
  File "<frozen importlib._bootstrap_external>", line 999, in exec_module
  File "<frozen importlib._bootstrap>", line 488, in _call_with_frames_removed
  File "/opt/airflow/dags/pipeline.py", line 3, in <module>
    from airflow.providers.standard.operators.python import PythonOperator
ModuleNotFoundError: No module named 'airflow.providers.standard'
[2026-06-01T08:45:55.295+0000] {processor.py:927} WARNING - No viable dags retrieved from /opt/airflow/dags/pipeline.py
[2026-06-01T08:45:55.360+0000] {processor.py:208} INFO - Processing /opt/airflow/dags/pipeline.py took 0.122 seconds
[2026-06-01T08:46:25.747+0000] {processor.py:186} INFO - Started process (PID=168) to work on /opt/airflow/dags/pipeline.py
[2026-06-01T08:46:25.748+0000] {processor.py:914} INFO - Processing file /opt/airflow/dags/pipeline.py for tasks to queue
[2026-06-01T08:46:25.752+0000] {logging_mixin.py:190} INFO - [2026-06-01T08:46:25.751+0000] {dagbag.py:588} INFO - Filling up the DagBag from /opt/airflow/dags/pipeline.py
[2026-06-01T08:46:25.786+0000] {logging_mixin.py:190} INFO - [2026-06-01T08:46:25.776+0000] {dagbag.py:387} ERROR - Failed to import: /opt/airflow/dags/pipeline.py
Traceback (most recent call last):
  File "/home/airflow/.local/lib/python3.12/site-packages/airflow/models/dagbag.py", line 383, in parse
    loader.exec_module(new_module)
  File "<frozen importlib._bootstrap_external>", line 999, in exec_module
  File "<frozen importlib._bootstrap>", line 488, in _call_with_frames_removed
  File "/opt/airflow/dags/pipeline.py", line 3, in <module>
    from airflow.providers.standard.operators.python import PythonOperator
ModuleNotFoundError: No module named 'airflow.providers.standard'
[2026-06-01T08:46:25.789+0000] {processor.py:927} WARNING - No viable dags retrieved from /opt/airflow/dags/pipeline.py
[2026-06-01T08:46:25.853+0000] {processor.py:208} INFO - Processing /opt/airflow/dags/pipeline.py took 0.115 seconds
[2026-06-01T08:46:56.148+0000] {processor.py:186} INFO - Started process (PID=170) to work on /opt/airflow/dags/pipeline.py
[2026-06-01T08:46:56.150+0000] {processor.py:914} INFO - Processing file /opt/airflow/dags/pipeline.py for tasks to queue
[2026-06-01T08:46:56.154+0000] {logging_mixin.py:190} INFO - [2026-06-01T08:46:56.153+0000] {dagbag.py:588} INFO - Filling up the DagBag from /opt/airflow/dags/pipeline.py
[2026-06-01T08:46:56.185+0000] {logging_mixin.py:190} INFO - [2026-06-01T08:46:56.177+0000] {dagbag.py:387} ERROR - Failed to import: /opt/airflow/dags/pipeline.py
Traceback (most recent call last):
  File "/home/airflow/.local/lib/python3.12/site-packages/airflow/models/dagbag.py", line 383, in parse
    loader.exec_module(new_module)
  File "<frozen importlib._bootstrap_external>", line 999, in exec_module
  File "<frozen importlib._bootstrap>", line 488, in _call_with_frames_removed
  File "/opt/airflow/dags/pipeline.py", line 3, in <module>
    from airflow.providers.standard.operators.python import PythonOperator
ModuleNotFoundError: No module named 'airflow.providers.standard'
[2026-06-01T08:46:56.188+0000] {processor.py:927} WARNING - No viable dags retrieved from /opt/airflow/dags/pipeline.py
[2026-06-01T08:46:56.232+0000] {processor.py:208} INFO - Processing /opt/airflow/dags/pipeline.py took 0.096 seconds
[2026-06-01T08:47:26.716+0000] {processor.py:186} INFO - Started process (PID=172) to work on /opt/airflow/dags/pipeline.py
[2026-06-01T08:47:26.717+0000] {processor.py:914} INFO - Processing file /opt/airflow/dags/pipeline.py for tasks to queue
[2026-06-01T08:47:26.722+0000] {logging_mixin.py:190} INFO - [2026-06-01T08:47:26.721+0000] {dagbag.py:588} INFO - Filling up the DagBag from /opt/airflow/dags/pipeline.py
[2026-06-01T08:47:26.755+0000] {logging_mixin.py:190} INFO - [2026-06-01T08:47:26.747+0000] {dagbag.py:387} ERROR - Failed to import: /opt/airflow/dags/pipeline.py
Traceback (most recent call last):
  File "/home/airflow/.local/lib/python3.12/site-packages/airflow/models/dagbag.py", line 383, in parse
    loader.exec_module(new_module)
  File "<frozen importlib._bootstrap_external>", line 999, in exec_module
  File "<frozen importlib._bootstrap>", line 488, in _call_with_frames_removed
  File "/opt/airflow/dags/pipeline.py", line 3, in <module>
    from airflow.providers.standard.operators.python import PythonOperator
ModuleNotFoundError: No module named 'airflow.providers.standard'
[2026-06-01T08:47:26.757+0000] {processor.py:927} WARNING - No viable dags retrieved from /opt/airflow/dags/pipeline.py
[2026-06-01T08:47:26.819+0000] {processor.py:208} INFO - Processing /opt/airflow/dags/pipeline.py took 0.117 seconds
[2026-06-01T08:47:57.124+0000] {processor.py:186} INFO - Started process (PID=174) to work on /opt/airflow/dags/pipeline.py
[2026-06-01T08:47:57.126+0000] {processor.py:914} INFO - Processing file /opt/airflow/dags/pipeline.py for tasks to queue
[2026-06-01T08:47:57.132+0000] {logging_mixin.py:190} INFO - [2026-06-01T08:47:57.129+0000] {dagbag.py:588} INFO - Filling up the DagBag from /opt/airflow/dags/pipeline.py
[2026-06-01T08:47:57.172+0000] {logging_mixin.py:190} INFO - [2026-06-01T08:47:57.162+0000] {dagbag.py:387} ERROR - Failed to import: /opt/airflow/dags/pipeline.py
Traceback (most recent call last):
  File "/home/airflow/.local/lib/python3.12/site-packages/airflow/models/dagbag.py", line 383, in parse
    loader.exec_module(new_module)
  File "<frozen importlib._bootstrap_external>", line 999, in exec_module
  File "<frozen importlib._bootstrap>", line 488, in _call_with_frames_removed
  File "/opt/airflow/dags/pipeline.py", line 3, in <module>
    from airflow.providers.standard.operators.python import PythonOperator
ModuleNotFoundError: No module named 'airflow.providers.standard'
[2026-06-01T08:47:57.175+0000] {processor.py:927} WARNING - No viable dags retrieved from /opt/airflow/dags/pipeline.py
[2026-06-01T08:47:57.234+0000] {processor.py:208} INFO - Processing /opt/airflow/dags/pipeline.py took 0.119 seconds
