[2026-06-01T08:13:30.724+0000] {manager.py:483} INFO - Processing files using up to 2 processes at a time 
[2026-06-01T08:13:30.725+0000] {manager.py:484} INFO - Process each file at most once every 30 seconds
[2026-06-01T08:13:30.726+0000] {manager.py:485} INFO - Checking for new files in /opt/airflow/dags every 300 seconds
[2026-06-01T08:13:30.726+0000] {manager.py:821} INFO - Searching for files in /opt/airflow/dags
[2026-06-01T08:13:30.753+0000] {manager.py:824} INFO - There are 2 files in /opt/airflow/dags
[2026-06-01T08:13:30.840+0000] {manager.py:997} INFO - 
================================================================================
DAG File Processing Stats

File Path                          PID  Runtime      # DAGs    # Errors  Last Runtime    Last Run      Last # of DB Queries
-------------------------------  -----  ---------  --------  ----------  --------------  ----------  ----------------------
/opt/airflow/dags/exampledag.py     37  0.05s             0           0                                                   0
/opt/airflow/dags/pipeline.py       38  0.04s             0           0                                                   0
================================================================================
[2026-06-01T08:14:01.237+0000] {manager.py:997} INFO - 
================================================================================
DAG File Processing Stats

File Path                          PID  Runtime      # DAGs    # Errors  Last Runtime    Last Run               Last # of DB Queries
-------------------------------  -----  ---------  --------  ----------  --------------  -------------------  ----------------------
/opt/airflow/dags/pipeline.py       40  0.01s             0           1  0.15s           2026-06-01T08:13:30                       3
/opt/airflow/dags/exampledag.py     39  0.07s             0           1  0.15s           2026-06-01T08:13:30                       3
================================================================================
[2026-06-01T08:14:31.532+0000] {manager.py:997} INFO - 
================================================================================
DAG File Processing Stats

File Path                          PID  Runtime      # DAGs    # Errors  Last Runtime    Last Run               Last # of DB Queries
-------------------------------  -----  ---------  --------  ----------  --------------  -------------------  ----------------------
/opt/airflow/dags/exampledag.py     41  0.03s             0           1  0.17s           2026-06-01T08:14:01                       5
/opt/airflow/dags/pipeline.py       42  0.01s             0           1  0.11s           2026-06-01T08:14:01                       5
================================================================================
[2026-06-01T08:15:01.876+0000] {manager.py:997} INFO - 
================================================================================
DAG File Processing Stats

File Path                          PID  Runtime      # DAGs    # Errors  Last Runtime    Last Run               Last # of DB Queries
-------------------------------  -----  ---------  --------  ----------  --------------  -------------------  ----------------------
/opt/airflow/dags/exampledag.py     43  0.05s             0           1  0.24s           2026-06-01T08:14:31                       5
/opt/airflow/dags/pipeline.py       44  0.01s             0           1  0.19s           2026-06-01T08:14:31                       5
================================================================================
[2026-06-01T08:15:32.189+0000] {manager.py:997} INFO - 
================================================================================
DAG File Processing Stats

File Path                          PID  Runtime      # DAGs    # Errors  Last Runtime    Last Run               Last # of DB Queries
-------------------------------  -----  ---------  --------  ----------  --------------  -------------------  ----------------------
/opt/airflow/dags/exampledag.py     45  0.02s             0           1  0.11s           2026-06-01T08:15:01                       5
/opt/airflow/dags/pipeline.py       46  0.01s             0           1  0.08s           2026-06-01T08:15:01                       5
================================================================================
[2026-06-01T08:16:02.498+0000] {manager.py:997} INFO - 
================================================================================
DAG File Processing Stats

File Path                          PID  Runtime      # DAGs    # Errors  Last Runtime    Last Run               Last # of DB Queries
-------------------------------  -----  ---------  --------  ----------  --------------  -------------------  ----------------------
/opt/airflow/dags/exampledag.py     47  0.02s             0           1  0.06s           2026-06-01T08:15:32                       5
/opt/airflow/dags/pipeline.py       48  0.01s             0           1  0.06s           2026-06-01T08:15:32                       5
================================================================================
[2026-06-01T08:16:32.841+0000] {manager.py:997} INFO - 
================================================================================
DAG File Processing Stats

File Path                          PID  Runtime      # DAGs    # Errors  Last Runtime    Last Run               Last # of DB Queries
-------------------------------  -----  ---------  --------  ----------  --------------  -------------------  ----------------------
/opt/airflow/dags/pipeline.py       50  0.01s             0           1  0.09s           2026-06-01T08:16:02                       5
/opt/airflow/dags/exampledag.py     49  0.02s             0           1  0.08s           2026-06-01T08:16:02                       5
================================================================================
[2026-06-01T08:17:03.180+0000] {manager.py:997} INFO - 
================================================================================
DAG File Processing Stats

File Path                          PID  Runtime      # DAGs    # Errors  Last Runtime    Last Run               Last # of DB Queries
-------------------------------  -----  ---------  --------  ----------  --------------  -------------------  ----------------------
/opt/airflow/dags/exampledag.py     51  0.03s             0           1  0.11s           2026-06-01T08:16:32                       5
/opt/airflow/dags/pipeline.py       52  0.01s             0           1  0.08s           2026-06-01T08:16:32                       5
================================================================================
[2026-06-01T08:17:33.574+0000] {manager.py:997} INFO - 
================================================================================
DAG File Processing Stats

File Path                          PID  Runtime      # DAGs    # Errors  Last Runtime    Last Run               Last # of DB Queries
-------------------------------  -----  ---------  --------  ----------  --------------  -------------------  ----------------------
/opt/airflow/dags/pipeline.py       54  0.01s             0           1  0.17s           2026-06-01T08:17:03                       5
/opt/airflow/dags/exampledag.py     53  0.03s             0           1  0.16s           2026-06-01T08:17:03                       5
================================================================================
[2026-06-01T08:18:03.955+0000] {manager.py:997} INFO - 
================================================================================
DAG File Processing Stats

File Path                          PID  Runtime      # DAGs    # Errors  Last Runtime    Last Run               Last # of DB Queries
-------------------------------  -----  ---------  --------  ----------  --------------  -------------------  ----------------------
/opt/airflow/dags/exampledag.py     55  0.02s             0           1  0.15s           2026-06-01T08:17:33                       5
/opt/airflow/dags/pipeline.py       56  0.01s             0           1  0.11s           2026-06-01T08:17:33                       5
================================================================================
[2026-06-01T08:18:31.301+0000] {manager.py:821} INFO - Searching for files in /opt/airflow/dags
[2026-06-01T08:18:31.330+0000] {manager.py:824} INFO - There are 2 files in /opt/airflow/dags
[2026-06-01T08:18:34.394+0000] {manager.py:997} INFO - 
================================================================================
DAG File Processing Stats

File Path                          PID  Runtime      # DAGs    # Errors  Last Runtime    Last Run               Last # of DB Queries
-------------------------------  -----  ---------  --------  ----------  --------------  -------------------  ----------------------
/opt/airflow/dags/exampledag.py     57  0.02s             0           1  0.14s           2026-06-01T08:18:04                       5
/opt/airflow/dags/pipeline.py       58  0.01s             0           1  0.11s           2026-06-01T08:18:04                       5
================================================================================
[2026-06-01T08:19:04.703+0000] {manager.py:997} INFO - 
================================================================================
DAG File Processing Stats

File Path                          PID  Runtime      # DAGs    # Errors  Last Runtime    Last Run               Last # of DB Queries
-------------------------------  -----  ---------  --------  ----------  --------------  -------------------  ----------------------
/opt/airflow/dags/exampledag.py     59  0.05s             0           1  0.07s           2026-06-01T08:18:34                       5
/opt/airflow/dags/pipeline.py       60  0.04s             0           1  0.06s           2026-06-01T08:18:34                       5
================================================================================
[2026-06-01T08:19:35.159+0000] {manager.py:997} INFO - 
================================================================================
DAG File Processing Stats

File Path                          PID  Runtime      # DAGs    # Errors  Last Runtime    Last Run               Last # of DB Queries
-------------------------------  -----  ---------  --------  ----------  --------------  -------------------  ----------------------
/opt/airflow/dags/exampledag.py     61  0.02s             0           1  0.20s           2026-06-01T08:19:04                       5
/opt/airflow/dags/pipeline.py       62  0.01s             0           1  0.17s           2026-06-01T08:19:04                       5
================================================================================
[2026-06-01T08:20:05.621+0000] {manager.py:997} INFO - 
================================================================================
DAG File Processing Stats

File Path                          PID  Runtime      # DAGs    # Errors  Last Runtime    Last Run               Last # of DB Queries
-------------------------------  -----  ---------  --------  ----------  --------------  -------------------  ----------------------
/opt/airflow/dags/exampledag.py     63  0.02s             0           1  0.14s           2026-06-01T08:19:35                       5
/opt/airflow/dags/pipeline.py       64  0.01s             0           1  0.13s           2026-06-01T08:19:35                       5
================================================================================
[2026-06-01T08:20:35.936+0000] {manager.py:997} INFO - 
================================================================================
DAG File Processing Stats

File Path                          PID  Runtime      # DAGs    # Errors  Last Runtime    Last Run               Last # of DB Queries
-------------------------------  -----  ---------  --------  ----------  --------------  -------------------  ----------------------
/opt/airflow/dags/exampledag.py     65  0.02s             0           1  0.11s           2026-06-01T08:20:05                       5
/opt/airflow/dags/pipeline.py       66  0.01s             0           1  0.11s           2026-06-01T08:20:05                       5
================================================================================
[2026-06-01T08:21:06.388+0000] {manager.py:997} INFO - 
================================================================================
DAG File Processing Stats

File Path                          PID  Runtime      # DAGs    # Errors  Last Runtime    Last Run               Last # of DB Queries
-------------------------------  -----  ---------  --------  ----------  --------------  -------------------  ----------------------
/opt/airflow/dags/pipeline.py       68  0.02s             0           1  0.14s           2026-06-01T08:20:36                       5
/opt/airflow/dags/exampledag.py     67  0.05s             0           1  0.12s           2026-06-01T08:20:36                       5
================================================================================
[2026-06-01T08:21:36.703+0000] {manager.py:997} INFO - 
================================================================================
DAG File Processing Stats

File Path                          PID  Runtime      # DAGs    # Errors  Last Runtime    Last Run               Last # of DB Queries
-------------------------------  -----  ---------  --------  ----------  --------------  -------------------  ----------------------
/opt/airflow/dags/exampledag.py     69  0.02s             0           1  0.22s           2026-06-01T08:21:06                       5
/opt/airflow/dags/pipeline.py       70  0.01s             0           1  0.17s           2026-06-01T08:21:06                       5
================================================================================
[2026-06-01T08:22:07.043+0000] {manager.py:997} INFO - 
================================================================================
DAG File Processing Stats

File Path                          PID  Runtime      # DAGs    # Errors  Last Runtime    Last Run               Last # of DB Queries
-------------------------------  -----  ---------  --------  ----------  --------------  -------------------  ----------------------
/opt/airflow/dags/exampledag.py     71  0.03s             0           1  0.08s           2026-06-01T08:21:36                       5
/opt/airflow/dags/pipeline.py       72  0.01s             0           1  0.07s           2026-06-01T08:21:36                       5
================================================================================
[2026-06-01T08:22:37.442+0000] {manager.py:997} INFO - 
================================================================================
DAG File Processing Stats

File Path                          PID  Runtime      # DAGs    # Errors  Last Runtime    Last Run               Last # of DB Queries
-------------------------------  -----  ---------  --------  ----------  --------------  -------------------  ----------------------
/opt/airflow/dags/pipeline.py       74  0.01s             0           1  0.12s           2026-06-01T08:22:07                       5
/opt/airflow/dags/exampledag.py     73  0.02s             0           1  0.12s           2026-06-01T08:22:07                       5
================================================================================
[2026-06-01T08:23:07.768+0000] {manager.py:997} INFO - 
================================================================================
DAG File Processing Stats

File Path                          PID  Runtime      # DAGs    # Errors  Last Runtime    Last Run               Last # of DB Queries
-------------------------------  -----  ---------  --------  ----------  --------------  -------------------  ----------------------
/opt/airflow/dags/pipeline.py       76  0.01s             0           1  0.09s           2026-06-01T08:22:37                       5
/opt/airflow/dags/exampledag.py     75  0.02s             0           1  0.09s           2026-06-01T08:22:37                       5
================================================================================
[2026-06-01T08:23:32.029+0000] {manager.py:821} INFO - Searching for files in /opt/airflow/dags
[2026-06-01T08:23:32.118+0000] {manager.py:824} INFO - There are 2 files in /opt/airflow/dags
[2026-06-01T08:23:38.234+0000] {manager.py:997} INFO - 
================================================================================
DAG File Processing Stats

File Path                          PID  Runtime      # DAGs    # Errors  Last Runtime    Last Run               Last # of DB Queries
-------------------------------  -----  ---------  --------  ----------  --------------  -------------------  ----------------------
/opt/airflow/dags/exampledag.py     77  0.02s             0           1  0.13s           2026-06-01T08:23:07                       5
/opt/airflow/dags/pipeline.py       78  0.01s             0           1  0.10s           2026-06-01T08:23:07                       5
================================================================================
[2026-06-01T08:24:08.583+0000] {manager.py:997} INFO - 
================================================================================
DAG File Processing Stats

File Path                          PID  Runtime      # DAGs    # Errors  Last Runtime    Last Run               Last # of DB Queries
-------------------------------  -----  ---------  --------  ----------  --------------  -------------------  ----------------------
/opt/airflow/dags/exampledag.py     79  0.04s             0           1  0.11s           2026-06-01T08:23:38                       5
/opt/airflow/dags/pipeline.py       80  0.01s             0           1  0.11s           2026-06-01T08:23:38                       5
================================================================================
[2026-06-01T08:24:39.252+0000] {manager.py:997} INFO - 
================================================================================
DAG File Processing Stats

File Path                          PID  Runtime      # DAGs    # Errors  Last Runtime    Last Run               Last # of DB Queries
-------------------------------  -----  ---------  --------  ----------  --------------  -------------------  ----------------------
/opt/airflow/dags/exampledag.py     81  0.10s             0           1  0.09s           2026-06-01T08:24:08                       5
/opt/airflow/dags/pipeline.py       82  0.01s             0           1  0.09s           2026-06-01T08:24:08                       5
================================================================================
[2026-06-01T08:25:09.548+0000] {manager.py:997} INFO - 
================================================================================
DAG File Processing Stats

File Path                        PID    Runtime      # DAGs    # Errors  Last Runtime    Last Run               Last # of DB Queries
-------------------------------  -----  ---------  --------  ----------  --------------  -------------------  ----------------------
/opt/airflow/dags/exampledag.py                           0           1  0.40s           2026-06-01T08:24:39                       5
/opt/airflow/dags/pipeline.py                             0           1  0.33s           2026-06-01T08:24:39                       5
================================================================================
[2026-06-01T08:25:40.075+0000] {manager.py:997} INFO - 
================================================================================
DAG File Processing Stats

File Path                          PID  Runtime      # DAGs    # Errors  Last Runtime    Last Run               Last # of DB Queries
-------------------------------  -----  ---------  --------  ----------  --------------  -------------------  ----------------------
/opt/airflow/dags/exampledag.py     85  0.02s             0           1  0.12s           2026-06-01T08:25:09                       5
/opt/airflow/dags/pipeline.py       86  0.01s             0           1  0.12s           2026-06-01T08:25:09                       5
================================================================================
[2026-06-01T08:26:10.390+0000] {manager.py:997} INFO - 
================================================================================
DAG File Processing Stats

File Path                          PID  Runtime      # DAGs    # Errors  Last Runtime    Last Run               Last # of DB Queries
-------------------------------  -----  ---------  --------  ----------  --------------  -------------------  ----------------------
/opt/airflow/dags/exampledag.py     87  0.02s             0           1  0.08s           2026-06-01T08:25:40                       5
/opt/airflow/dags/pipeline.py       88  0.01s             0           1  0.07s           2026-06-01T08:25:40                       5
================================================================================
[2026-06-01T08:26:40.715+0000] {manager.py:997} INFO - 
================================================================================
DAG File Processing Stats

File Path                          PID  Runtime      # DAGs    # Errors  Last Runtime    Last Run               Last # of DB Queries
-------------------------------  -----  ---------  --------  ----------  --------------  -------------------  ----------------------
/opt/airflow/dags/exampledag.py     89  0.03s             0           1  0.12s           2026-06-01T08:26:10                       5
/opt/airflow/dags/pipeline.py       90  0.01s             0           1  0.11s           2026-06-01T08:26:10                       5
================================================================================
[2026-06-01T08:27:11.096+0000] {manager.py:997} INFO - 
================================================================================
DAG File Processing Stats

File Path                          PID  Runtime      # DAGs    # Errors  Last Runtime    Last Run               Last # of DB Queries
-------------------------------  -----  ---------  --------  ----------  --------------  -------------------  ----------------------
/opt/airflow/dags/pipeline.py       92  0.02s             0           1  0.13s           2026-06-01T08:26:40                       5
/opt/airflow/dags/exampledag.py     91  0.05s             0           1  0.12s           2026-06-01T08:26:40                       5
================================================================================
[2026-06-01T08:27:41.627+0000] {manager.py:997} INFO - 
================================================================================
DAG File Processing Stats

File Path                          PID  Runtime      # DAGs    # Errors  Last Runtime    Last Run               Last # of DB Queries
-------------------------------  -----  ---------  --------  ----------  --------------  -------------------  ----------------------
/opt/airflow/dags/pipeline.py       94  0.01s             0           1  0.32s           2026-06-01T08:27:11                       5
/opt/airflow/dags/exampledag.py     93  0.03s             0           1  0.31s           2026-06-01T08:27:11                       5
================================================================================
[2026-06-01T08:28:11.937+0000] {manager.py:997} INFO - 
================================================================================
DAG File Processing Stats

File Path                          PID  Runtime      # DAGs    # Errors  Last Runtime    Last Run               Last # of DB Queries
-------------------------------  -----  ---------  --------  ----------  --------------  -------------------  ----------------------
/opt/airflow/dags/pipeline.py       96  0.01s             0           1  0.15s           2026-06-01T08:27:41                       5
/opt/airflow/dags/exampledag.py     95  0.02s             0           1  0.15s           2026-06-01T08:27:41                       5
================================================================================
[2026-06-01T08:28:32.165+0000] {manager.py:821} INFO - Searching for files in /opt/airflow/dags
[2026-06-01T08:28:32.192+0000] {manager.py:824} INFO - There are 2 files in /opt/airflow/dags
[2026-06-01T08:28:42.314+0000] {manager.py:997} INFO - 
================================================================================
DAG File Processing Stats

File Path                          PID  Runtime      # DAGs    # Errors  Last Runtime    Last Run               Last # of DB Queries
-------------------------------  -----  ---------  --------  ----------  --------------  -------------------  ----------------------
/opt/airflow/dags/exampledag.py     97  0.03s             0           1  0.15s           2026-06-01T08:28:12                       5
/opt/airflow/dags/pipeline.py       98  0.01s             0           1  0.14s           2026-06-01T08:28:12                       5
================================================================================
[2026-06-01T08:29:12.613+0000] {manager.py:997} INFO - 
================================================================================
DAG File Processing Stats

File Path                          PID  Runtime      # DAGs    # Errors  Last Runtime    Last Run               Last # of DB Queries
-------------------------------  -----  ---------  --------  ----------  --------------  -------------------  ----------------------
/opt/airflow/dags/pipeline.py      100  0.01s             0           1  0.11s           2026-06-01T08:28:42                       5
/opt/airflow/dags/exampledag.py     99  0.02s             0           1  0.10s           2026-06-01T08:28:42                       5
================================================================================
[2026-06-01T08:29:42.849+0000] {manager.py:997} INFO - 
================================================================================
DAG File Processing Stats

File Path                          PID  Runtime      # DAGs    # Errors  Last Runtime    Last Run               Last # of DB Queries
-------------------------------  -----  ---------  --------  ----------  --------------  -------------------  ----------------------
/opt/airflow/dags/exampledag.py    101  0.02s             0           1  0.11s           2026-06-01T08:29:12                       5
/opt/airflow/dags/pipeline.py      102  0.01s             0           1  0.10s           2026-06-01T08:29:12                       5
================================================================================
[2026-06-01T08:30:13.148+0000] {manager.py:997} INFO - 
================================================================================
DAG File Processing Stats

File Path                          PID  Runtime      # DAGs    # Errors  Last Runtime    Last Run               Last # of DB Queries
-------------------------------  -----  ---------  --------  ----------  --------------  -------------------  ----------------------
/opt/airflow/dags/pipeline.py      104  0.01s             0           1  0.09s           2026-06-01T08:29:42                       5
/opt/airflow/dags/exampledag.py    103  0.02s             0           1  0.09s           2026-06-01T08:29:42                       5
================================================================================
[2026-06-01T08:30:43.424+0000] {manager.py:997} INFO - 
================================================================================
DAG File Processing Stats

File Path                          PID  Runtime      # DAGs    # Errors  Last Runtime    Last Run               Last # of DB Queries
-------------------------------  -----  ---------  --------  ----------  --------------  -------------------  ----------------------
/opt/airflow/dags/exampledag.py    105  0.02s             0           1  0.16s           2026-06-01T08:30:13                       5
/opt/airflow/dags/pipeline.py      106  0.01s             0           1  0.15s           2026-06-01T08:30:13                       5
================================================================================
[2026-06-01T08:31:13.764+0000] {manager.py:997} INFO - 
================================================================================
DAG File Processing Stats

File Path                          PID  Runtime      # DAGs    # Errors  Last Runtime    Last Run               Last # of DB Queries
-------------------------------  -----  ---------  --------  ----------  --------------  -------------------  ----------------------
/opt/airflow/dags/pipeline.py      108  0.01s             0           1  0.13s           2026-06-01T08:30:43                       5
/opt/airflow/dags/exampledag.py    107  0.03s             0           1  0.11s           2026-06-01T08:30:43                       5
================================================================================
[2026-06-01T08:31:44.012+0000] {manager.py:997} INFO - 
================================================================================
DAG File Processing Stats

File Path                          PID  Runtime      # DAGs    # Errors  Last Runtime    Last Run               Last # of DB Queries
-------------------------------  -----  ---------  --------  ----------  --------------  -------------------  ----------------------
/opt/airflow/dags/exampledag.py    109  0.03s             0           1  0.13s           2026-06-01T08:31:13                       5
/opt/airflow/dags/pipeline.py      110  0.01s             0           1  0.12s           2026-06-01T08:31:13                       5
================================================================================
[2026-06-01T08:32:14.345+0000] {manager.py:997} INFO - 
================================================================================
DAG File Processing Stats

File Path                          PID  Runtime      # DAGs    # Errors  Last Runtime    Last Run               Last # of DB Queries
-------------------------------  -----  ---------  --------  ----------  --------------  -------------------  ----------------------
/opt/airflow/dags/pipeline.py      112  0.01s             0           1  0.22s           2026-06-01T08:31:44                       5
/opt/airflow/dags/exampledag.py    111  0.02s             0           1  0.12s           2026-06-01T08:31:44                       5
================================================================================
[2026-06-01T08:32:44.698+0000] {manager.py:997} INFO - 
================================================================================
DAG File Processing Stats

File Path                          PID  Runtime      # DAGs    # Errors  Last Runtime    Last Run               Last # of DB Queries
-------------------------------  -----  ---------  --------  ----------  --------------  -------------------  ----------------------
/opt/airflow/dags/pipeline.py      114  0.01s             0           1  0.14s           2026-06-01T08:32:14                       5
/opt/airflow/dags/exampledag.py    113  0.02s             0           1  0.14s           2026-06-01T08:32:14                       5
================================================================================
[2026-06-01T08:33:14.771+0000] {manager.py:997} INFO - 
================================================================================
DAG File Processing Stats

File Path                        PID    Runtime      # DAGs    # Errors  Last Runtime    Last Run               Last # of DB Queries
-------------------------------  -----  ---------  --------  ----------  --------------  -------------------  ----------------------
/opt/airflow/dags/exampledag.py                           0           1  0.12s           2026-06-01T08:32:44                       5
/opt/airflow/dags/pipeline.py                             0           1  0.09s           2026-06-01T08:32:44                       5
================================================================================
[2026-06-01T08:33:32.379+0000] {manager.py:821} INFO - Searching for files in /opt/airflow/dags
[2026-06-01T08:33:32.405+0000] {manager.py:824} INFO - There are 2 files in /opt/airflow/dags
[2026-06-01T08:33:45.589+0000] {manager.py:997} INFO - 
================================================================================
DAG File Processing Stats

File Path                          PID  Runtime      # DAGs    # Errors  Last Runtime    Last Run               Last # of DB Queries
-------------------------------  -----  ---------  --------  ----------  --------------  -------------------  ----------------------
/opt/airflow/dags/pipeline.py      118  0.01s             0           1  0.13s           2026-06-01T08:33:15                       5
/opt/airflow/dags/exampledag.py    117  0.02s             0           1  0.12s           2026-06-01T08:33:15                       5
================================================================================
[2026-06-01T08:34:15.925+0000] {manager.py:997} INFO - 
================================================================================
DAG File Processing Stats

File Path                          PID  Runtime      # DAGs    # Errors  Last Runtime    Last Run               Last # of DB Queries
-------------------------------  -----  ---------  --------  ----------  --------------  -------------------  ----------------------
/opt/airflow/dags/pipeline.py      120  0.01s             0           1  0.13s           2026-06-01T08:33:45                       5
/opt/airflow/dags/exampledag.py    119  0.02s             0           1  0.10s           2026-06-01T08:33:45                       5
================================================================================
[2026-06-01T08:34:46.184+0000] {manager.py:997} INFO - 
================================================================================
DAG File Processing Stats

File Path                          PID  Runtime      # DAGs    # Errors  Last Runtime    Last Run               Last # of DB Queries
-------------------------------  -----  ---------  --------  ----------  --------------  -------------------  ----------------------
/opt/airflow/dags/exampledag.py    121  0.03s             0           1  0.18s           2026-06-01T08:34:16                       5
/opt/airflow/dags/pipeline.py      122  0.01s             0           1  0.15s           2026-06-01T08:34:16                       5
================================================================================
[2026-06-01T08:35:16.522+0000] {manager.py:997} INFO - 
================================================================================
DAG File Processing Stats

File Path                          PID  Runtime      # DAGs    # Errors  Last Runtime    Last Run               Last # of DB Queries
-------------------------------  -----  ---------  --------  ----------  --------------  -------------------  ----------------------
/opt/airflow/dags/pipeline.py      124  0.01s             0           1  0.11s           2026-06-01T08:34:46                       5
/opt/airflow/dags/exampledag.py    123  0.03s             0           1  0.07s           2026-06-01T08:34:46                       5
================================================================================
[2026-06-01T08:35:46.884+0000] {manager.py:997} INFO - 
================================================================================
DAG File Processing Stats

File Path                          PID  Runtime      # DAGs    # Errors  Last Runtime    Last Run               Last # of DB Queries
-------------------------------  -----  ---------  --------  ----------  --------------  -------------------  ----------------------
/opt/airflow/dags/pipeline.py      126  0.01s             0           1  0.12s           2026-06-01T08:35:16                       5
/opt/airflow/dags/exampledag.py    125  0.02s             0           1  0.12s           2026-06-01T08:35:16                       5
================================================================================
[2026-06-01T08:36:17.196+0000] {manager.py:997} INFO - 
================================================================================
DAG File Processing Stats

File Path                          PID  Runtime      # DAGs    # Errors  Last Runtime    Last Run               Last # of DB Queries
-------------------------------  -----  ---------  --------  ----------  --------------  -------------------  ----------------------
/opt/airflow/dags/pipeline.py      128  0.01s             0           1  0.10s           2026-06-01T08:35:46                       5
/opt/airflow/dags/exampledag.py    127  0.02s             0           1  0.08s           2026-06-01T08:35:46                       5
================================================================================
[2026-06-01T08:36:47.493+0000] {manager.py:997} INFO - 
================================================================================
DAG File Processing Stats

File Path                          PID  Runtime      # DAGs    # Errors  Last Runtime    Last Run               Last # of DB Queries
-------------------------------  -----  ---------  --------  ----------  --------------  -------------------  ----------------------
/opt/airflow/dags/exampledag.py    129  0.02s             0           1  0.10s           2026-06-01T08:36:17                       5
/opt/airflow/dags/pipeline.py      130  0.01s             0           1  0.09s           2026-06-01T08:36:17                       5
================================================================================
[2026-06-01T08:37:17.728+0000] {manager.py:997} INFO - 
================================================================================
DAG File Processing Stats

File Path                          PID  Runtime      # DAGs    # Errors  Last Runtime    Last Run               Last # of DB Queries
-------------------------------  -----  ---------  --------  ----------  --------------  -------------------  ----------------------
/opt/airflow/dags/exampledag.py    131  0.02s             0           1  0.14s           2026-06-01T08:36:47                       5
/opt/airflow/dags/pipeline.py      132  0.01s             0           1  0.12s           2026-06-01T08:36:47                       5
================================================================================
[2026-06-01T08:37:48.023+0000] {manager.py:997} INFO - 
================================================================================
DAG File Processing Stats

File Path                          PID  Runtime      # DAGs    # Errors  Last Runtime    Last Run               Last # of DB Queries
-------------------------------  -----  ---------  --------  ----------  --------------  -------------------  ----------------------
/opt/airflow/dags/exampledag.py    133  0.03s             0           1  0.15s           2026-06-01T08:37:17                       5
/opt/airflow/dags/pipeline.py      134  0.01s             0           1  0.12s           2026-06-01T08:37:17                       5
================================================================================
[2026-06-01T08:38:18.316+0000] {manager.py:997} INFO - 
================================================================================
DAG File Processing Stats

File Path                          PID  Runtime      # DAGs    # Errors  Last Runtime    Last Run               Last # of DB Queries
-------------------------------  -----  ---------  --------  ----------  --------------  -------------------  ----------------------
/opt/airflow/dags/pipeline.py      136  0.01s             0           1  0.10s           2026-06-01T08:37:48                       5
/opt/airflow/dags/exampledag.py    135  0.02s             0           1  0.09s           2026-06-01T08:37:48                       5
================================================================================
[2026-06-01T08:38:32.416+0000] {manager.py:821} INFO - Searching for files in /opt/airflow/dags
[2026-06-01T08:38:32.442+0000] {manager.py:824} INFO - There are 2 files in /opt/airflow/dags
[2026-06-01T08:38:48.586+0000] {manager.py:997} INFO - 
================================================================================
DAG File Processing Stats

File Path                          PID  Runtime      # DAGs    # Errors  Last Runtime    Last Run               Last # of DB Queries
-------------------------------  -----  ---------  --------  ----------  --------------  -------------------  ----------------------
/opt/airflow/dags/exampledag.py    137  0.02s             0           1  0.20s           2026-06-01T08:38:18                       5
/opt/airflow/dags/pipeline.py      138  0.01s             0           1  0.16s           2026-06-01T08:38:18                       5
================================================================================
[2026-06-01T08:39:18.810+0000] {manager.py:997} INFO - 
================================================================================
DAG File Processing Stats

File Path                          PID  Runtime      # DAGs    # Errors  Last Runtime    Last Run               Last # of DB Queries
-------------------------------  -----  ---------  --------  ----------  --------------  -------------------  ----------------------
/opt/airflow/dags/pipeline.py      140  0.01s             0           1  0.12s           2026-06-01T08:38:48                       5
/opt/airflow/dags/exampledag.py    139  0.02s             0           1  0.11s           2026-06-01T08:38:48                       5
================================================================================
[2026-06-01T08:39:49.114+0000] {manager.py:997} INFO - 
================================================================================
DAG File Processing Stats

File Path                          PID  Runtime      # DAGs    # Errors  Last Runtime    Last Run               Last # of DB Queries
-------------------------------  -----  ---------  --------  ----------  --------------  -------------------  ----------------------
/opt/airflow/dags/exampledag.py    141  0.02s             0           1  0.13s           2026-06-01T08:39:18                       5
/opt/airflow/dags/pipeline.py      142  0.01s             0           1  0.12s           2026-06-01T08:39:18                       5
================================================================================
[2026-06-01T08:40:19.443+0000] {manager.py:997} INFO - 
================================================================================
DAG File Processing Stats

File Path                          PID  Runtime      # DAGs    # Errors  Last Runtime    Last Run               Last # of DB Queries
-------------------------------  -----  ---------  --------  ----------  --------------  -------------------  ----------------------
/opt/airflow/dags/exampledag.py    143  0.04s             0           1  0.13s           2026-06-01T08:39:49                       5
/opt/airflow/dags/pipeline.py      144  0.01s             0           1  0.12s           2026-06-01T08:39:49                       5
================================================================================
[2026-06-01T08:40:49.989+0000] {manager.py:997} INFO - 
================================================================================
DAG File Processing Stats

File Path                          PID  Runtime      # DAGs    # Errors  Last Runtime    Last Run               Last # of DB Queries
-------------------------------  -----  ---------  --------  ----------  --------------  -------------------  ----------------------
/opt/airflow/dags/pipeline.py      146  0.01s             0           1  0.21s           2026-06-01T08:40:19                       5
/opt/airflow/dags/exampledag.py    145  0.03s             0           1  0.15s           2026-06-01T08:40:19                       5
================================================================================
[2026-06-01T08:41:20.399+0000] {manager.py:997} INFO - 
================================================================================
DAG File Processing Stats

File Path                          PID  Runtime      # DAGs    # Errors  Last Runtime    Last Run               Last # of DB Queries
-------------------------------  -----  ---------  --------  ----------  --------------  -------------------  ----------------------
/opt/airflow/dags/exampledag.py    147  0.03s             0           1  0.16s           2026-06-01T08:40:50                       5
/opt/airflow/dags/pipeline.py      148  0.01s             0           1  0.15s           2026-06-01T08:40:50                       5
================================================================================
[2026-06-01T08:41:50.917+0000] {manager.py:997} INFO - 
================================================================================
DAG File Processing Stats

File Path                          PID  Runtime      # DAGs    # Errors  Last Runtime    Last Run               Last # of DB Queries
-------------------------------  -----  ---------  --------  ----------  --------------  -------------------  ----------------------
/opt/airflow/dags/exampledag.py    149  0.03s             0           1  0.13s           2026-06-01T08:41:20                       5
/opt/airflow/dags/pipeline.py      150  0.01s             0           1  0.13s           2026-06-01T08:41:20                       5
================================================================================
[2026-06-01T08:42:21.504+0000] {manager.py:997} INFO - 
================================================================================
DAG File Processing Stats

File Path                          PID  Runtime      # DAGs    # Errors  Last Runtime    Last Run               Last # of DB Queries
-------------------------------  -----  ---------  --------  ----------  --------------  -------------------  ----------------------
/opt/airflow/dags/pipeline.py      152  0.01s             0           1  0.15s           2026-06-01T08:41:51                       5
/opt/airflow/dags/exampledag.py    151  0.03s             0           1  0.14s           2026-06-01T08:41:51                       5
================================================================================
[2026-06-01T08:42:52.005+0000] {manager.py:997} INFO - 
================================================================================
DAG File Processing Stats

File Path                          PID  Runtime      # DAGs    # Errors  Last Runtime    Last Run               Last # of DB Queries
-------------------------------  -----  ---------  --------  ----------  --------------  -------------------  ----------------------
/opt/airflow/dags/exampledag.py    153  0.04s             0           1  0.12s           2026-06-01T08:42:21                       5
/opt/airflow/dags/pipeline.py      154  0.01s             0           1  0.11s           2026-06-01T08:42:21                       5
================================================================================
[2026-06-01T08:43:22.407+0000] {manager.py:997} INFO - 
================================================================================
DAG File Processing Stats

File Path                          PID  Runtime      # DAGs    # Errors  Last Runtime    Last Run               Last # of DB Queries
-------------------------------  -----  ---------  --------  ----------  --------------  -------------------  ----------------------
/opt/airflow/dags/exampledag.py    155  0.03s             0           1  0.17s           2026-06-01T08:42:52                       5
/opt/airflow/dags/pipeline.py      156  0.01s             0           1  0.16s           2026-06-01T08:42:52                       5
================================================================================
[2026-06-01T08:43:32.833+0000] {manager.py:821} INFO - Searching for files in /opt/airflow/dags
[2026-06-01T08:43:32.906+0000] {manager.py:824} INFO - There are 2 files in /opt/airflow/dags
[2026-06-01T08:43:53.216+0000] {manager.py:997} INFO - 
================================================================================
DAG File Processing Stats

File Path                          PID  Runtime      # DAGs    # Errors  Last Runtime    Last Run               Last # of DB Queries
-------------------------------  -----  ---------  --------  ----------  --------------  -------------------  ----------------------
/opt/airflow/dags/exampledag.py    157  0.03s             0           1  0.26s           2026-06-01T08:43:22                       5
/opt/airflow/dags/pipeline.py      158  0.01s             0           1  0.25s           2026-06-01T08:43:22                       5
================================================================================
[2026-06-01T08:44:23.838+0000] {manager.py:997} INFO - 
================================================================================
DAG File Processing Stats

File Path                          PID  Runtime      # DAGs    # Errors  Last Runtime    Last Run               Last # of DB Queries
-------------------------------  -----  ---------  --------  ----------  --------------  -------------------  ----------------------
/opt/airflow/dags/exampledag.py    159  0.04s             0           1  0.18s           2026-06-01T08:43:53                       5
/opt/airflow/dags/pipeline.py      160  0.01s             0           1  0.14s           2026-06-01T08:43:53                       5
================================================================================
[2026-06-01T08:44:54.357+0000] {manager.py:997} INFO - 
================================================================================
DAG File Processing Stats

File Path                          PID  Runtime      # DAGs    # Errors  Last Runtime    Last Run               Last # of DB Queries
-------------------------------  -----  ---------  --------  ----------  --------------  -------------------  ----------------------
/opt/airflow/dags/exampledag.py    161  0.05s             0           1  0.14s           2026-06-01T08:44:23                       5
/opt/airflow/dags/pipeline.py      162  0.01s             0           1  0.14s           2026-06-01T08:44:23                       5
================================================================================
[2026-06-01T08:45:24.760+0000] {manager.py:997} INFO - 
================================================================================
DAG File Processing Stats

File Path                          PID  Runtime      # DAGs    # Errors  Last Runtime    Last Run               Last # of DB Queries
-------------------------------  -----  ---------  --------  ----------  --------------  -------------------  ----------------------
/opt/airflow/dags/exampledag.py    163  0.03s             0           1  0.22s           2026-06-01T08:44:54                       5
/opt/airflow/dags/pipeline.py      164  0.01s             0           1  0.17s           2026-06-01T08:44:54                       5
================================================================================
[2026-06-01T08:45:55.225+0000] {manager.py:997} INFO - 
================================================================================
DAG File Processing Stats

File Path                          PID  Runtime      # DAGs    # Errors  Last Runtime    Last Run               Last # of DB Queries
-------------------------------  -----  ---------  --------  ----------  --------------  -------------------  ----------------------
/opt/airflow/dags/exampledag.py    165  0.04s             0           1  0.26s           2026-06-01T08:45:24                       5
/opt/airflow/dags/pipeline.py      166  0.01s             0           1  0.24s           2026-06-01T08:45:24                       5
================================================================================
[2026-06-01T08:46:25.727+0000] {manager.py:997} INFO - 
================================================================================
DAG File Processing Stats

File Path                          PID  Runtime      # DAGs    # Errors  Last Runtime    Last Run               Last # of DB Queries
-------------------------------  -----  ---------  --------  ----------  --------------  -------------------  ----------------------
/opt/airflow/dags/exampledag.py    167  0.03s             0           1  0.18s           2026-06-01T08:45:55                       5
/opt/airflow/dags/pipeline.py      168  0.01s             0           1  0.17s           2026-06-01T08:45:55                       5
================================================================================
[2026-06-01T08:46:56.125+0000] {manager.py:997} INFO - 
================================================================================
DAG File Processing Stats

File Path                          PID  Runtime      # DAGs    # Errors  Last Runtime    Last Run               Last # of DB Queries
-------------------------------  -----  ---------  --------  ----------  --------------  -------------------  ----------------------
/opt/airflow/dags/exampledag.py    169  0.03s             0           1  0.17s           2026-06-01T08:46:25                       5
/opt/airflow/dags/pipeline.py      170  0.01s             0           1  0.16s           2026-06-01T08:46:25                       5
================================================================================
[2026-06-01T08:47:26.684+0000] {manager.py:997} INFO - 
================================================================================
DAG File Processing Stats

File Path                          PID  Runtime      # DAGs    # Errors  Last Runtime    Last Run               Last # of DB Queries
-------------------------------  -----  ---------  --------  ----------  --------------  -------------------  ----------------------
/opt/airflow/dags/exampledag.py    171  0.07s             0           1  0.14s           2026-06-01T08:46:56                       5
/opt/airflow/dags/pipeline.py      172  0.01s             0           1  0.14s           2026-06-01T08:46:56                       5
================================================================================
[2026-06-01T08:47:57.104+0000] {manager.py:997} INFO - 
================================================================================
DAG File Processing Stats

File Path                          PID  Runtime      # DAGs    # Errors  Last Runtime    Last Run               Last # of DB Queries
-------------------------------  -----  ---------  --------  ----------  --------------  -------------------  ----------------------
/opt/airflow/dags/exampledag.py    173  0.04s             0           1  0.23s           2026-06-01T08:47:26                       5
/opt/airflow/dags/pipeline.py      174  0.01s             0           1  0.18s           2026-06-01T08:47:26                       5
================================================================================
[2026-06-01T08:48:21.291+0000] {manager.py:465} INFO - Exiting gracefully upon receiving signal 15
